[2023-08-19 05:24:26,593] {taskinstance.py:1159} INFO - Dependencies all met for <TaskInstance: first_dag.first_task manual__2023-08-19T05:24:24.766903+00:00 [queued]>
[2023-08-19 05:24:26,614] {taskinstance.py:1159} INFO - Dependencies all met for <TaskInstance: first_dag.first_task manual__2023-08-19T05:24:24.766903+00:00 [queued]>
[2023-08-19 05:24:26,614] {taskinstance.py:1356} INFO - 
--------------------------------------------------------------------------------
[2023-08-19 05:24:26,614] {taskinstance.py:1357} INFO - Starting attempt 1 of 1
[2023-08-19 05:24:26,614] {taskinstance.py:1358} INFO - 
--------------------------------------------------------------------------------
[2023-08-19 05:24:26,642] {taskinstance.py:1377} INFO - Executing <Task(PythonOperator): first_task> on 2023-08-19 05:24:24.766903+00:00
[2023-08-19 05:24:26,652] {standard_task_runner.py:52} INFO - Started process 126 to run task
[2023-08-19 05:24:26,656] {standard_task_runner.py:79} INFO - Running: ['***', 'tasks', 'run', 'first_dag', 'first_task', 'manual__2023-08-19T05:24:24.766903+00:00', '--job-id', '4', '--raw', '--subdir', 'DAGS_FOLDER/first_dag.py', '--cfg-path', '/tmp/tmp7fn43khe', '--error-file', '/tmp/tmpaae3rs_s']
[2023-08-19 05:24:26,657] {standard_task_runner.py:80} INFO - Job 4: Subtask first_task
[2023-08-19 05:24:26,753] {task_command.py:369} INFO - Running <TaskInstance: first_dag.first_task manual__2023-08-19T05:24:24.766903+00:00 [running]> on host cf29b3920391
[2023-08-19 05:24:26,895] {taskinstance.py:1571} INFO - Exporting the following env vars:
AIRFLOW_CTX_DAG_OWNER=***
AIRFLOW_CTX_DAG_ID=first_dag
AIRFLOW_CTX_TASK_ID=first_task
AIRFLOW_CTX_EXECUTION_DATE=2023-08-19T05:24:24.766903+00:00
AIRFLOW_CTX_TRY_NUMBER=1
AIRFLOW_CTX_DAG_RUN_ID=manual__2023-08-19T05:24:24.766903+00:00
[2023-08-19 05:24:26,896] {python.py:173} INFO - Done. Returned value was: My First DAG from HevoData!
[2023-08-19 05:24:26,944] {taskinstance.py:1400} INFO - Marking task as SUCCESS. dag_id=first_dag, task_id=first_task, execution_date=20230819T052424, start_date=20230819T052426, end_date=20230819T052426
[2023-08-19 05:24:26,990] {local_task_job.py:156} INFO - Task exited with return code 0
[2023-08-19 05:24:27,046] {local_task_job.py:273} INFO - 0 downstream tasks scheduled from follow-on schedule check
