[2023-08-20T11:23:59.673+0000] {taskinstance.py:1159} INFO - Dependencies all met for dep_context=non-requeueable deps ti=<TaskInstance: download_rocket_launches.get_picture_task manual__2023-08-20T11:23:54.511186+00:00 [queued]>
[2023-08-20T11:23:59.680+0000] {taskinstance.py:1159} INFO - Dependencies all met for dep_context=requeueable deps ti=<TaskInstance: download_rocket_launches.get_picture_task manual__2023-08-20T11:23:54.511186+00:00 [queued]>
[2023-08-20T11:23:59.681+0000] {taskinstance.py:1361} INFO - Starting attempt 1 of 1
[2023-08-20T11:23:59.690+0000] {taskinstance.py:1382} INFO - Executing <Task(PythonOperator): get_picture_task> on 2023-08-20 11:23:54.511186+00:00
[2023-08-20T11:23:59.694+0000] {standard_task_runner.py:57} INFO - Started process 2785 to run task
[2023-08-20T11:23:59.695+0000] {standard_task_runner.py:84} INFO - Running: ['***', 'tasks', 'run', 'download_rocket_launches', 'get_picture_task', 'manual__2023-08-20T11:23:54.511186+00:00', '--job-id', '14', '--raw', '--subdir', 'DAGS_FOLDER/rocket_launch.py', '--cfg-path', '/tmp/tmpu6h6shza']
[2023-08-20T11:23:59.696+0000] {standard_task_runner.py:85} INFO - Job 14: Subtask get_picture_task
[2023-08-20T11:23:59.725+0000] {task_command.py:415} INFO - Running <TaskInstance: download_rocket_launches.get_picture_task manual__2023-08-20T11:23:54.511186+00:00 [running]> on host 83683a92d346
[2023-08-20T11:23:59.772+0000] {taskinstance.py:1660} INFO - Exporting env vars: AIRFLOW_CTX_DAG_OWNER='***' AIRFLOW_CTX_DAG_ID='download_rocket_launches' AIRFLOW_CTX_TASK_ID='get_picture_task' AIRFLOW_CTX_EXECUTION_DATE='2023-08-20T11:23:54.511186+00:00' AIRFLOW_CTX_TRY_NUMBER='1' AIRFLOW_CTX_DAG_RUN_ID='manual__2023-08-20T11:23:54.511186+00:00'
[2023-08-20T11:24:01.045+0000] {logging_mixin.py:151} INFO - Downloaded https://spacelaunchnow-prod-east.nyc3.digitaloceanspaces.com/media/launcher_images/long_march_4c_image_20230801172338.jpeg to /tmp/images/long_march_4c_image_20230801172338.jpeg
[2023-08-20T11:24:02.802+0000] {logging_mixin.py:151} INFO - Downloaded https://spacelaunchnow-prod-east.nyc3.digitaloceanspaces.com/media/launch_images/falcon2520925_image_20230710072935.png to /tmp/images/falcon2520925_image_20230710072935.png
[2023-08-20T11:24:04.620+0000] {logging_mixin.py:151} INFO - Downloaded https://spacelaunchnow-prod-east.nyc3.digitaloceanspaces.com/media/launch_images/falcon2520925_image_20230522082819.png to /tmp/images/falcon2520925_image_20230522082819.png
[2023-08-20T11:24:06.357+0000] {logging_mixin.py:151} INFO - Downloaded https://spacelaunchnow-prod-east.nyc3.digitaloceanspaces.com/media/launcher_images/soyuz_2.1a_image_20230805184309.jpg to /tmp/images/soyuz_2.1a_image_20230805184309.jpg
[2023-08-20T11:24:08.314+0000] {logging_mixin.py:151} INFO - Downloaded https://spacelaunchnow-prod-east.nyc3.digitaloceanspaces.com/media/launch_images/electron25202_image_20230728093235.jpg to /tmp/images/electron25202_image_20230728093235.jpg
[2023-08-20T11:24:09.912+0000] {logging_mixin.py:151} INFO - Downloaded https://spacelaunchnow-prod-east.nyc3.digitaloceanspaces.com/media/launch_images/falcon2520925_image_20220301071815.jpeg to /tmp/images/falcon2520925_image_20220301071815.jpeg
[2023-08-20T11:24:12.100+0000] {logging_mixin.py:151} INFO - Downloaded https://spacelaunchnow-prod-east.nyc3.digitaloceanspaces.com/media/launcher_images/h-iia2520202_image_20190222031201.jpeg to /tmp/images/h-iia2520202_image_20190222031201.jpeg
[2023-08-20T11:24:13.979+0000] {logging_mixin.py:151} INFO - Downloaded https://spacelaunchnow-prod-east.nyc3.digitaloceanspaces.com/media/launcher_images/falcon_9_image_20230807133459.jpeg to /tmp/images/falcon_9_image_20230807133459.jpeg
[2023-08-20T11:24:15.911+0000] {logging_mixin.py:151} INFO - Downloaded https://spacelaunchnow-prod-east.nyc3.digitaloceanspaces.com/media/launcher_images/atlas2520v2520551_image_20190224012316.jpeg to /tmp/images/atlas2520v2520551_image_20190224012316.jpeg
[2023-08-20T11:24:15.912+0000] {logging_mixin.py:151} INFO - None appears to be an invalid URL.
[2023-08-20T11:24:15.916+0000] {python.py:194} INFO - Done. Returned value was: None
[2023-08-20T11:24:15.934+0000] {taskinstance.py:1400} INFO - Marking task as SUCCESS. dag_id=download_rocket_launches, task_id=get_picture_task, execution_date=20230820T112354, start_date=20230820T112359, end_date=20230820T112415
[2023-08-20T11:24:15.971+0000] {local_task_job_runner.py:228} INFO - Task exited with return code 0
[2023-08-20T11:24:16.005+0000] {taskinstance.py:2784} INFO - 1 downstream tasks scheduled from follow-on schedule check
