[2023-08-19 05:23:09,395] {processor.py:153} INFO - Started process (PID=51) to work on /opt/airflow/dags/first_dag.py
[2023-08-19 05:23:09,396] {processor.py:641} INFO - Processing file /opt/airflow/dags/first_dag.py for tasks to queue
[2023-08-19 05:23:09,396] {logging_mixin.py:115} INFO - [2023-08-19 05:23:09,396] {dagbag.py:507} INFO - Filling up the DagBag from /opt/airflow/dags/first_dag.py
[2023-08-19 05:23:09,417] {processor.py:651} INFO - DAG(s) dict_keys(['first_dag']) retrieved from /opt/airflow/dags/first_dag.py
[2023-08-19 05:23:09,924] {logging_mixin.py:115} INFO - [2023-08-19 05:23:09,924] {manager.py:508} INFO - Created Permission View: can read on DAG:first_dag
[2023-08-19 05:23:09,940] {logging_mixin.py:115} INFO - [2023-08-19 05:23:09,939] {manager.py:508} INFO - Created Permission View: can delete on DAG:first_dag
[2023-08-19 05:23:09,963] {logging_mixin.py:115} INFO - [2023-08-19 05:23:09,963] {manager.py:508} INFO - Created Permission View: can edit on DAG:first_dag
[2023-08-19 05:23:09,964] {logging_mixin.py:115} INFO - [2023-08-19 05:23:09,964] {dag.py:2371} INFO - Sync 1 DAGs
[2023-08-19 05:23:09,983] {logging_mixin.py:115} INFO - [2023-08-19 05:23:09,983] {dag.py:2390} INFO - Creating ORM DAG for first_dag
[2023-08-19 05:23:10,013] {logging_mixin.py:115} INFO - [2023-08-19 05:23:10,013] {dag.py:2919} INFO - Setting next_dagrun for first_dag to 2023-08-17T08:00:00+00:00, run_after=2023-08-18T08:00:00+00:00
[2023-08-19 05:23:10,039] {processor.py:161} INFO - Processing /opt/airflow/dags/first_dag.py took 0.649 seconds
[2023-08-19 05:23:40,262] {processor.py:153} INFO - Started process (PID=113) to work on /opt/airflow/dags/first_dag.py
[2023-08-19 05:23:40,268] {processor.py:641} INFO - Processing file /opt/airflow/dags/first_dag.py for tasks to queue
[2023-08-19 05:23:40,270] {logging_mixin.py:115} INFO - [2023-08-19 05:23:40,269] {dagbag.py:507} INFO - Filling up the DagBag from /opt/airflow/dags/first_dag.py
[2023-08-19 05:23:40,277] {processor.py:651} INFO - DAG(s) dict_keys(['first_dag']) retrieved from /opt/airflow/dags/first_dag.py
[2023-08-19 05:23:40,302] {logging_mixin.py:115} INFO - [2023-08-19 05:23:40,302] {dag.py:2371} INFO - Sync 1 DAGs
[2023-08-19 05:23:40,329] {logging_mixin.py:115} INFO - [2023-08-19 05:23:40,329] {dag.py:2919} INFO - Setting next_dagrun for first_dag to 2023-08-17T08:00:00+00:00, run_after=2023-08-18T08:00:00+00:00
[2023-08-19 05:23:40,481] {processor.py:161} INFO - Processing /opt/airflow/dags/first_dag.py took 0.222 seconds
[2023-08-19 05:24:11,028] {processor.py:153} INFO - Started process (PID=166) to work on /opt/airflow/dags/first_dag.py
[2023-08-19 05:24:11,033] {processor.py:641} INFO - Processing file /opt/airflow/dags/first_dag.py for tasks to queue
[2023-08-19 05:24:11,034] {logging_mixin.py:115} INFO - [2023-08-19 05:24:11,034] {dagbag.py:507} INFO - Filling up the DagBag from /opt/airflow/dags/first_dag.py
[2023-08-19 05:24:11,046] {processor.py:651} INFO - DAG(s) dict_keys(['first_dag']) retrieved from /opt/airflow/dags/first_dag.py
[2023-08-19 05:24:11,073] {logging_mixin.py:115} INFO - [2023-08-19 05:24:11,073] {dag.py:2371} INFO - Sync 1 DAGs
[2023-08-19 05:24:11,096] {logging_mixin.py:115} INFO - [2023-08-19 05:24:11,096] {dag.py:2919} INFO - Setting next_dagrun for first_dag to 2023-08-17T08:00:00+00:00, run_after=2023-08-18T08:00:00+00:00
[2023-08-19 05:24:11,214] {processor.py:161} INFO - Processing /opt/airflow/dags/first_dag.py took 0.194 seconds
[2023-08-19 05:24:41,273] {processor.py:153} INFO - Started process (PID=232) to work on /opt/airflow/dags/first_dag.py
[2023-08-19 05:24:41,274] {processor.py:641} INFO - Processing file /opt/airflow/dags/first_dag.py for tasks to queue
[2023-08-19 05:24:41,274] {logging_mixin.py:115} INFO - [2023-08-19 05:24:41,274] {dagbag.py:507} INFO - Filling up the DagBag from /opt/airflow/dags/first_dag.py
[2023-08-19 05:24:41,280] {processor.py:651} INFO - DAG(s) dict_keys(['first_dag']) retrieved from /opt/airflow/dags/first_dag.py
[2023-08-19 05:24:41,301] {logging_mixin.py:115} INFO - [2023-08-19 05:24:41,301] {dag.py:2371} INFO - Sync 1 DAGs
[2023-08-19 05:24:41,323] {logging_mixin.py:115} INFO - [2023-08-19 05:24:41,323] {dag.py:2919} INFO - Setting next_dagrun for first_dag to 2023-08-18T08:00:00+00:00, run_after=2023-08-19T08:00:00+00:00
[2023-08-19 05:24:41,439] {processor.py:161} INFO - Processing /opt/airflow/dags/first_dag.py took 0.169 seconds
[2023-08-19 05:25:12,123] {processor.py:153} INFO - Started process (PID=285) to work on /opt/airflow/dags/first_dag.py
[2023-08-19 05:25:12,124] {processor.py:641} INFO - Processing file /opt/airflow/dags/first_dag.py for tasks to queue
[2023-08-19 05:25:12,125] {logging_mixin.py:115} INFO - [2023-08-19 05:25:12,124] {dagbag.py:507} INFO - Filling up the DagBag from /opt/airflow/dags/first_dag.py
[2023-08-19 05:25:12,132] {processor.py:651} INFO - DAG(s) dict_keys(['first_dag']) retrieved from /opt/airflow/dags/first_dag.py
[2023-08-19 05:25:12,206] {logging_mixin.py:115} INFO - [2023-08-19 05:25:12,206] {dag.py:2371} INFO - Sync 1 DAGs
[2023-08-19 05:25:12,232] {logging_mixin.py:115} INFO - [2023-08-19 05:25:12,232] {dag.py:2919} INFO - Setting next_dagrun for first_dag to 2023-08-18T08:00:00+00:00, run_after=2023-08-19T08:00:00+00:00
[2023-08-19 05:25:12,353] {processor.py:161} INFO - Processing /opt/airflow/dags/first_dag.py took 0.235 seconds
[2023-08-19 05:25:43,018] {processor.py:153} INFO - Started process (PID=347) to work on /opt/airflow/dags/first_dag.py
[2023-08-19 05:25:43,019] {processor.py:641} INFO - Processing file /opt/airflow/dags/first_dag.py for tasks to queue
[2023-08-19 05:25:43,019] {logging_mixin.py:115} INFO - [2023-08-19 05:25:43,019] {dagbag.py:507} INFO - Filling up the DagBag from /opt/airflow/dags/first_dag.py
[2023-08-19 05:25:43,026] {processor.py:651} INFO - DAG(s) dict_keys(['first_dag']) retrieved from /opt/airflow/dags/first_dag.py
[2023-08-19 05:25:43,070] {logging_mixin.py:115} INFO - [2023-08-19 05:25:43,070] {dag.py:2371} INFO - Sync 1 DAGs
[2023-08-19 05:25:43,121] {logging_mixin.py:115} INFO - [2023-08-19 05:25:43,120] {dag.py:2919} INFO - Setting next_dagrun for first_dag to 2023-08-18T08:00:00+00:00, run_after=2023-08-19T08:00:00+00:00
[2023-08-19 05:25:43,272] {processor.py:161} INFO - Processing /opt/airflow/dags/first_dag.py took 0.259 seconds
[2023-08-19 05:26:13,418] {processor.py:153} INFO - Started process (PID=401) to work on /opt/airflow/dags/first_dag.py
[2023-08-19 05:26:13,419] {processor.py:641} INFO - Processing file /opt/airflow/dags/first_dag.py for tasks to queue
[2023-08-19 05:26:13,420] {logging_mixin.py:115} INFO - [2023-08-19 05:26:13,420] {dagbag.py:507} INFO - Filling up the DagBag from /opt/airflow/dags/first_dag.py
[2023-08-19 05:26:13,433] {processor.py:651} INFO - DAG(s) dict_keys(['first_dag']) retrieved from /opt/airflow/dags/first_dag.py
[2023-08-19 05:26:13,484] {logging_mixin.py:115} INFO - [2023-08-19 05:26:13,484] {dag.py:2371} INFO - Sync 1 DAGs
[2023-08-19 05:26:13,526] {logging_mixin.py:115} INFO - [2023-08-19 05:26:13,525] {dag.py:2919} INFO - Setting next_dagrun for first_dag to 2023-08-18T08:00:00+00:00, run_after=2023-08-19T08:00:00+00:00
[2023-08-19 05:26:13,675] {processor.py:161} INFO - Processing /opt/airflow/dags/first_dag.py took 0.263 seconds
[2023-08-19 05:26:44,144] {processor.py:153} INFO - Started process (PID=462) to work on /opt/airflow/dags/first_dag.py
[2023-08-19 05:26:44,149] {processor.py:641} INFO - Processing file /opt/airflow/dags/first_dag.py for tasks to queue
[2023-08-19 05:26:44,151] {logging_mixin.py:115} INFO - [2023-08-19 05:26:44,150] {dagbag.py:507} INFO - Filling up the DagBag from /opt/airflow/dags/first_dag.py
[2023-08-19 05:26:44,161] {processor.py:651} INFO - DAG(s) dict_keys(['first_dag']) retrieved from /opt/airflow/dags/first_dag.py
[2023-08-19 05:26:44,185] {logging_mixin.py:115} INFO - [2023-08-19 05:26:44,185] {dag.py:2371} INFO - Sync 1 DAGs
[2023-08-19 05:26:44,209] {logging_mixin.py:115} INFO - [2023-08-19 05:26:44,209] {dag.py:2919} INFO - Setting next_dagrun for first_dag to 2023-08-18T08:00:00+00:00, run_after=2023-08-19T08:00:00+00:00
[2023-08-19 05:26:44,325] {processor.py:161} INFO - Processing /opt/airflow/dags/first_dag.py took 0.189 seconds
[2023-08-19 05:27:14,436] {processor.py:153} INFO - Started process (PID=515) to work on /opt/airflow/dags/first_dag.py
[2023-08-19 05:27:14,441] {processor.py:641} INFO - Processing file /opt/airflow/dags/first_dag.py for tasks to queue
[2023-08-19 05:27:14,442] {logging_mixin.py:115} INFO - [2023-08-19 05:27:14,441] {dagbag.py:507} INFO - Filling up the DagBag from /opt/airflow/dags/first_dag.py
[2023-08-19 05:27:14,448] {processor.py:651} INFO - DAG(s) dict_keys(['first_dag']) retrieved from /opt/airflow/dags/first_dag.py
[2023-08-19 05:27:14,471] {logging_mixin.py:115} INFO - [2023-08-19 05:27:14,471] {dag.py:2371} INFO - Sync 1 DAGs
[2023-08-19 05:27:14,498] {logging_mixin.py:115} INFO - [2023-08-19 05:27:14,498] {dag.py:2919} INFO - Setting next_dagrun for first_dag to 2023-08-18T08:00:00+00:00, run_after=2023-08-19T08:00:00+00:00
[2023-08-19 05:27:14,681] {processor.py:161} INFO - Processing /opt/airflow/dags/first_dag.py took 0.248 seconds
[2023-08-19 05:27:44,882] {processor.py:153} INFO - Started process (PID=577) to work on /opt/airflow/dags/first_dag.py
[2023-08-19 05:27:44,884] {processor.py:641} INFO - Processing file /opt/airflow/dags/first_dag.py for tasks to queue
[2023-08-19 05:27:44,885] {logging_mixin.py:115} INFO - [2023-08-19 05:27:44,885] {dagbag.py:507} INFO - Filling up the DagBag from /opt/airflow/dags/first_dag.py
[2023-08-19 05:27:44,897] {processor.py:651} INFO - DAG(s) dict_keys(['first_dag']) retrieved from /opt/airflow/dags/first_dag.py
[2023-08-19 05:27:44,922] {logging_mixin.py:115} INFO - [2023-08-19 05:27:44,922] {dag.py:2371} INFO - Sync 1 DAGs
[2023-08-19 05:27:44,944] {logging_mixin.py:115} INFO - [2023-08-19 05:27:44,944] {dag.py:2919} INFO - Setting next_dagrun for first_dag to 2023-08-18T08:00:00+00:00, run_after=2023-08-19T08:00:00+00:00
[2023-08-19 05:27:45,064] {processor.py:161} INFO - Processing /opt/airflow/dags/first_dag.py took 0.188 seconds
[2023-08-19 05:28:15,321] {processor.py:153} INFO - Started process (PID=631) to work on /opt/airflow/dags/first_dag.py
[2023-08-19 05:28:15,322] {processor.py:641} INFO - Processing file /opt/airflow/dags/first_dag.py for tasks to queue
[2023-08-19 05:28:15,322] {logging_mixin.py:115} INFO - [2023-08-19 05:28:15,322] {dagbag.py:507} INFO - Filling up the DagBag from /opt/airflow/dags/first_dag.py
[2023-08-19 05:28:15,328] {processor.py:651} INFO - DAG(s) dict_keys(['first_dag']) retrieved from /opt/airflow/dags/first_dag.py
[2023-08-19 05:28:15,354] {logging_mixin.py:115} INFO - [2023-08-19 05:28:15,354] {dag.py:2371} INFO - Sync 1 DAGs
[2023-08-19 05:28:15,492] {logging_mixin.py:115} INFO - [2023-08-19 05:28:15,492] {dag.py:2919} INFO - Setting next_dagrun for first_dag to 2023-08-18T08:00:00+00:00, run_after=2023-08-19T08:00:00+00:00
[2023-08-19 05:28:15,502] {processor.py:161} INFO - Processing /opt/airflow/dags/first_dag.py took 0.186 seconds
[2023-08-19 05:28:45,891] {processor.py:153} INFO - Started process (PID=692) to work on /opt/airflow/dags/first_dag.py
[2023-08-19 05:28:45,897] {processor.py:641} INFO - Processing file /opt/airflow/dags/first_dag.py for tasks to queue
[2023-08-19 05:28:45,898] {logging_mixin.py:115} INFO - [2023-08-19 05:28:45,898] {dagbag.py:507} INFO - Filling up the DagBag from /opt/airflow/dags/first_dag.py
[2023-08-19 05:28:45,909] {processor.py:651} INFO - DAG(s) dict_keys(['first_dag']) retrieved from /opt/airflow/dags/first_dag.py
[2023-08-19 05:28:45,934] {logging_mixin.py:115} INFO - [2023-08-19 05:28:45,934] {dag.py:2371} INFO - Sync 1 DAGs
[2023-08-19 05:28:46,079] {logging_mixin.py:115} INFO - [2023-08-19 05:28:46,079] {dag.py:2919} INFO - Setting next_dagrun for first_dag to 2023-08-18T08:00:00+00:00, run_after=2023-08-19T08:00:00+00:00
[2023-08-19 05:28:46,096] {processor.py:161} INFO - Processing /opt/airflow/dags/first_dag.py took 0.212 seconds
[2023-08-19T05:32:06.829+0000] {processor.py:157} INFO - Started process (PID=41) to work on /opt/airflow/dags/first_dag.py
[2023-08-19T05:32:06.830+0000] {processor.py:829} INFO - Processing file /opt/airflow/dags/first_dag.py for tasks to queue
[2023-08-19T05:32:06.832+0000] {logging_mixin.py:151} INFO - [2023-08-19T05:32:06.832+0000] {dagbag.py:539} INFO - Filling up the DagBag from /opt/airflow/dags/first_dag.py
[2023-08-19T05:32:06.862+0000] {processor.py:839} INFO - DAG(s) dict_keys(['first_dag']) retrieved from /opt/airflow/dags/first_dag.py
[2023-08-19T05:32:07.208+0000] {logging_mixin.py:151} INFO - [2023-08-19T05:32:07.208+0000] {dag.py:2907} INFO - Sync 1 DAGs
[2023-08-19T05:32:07.226+0000] {logging_mixin.py:151} INFO - [2023-08-19T05:32:07.226+0000] {dag.py:3677} INFO - Setting next_dagrun for first_dag to 2023-08-18T08:00:00+00:00, run_after=2023-08-19T08:00:00+00:00
[2023-08-19T05:32:07.246+0000] {processor.py:179} INFO - Processing /opt/airflow/dags/first_dag.py took 0.420 seconds
[2023-08-19T05:32:37.490+0000] {processor.py:157} INFO - Started process (PID=56) to work on /opt/airflow/dags/first_dag.py
[2023-08-19T05:32:37.492+0000] {processor.py:829} INFO - Processing file /opt/airflow/dags/first_dag.py for tasks to queue
[2023-08-19T05:32:37.499+0000] {logging_mixin.py:151} INFO - [2023-08-19T05:32:37.498+0000] {dagbag.py:539} INFO - Filling up the DagBag from /opt/airflow/dags/first_dag.py
[2023-08-19T05:32:37.514+0000] {processor.py:839} INFO - DAG(s) dict_keys(['first_dag']) retrieved from /opt/airflow/dags/first_dag.py
[2023-08-19T05:32:37.561+0000] {logging_mixin.py:151} INFO - [2023-08-19T05:32:37.560+0000] {dag.py:2907} INFO - Sync 1 DAGs
[2023-08-19T05:32:37.841+0000] {logging_mixin.py:151} INFO - [2023-08-19T05:32:37.840+0000] {dag.py:3677} INFO - Setting next_dagrun for first_dag to 2023-08-18T08:00:00+00:00, run_after=2023-08-19T08:00:00+00:00
[2023-08-19T05:32:37.862+0000] {processor.py:179} INFO - Processing /opt/airflow/dags/first_dag.py took 0.380 seconds
[2023-08-19T05:33:08.079+0000] {processor.py:157} INFO - Started process (PID=78) to work on /opt/airflow/dags/first_dag.py
[2023-08-19T05:33:08.079+0000] {processor.py:829} INFO - Processing file /opt/airflow/dags/first_dag.py for tasks to queue
[2023-08-19T05:33:08.081+0000] {logging_mixin.py:151} INFO - [2023-08-19T05:33:08.081+0000] {dagbag.py:539} INFO - Filling up the DagBag from /opt/airflow/dags/first_dag.py
[2023-08-19T05:33:08.091+0000] {processor.py:839} INFO - DAG(s) dict_keys(['first_dag']) retrieved from /opt/airflow/dags/first_dag.py
[2023-08-19T05:33:08.108+0000] {logging_mixin.py:151} INFO - [2023-08-19T05:33:08.108+0000] {dag.py:2907} INFO - Sync 1 DAGs
[2023-08-19T05:33:08.227+0000] {logging_mixin.py:151} INFO - [2023-08-19T05:33:08.227+0000] {dag.py:3677} INFO - Setting next_dagrun for first_dag to 2023-08-18T08:00:00+00:00, run_after=2023-08-19T08:00:00+00:00
[2023-08-19T05:33:08.245+0000] {processor.py:179} INFO - Processing /opt/airflow/dags/first_dag.py took 0.168 seconds
[2023-08-19T05:33:38.321+0000] {processor.py:157} INFO - Started process (PID=93) to work on /opt/airflow/dags/first_dag.py
[2023-08-19T05:33:38.326+0000] {processor.py:829} INFO - Processing file /opt/airflow/dags/first_dag.py for tasks to queue
[2023-08-19T05:33:38.329+0000] {logging_mixin.py:151} INFO - [2023-08-19T05:33:38.329+0000] {dagbag.py:539} INFO - Filling up the DagBag from /opt/airflow/dags/first_dag.py
[2023-08-19T05:33:38.340+0000] {processor.py:839} INFO - DAG(s) dict_keys(['first_dag']) retrieved from /opt/airflow/dags/first_dag.py
[2023-08-19T05:33:38.540+0000] {logging_mixin.py:151} INFO - [2023-08-19T05:33:38.539+0000] {dag.py:2907} INFO - Sync 1 DAGs
[2023-08-19T05:33:38.564+0000] {logging_mixin.py:151} INFO - [2023-08-19T05:33:38.564+0000] {dag.py:3677} INFO - Setting next_dagrun for first_dag to 2023-08-18T08:00:00+00:00, run_after=2023-08-19T08:00:00+00:00
[2023-08-19T05:33:38.581+0000] {processor.py:179} INFO - Processing /opt/airflow/dags/first_dag.py took 0.265 seconds
[2023-08-19T05:34:08.696+0000] {processor.py:157} INFO - Started process (PID=115) to work on /opt/airflow/dags/first_dag.py
[2023-08-19T05:34:08.702+0000] {processor.py:829} INFO - Processing file /opt/airflow/dags/first_dag.py for tasks to queue
[2023-08-19T05:34:08.710+0000] {logging_mixin.py:151} INFO - [2023-08-19T05:34:08.710+0000] {dagbag.py:539} INFO - Filling up the DagBag from /opt/airflow/dags/first_dag.py
[2023-08-19T05:34:08.998+0000] {processor.py:839} INFO - DAG(s) dict_keys(['first_dag']) retrieved from /opt/airflow/dags/first_dag.py
[2023-08-19T05:34:09.031+0000] {logging_mixin.py:151} INFO - [2023-08-19T05:34:09.031+0000] {dag.py:2907} INFO - Sync 1 DAGs
[2023-08-19T05:34:09.067+0000] {logging_mixin.py:151} INFO - [2023-08-19T05:34:09.067+0000] {dag.py:3677} INFO - Setting next_dagrun for first_dag to 2023-08-18T08:00:00+00:00, run_after=2023-08-19T08:00:00+00:00
[2023-08-19T05:34:09.098+0000] {processor.py:179} INFO - Processing /opt/airflow/dags/first_dag.py took 0.406 seconds
[2023-08-19T05:34:39.460+0000] {processor.py:157} INFO - Started process (PID=130) to work on /opt/airflow/dags/first_dag.py
[2023-08-19T05:34:39.462+0000] {processor.py:829} INFO - Processing file /opt/airflow/dags/first_dag.py for tasks to queue
[2023-08-19T05:34:39.464+0000] {logging_mixin.py:151} INFO - [2023-08-19T05:34:39.463+0000] {dagbag.py:539} INFO - Filling up the DagBag from /opt/airflow/dags/first_dag.py
[2023-08-19T05:34:39.487+0000] {processor.py:839} INFO - DAG(s) dict_keys(['first_dag']) retrieved from /opt/airflow/dags/first_dag.py
[2023-08-19T05:34:39.528+0000] {logging_mixin.py:151} INFO - [2023-08-19T05:34:39.528+0000] {dag.py:2907} INFO - Sync 1 DAGs
[2023-08-19T05:34:39.563+0000] {logging_mixin.py:151} INFO - [2023-08-19T05:34:39.563+0000] {dag.py:3677} INFO - Setting next_dagrun for first_dag to 2023-08-18T08:00:00+00:00, run_after=2023-08-19T08:00:00+00:00
[2023-08-19T05:34:39.597+0000] {processor.py:179} INFO - Processing /opt/airflow/dags/first_dag.py took 0.143 seconds
[2023-08-19T05:35:09.704+0000] {processor.py:157} INFO - Started process (PID=145) to work on /opt/airflow/dags/first_dag.py
[2023-08-19T05:35:09.707+0000] {processor.py:829} INFO - Processing file /opt/airflow/dags/first_dag.py for tasks to queue
[2023-08-19T05:35:09.708+0000] {logging_mixin.py:151} INFO - [2023-08-19T05:35:09.708+0000] {dagbag.py:539} INFO - Filling up the DagBag from /opt/airflow/dags/first_dag.py
[2023-08-19T05:35:09.716+0000] {processor.py:839} INFO - DAG(s) dict_keys(['first_dag']) retrieved from /opt/airflow/dags/first_dag.py
[2023-08-19T05:35:09.743+0000] {logging_mixin.py:151} INFO - [2023-08-19T05:35:09.742+0000] {dag.py:2907} INFO - Sync 1 DAGs
[2023-08-19T05:35:09.766+0000] {logging_mixin.py:151} INFO - [2023-08-19T05:35:09.765+0000] {dag.py:3677} INFO - Setting next_dagrun for first_dag to 2023-08-18T08:00:00+00:00, run_after=2023-08-19T08:00:00+00:00
[2023-08-19T05:35:09.783+0000] {processor.py:179} INFO - Processing /opt/airflow/dags/first_dag.py took 0.083 seconds
[2023-08-19T05:35:39.954+0000] {processor.py:157} INFO - Started process (PID=160) to work on /opt/airflow/dags/first_dag.py
[2023-08-19T05:35:39.955+0000] {processor.py:829} INFO - Processing file /opt/airflow/dags/first_dag.py for tasks to queue
[2023-08-19T05:35:39.957+0000] {logging_mixin.py:151} INFO - [2023-08-19T05:35:39.957+0000] {dagbag.py:539} INFO - Filling up the DagBag from /opt/airflow/dags/first_dag.py
[2023-08-19T05:35:39.967+0000] {processor.py:839} INFO - DAG(s) dict_keys(['first_dag']) retrieved from /opt/airflow/dags/first_dag.py
[2023-08-19T05:35:39.998+0000] {logging_mixin.py:151} INFO - [2023-08-19T05:35:39.997+0000] {dag.py:2907} INFO - Sync 1 DAGs
[2023-08-19T05:35:40.025+0000] {logging_mixin.py:151} INFO - [2023-08-19T05:35:40.024+0000] {dag.py:3677} INFO - Setting next_dagrun for first_dag to 2023-08-18T08:00:00+00:00, run_after=2023-08-19T08:00:00+00:00
[2023-08-19T05:35:40.040+0000] {processor.py:179} INFO - Processing /opt/airflow/dags/first_dag.py took 0.090 seconds
[2023-08-19T05:36:10.223+0000] {processor.py:157} INFO - Started process (PID=182) to work on /opt/airflow/dags/first_dag.py
[2023-08-19T05:36:10.225+0000] {processor.py:829} INFO - Processing file /opt/airflow/dags/first_dag.py for tasks to queue
[2023-08-19T05:36:10.231+0000] {logging_mixin.py:151} INFO - [2023-08-19T05:36:10.230+0000] {dagbag.py:539} INFO - Filling up the DagBag from /opt/airflow/dags/first_dag.py
[2023-08-19T05:36:10.249+0000] {processor.py:839} INFO - DAG(s) dict_keys(['first_dag']) retrieved from /opt/airflow/dags/first_dag.py
[2023-08-19T05:36:10.277+0000] {logging_mixin.py:151} INFO - [2023-08-19T05:36:10.277+0000] {dag.py:2907} INFO - Sync 1 DAGs
[2023-08-19T05:36:10.300+0000] {logging_mixin.py:151} INFO - [2023-08-19T05:36:10.300+0000] {dag.py:3677} INFO - Setting next_dagrun for first_dag to 2023-08-18T08:00:00+00:00, run_after=2023-08-19T08:00:00+00:00
[2023-08-19T05:36:10.313+0000] {processor.py:179} INFO - Processing /opt/airflow/dags/first_dag.py took 0.100 seconds
[2023-08-19T05:36:40.473+0000] {processor.py:157} INFO - Started process (PID=197) to work on /opt/airflow/dags/first_dag.py
[2023-08-19T05:36:40.477+0000] {processor.py:829} INFO - Processing file /opt/airflow/dags/first_dag.py for tasks to queue
[2023-08-19T05:36:40.479+0000] {logging_mixin.py:151} INFO - [2023-08-19T05:36:40.478+0000] {dagbag.py:539} INFO - Filling up the DagBag from /opt/airflow/dags/first_dag.py
[2023-08-19T05:36:40.491+0000] {processor.py:839} INFO - DAG(s) dict_keys(['first_dag']) retrieved from /opt/airflow/dags/first_dag.py
[2023-08-19T05:36:40.547+0000] {logging_mixin.py:151} INFO - [2023-08-19T05:36:40.547+0000] {dag.py:2907} INFO - Sync 1 DAGs
[2023-08-19T05:36:40.570+0000] {logging_mixin.py:151} INFO - [2023-08-19T05:36:40.570+0000] {dag.py:3677} INFO - Setting next_dagrun for first_dag to 2023-08-18T08:00:00+00:00, run_after=2023-08-19T08:00:00+00:00
[2023-08-19T05:36:40.585+0000] {processor.py:179} INFO - Processing /opt/airflow/dags/first_dag.py took 0.116 seconds
[2023-08-19T05:37:10.784+0000] {processor.py:157} INFO - Started process (PID=219) to work on /opt/airflow/dags/first_dag.py
[2023-08-19T05:37:10.785+0000] {processor.py:829} INFO - Processing file /opt/airflow/dags/first_dag.py for tasks to queue
[2023-08-19T05:37:10.788+0000] {logging_mixin.py:151} INFO - [2023-08-19T05:37:10.787+0000] {dagbag.py:539} INFO - Filling up the DagBag from /opt/airflow/dags/first_dag.py
[2023-08-19T05:37:10.801+0000] {processor.py:839} INFO - DAG(s) dict_keys(['first_dag']) retrieved from /opt/airflow/dags/first_dag.py
[2023-08-19T05:37:10.829+0000] {logging_mixin.py:151} INFO - [2023-08-19T05:37:10.828+0000] {dag.py:2907} INFO - Sync 1 DAGs
[2023-08-19T05:37:10.856+0000] {logging_mixin.py:151} INFO - [2023-08-19T05:37:10.856+0000] {dag.py:3677} INFO - Setting next_dagrun for first_dag to 2023-08-18T08:00:00+00:00, run_after=2023-08-19T08:00:00+00:00
[2023-08-19T05:37:10.876+0000] {processor.py:179} INFO - Processing /opt/airflow/dags/first_dag.py took 0.094 seconds
[2023-08-19T05:37:41.063+0000] {processor.py:157} INFO - Started process (PID=234) to work on /opt/airflow/dags/first_dag.py
[2023-08-19T05:37:41.064+0000] {processor.py:829} INFO - Processing file /opt/airflow/dags/first_dag.py for tasks to queue
[2023-08-19T05:37:41.066+0000] {logging_mixin.py:151} INFO - [2023-08-19T05:37:41.065+0000] {dagbag.py:539} INFO - Filling up the DagBag from /opt/airflow/dags/first_dag.py
[2023-08-19T05:37:41.081+0000] {processor.py:839} INFO - DAG(s) dict_keys(['first_dag']) retrieved from /opt/airflow/dags/first_dag.py
[2023-08-19T05:37:41.106+0000] {logging_mixin.py:151} INFO - [2023-08-19T05:37:41.106+0000] {dag.py:2907} INFO - Sync 1 DAGs
[2023-08-19T05:37:41.129+0000] {logging_mixin.py:151} INFO - [2023-08-19T05:37:41.129+0000] {dag.py:3677} INFO - Setting next_dagrun for first_dag to 2023-08-18T08:00:00+00:00, run_after=2023-08-19T08:00:00+00:00
[2023-08-19T05:37:41.148+0000] {processor.py:179} INFO - Processing /opt/airflow/dags/first_dag.py took 0.089 seconds
[2023-08-19T05:38:11.357+0000] {processor.py:157} INFO - Started process (PID=249) to work on /opt/airflow/dags/first_dag.py
[2023-08-19T05:38:11.358+0000] {processor.py:829} INFO - Processing file /opt/airflow/dags/first_dag.py for tasks to queue
[2023-08-19T05:38:11.360+0000] {logging_mixin.py:151} INFO - [2023-08-19T05:38:11.360+0000] {dagbag.py:539} INFO - Filling up the DagBag from /opt/airflow/dags/first_dag.py
[2023-08-19T05:38:11.374+0000] {processor.py:839} INFO - DAG(s) dict_keys(['first_dag']) retrieved from /opt/airflow/dags/first_dag.py
[2023-08-19T05:38:11.400+0000] {logging_mixin.py:151} INFO - [2023-08-19T05:38:11.400+0000] {dag.py:2907} INFO - Sync 1 DAGs
[2023-08-19T05:38:11.428+0000] {logging_mixin.py:151} INFO - [2023-08-19T05:38:11.428+0000] {dag.py:3677} INFO - Setting next_dagrun for first_dag to 2023-08-18T08:00:00+00:00, run_after=2023-08-19T08:00:00+00:00
[2023-08-19T05:38:11.444+0000] {processor.py:179} INFO - Processing /opt/airflow/dags/first_dag.py took 0.095 seconds
[2023-08-19T05:38:41.620+0000] {processor.py:157} INFO - Started process (PID=264) to work on /opt/airflow/dags/first_dag.py
[2023-08-19T05:38:41.625+0000] {processor.py:829} INFO - Processing file /opt/airflow/dags/first_dag.py for tasks to queue
[2023-08-19T05:38:41.628+0000] {logging_mixin.py:151} INFO - [2023-08-19T05:38:41.628+0000] {dagbag.py:539} INFO - Filling up the DagBag from /opt/airflow/dags/first_dag.py
[2023-08-19T05:38:41.643+0000] {processor.py:839} INFO - DAG(s) dict_keys(['first_dag']) retrieved from /opt/airflow/dags/first_dag.py
[2023-08-19T05:38:41.672+0000] {logging_mixin.py:151} INFO - [2023-08-19T05:38:41.672+0000] {dag.py:2907} INFO - Sync 1 DAGs
[2023-08-19T05:38:41.708+0000] {logging_mixin.py:151} INFO - [2023-08-19T05:38:41.707+0000] {dag.py:3677} INFO - Setting next_dagrun for first_dag to 2023-08-18T08:00:00+00:00, run_after=2023-08-19T08:00:00+00:00
[2023-08-19T05:38:41.737+0000] {processor.py:179} INFO - Processing /opt/airflow/dags/first_dag.py took 0.124 seconds
[2023-08-19T05:39:11.903+0000] {processor.py:157} INFO - Started process (PID=286) to work on /opt/airflow/dags/first_dag.py
[2023-08-19T05:39:11.910+0000] {processor.py:829} INFO - Processing file /opt/airflow/dags/first_dag.py for tasks to queue
[2023-08-19T05:39:11.917+0000] {logging_mixin.py:151} INFO - [2023-08-19T05:39:11.916+0000] {dagbag.py:539} INFO - Filling up the DagBag from /opt/airflow/dags/first_dag.py
[2023-08-19T05:39:11.938+0000] {processor.py:839} INFO - DAG(s) dict_keys(['first_dag']) retrieved from /opt/airflow/dags/first_dag.py
[2023-08-19T05:39:11.977+0000] {logging_mixin.py:151} INFO - [2023-08-19T05:39:11.977+0000] {dag.py:2907} INFO - Sync 1 DAGs
[2023-08-19T05:39:12.016+0000] {logging_mixin.py:151} INFO - [2023-08-19T05:39:12.015+0000] {dag.py:3677} INFO - Setting next_dagrun for first_dag to 2023-08-18T08:00:00+00:00, run_after=2023-08-19T08:00:00+00:00
[2023-08-19T05:39:12.046+0000] {processor.py:179} INFO - Processing /opt/airflow/dags/first_dag.py took 0.150 seconds
[2023-08-19T05:39:42.169+0000] {processor.py:157} INFO - Started process (PID=301) to work on /opt/airflow/dags/first_dag.py
[2023-08-19T05:39:42.175+0000] {processor.py:829} INFO - Processing file /opt/airflow/dags/first_dag.py for tasks to queue
[2023-08-19T05:39:42.183+0000] {logging_mixin.py:151} INFO - [2023-08-19T05:39:42.182+0000] {dagbag.py:539} INFO - Filling up the DagBag from /opt/airflow/dags/first_dag.py
[2023-08-19T05:39:42.206+0000] {processor.py:839} INFO - DAG(s) dict_keys(['first_dag']) retrieved from /opt/airflow/dags/first_dag.py
[2023-08-19T05:39:42.233+0000] {logging_mixin.py:151} INFO - [2023-08-19T05:39:42.233+0000] {dag.py:2907} INFO - Sync 1 DAGs
[2023-08-19T05:39:42.255+0000] {logging_mixin.py:151} INFO - [2023-08-19T05:39:42.255+0000] {dag.py:3677} INFO - Setting next_dagrun for first_dag to 2023-08-18T08:00:00+00:00, run_after=2023-08-19T08:00:00+00:00
[2023-08-19T05:39:42.270+0000] {processor.py:179} INFO - Processing /opt/airflow/dags/first_dag.py took 0.110 seconds
[2023-08-19T05:40:12.481+0000] {processor.py:157} INFO - Started process (PID=323) to work on /opt/airflow/dags/first_dag.py
[2023-08-19T05:40:12.482+0000] {processor.py:829} INFO - Processing file /opt/airflow/dags/first_dag.py for tasks to queue
[2023-08-19T05:40:12.483+0000] {logging_mixin.py:151} INFO - [2023-08-19T05:40:12.483+0000] {dagbag.py:539} INFO - Filling up the DagBag from /opt/airflow/dags/first_dag.py
[2023-08-19T05:40:12.493+0000] {processor.py:839} INFO - DAG(s) dict_keys(['first_dag']) retrieved from /opt/airflow/dags/first_dag.py
[2023-08-19T05:40:12.515+0000] {logging_mixin.py:151} INFO - [2023-08-19T05:40:12.515+0000] {dag.py:2907} INFO - Sync 1 DAGs
[2023-08-19T05:40:12.534+0000] {logging_mixin.py:151} INFO - [2023-08-19T05:40:12.534+0000] {dag.py:3677} INFO - Setting next_dagrun for first_dag to 2023-08-18T08:00:00+00:00, run_after=2023-08-19T08:00:00+00:00
[2023-08-19T05:40:12.549+0000] {processor.py:179} INFO - Processing /opt/airflow/dags/first_dag.py took 0.071 seconds
[2023-08-19T05:40:42.733+0000] {processor.py:157} INFO - Started process (PID=338) to work on /opt/airflow/dags/first_dag.py
[2023-08-19T05:40:42.738+0000] {processor.py:829} INFO - Processing file /opt/airflow/dags/first_dag.py for tasks to queue
[2023-08-19T05:40:42.741+0000] {logging_mixin.py:151} INFO - [2023-08-19T05:40:42.740+0000] {dagbag.py:539} INFO - Filling up the DagBag from /opt/airflow/dags/first_dag.py
[2023-08-19T05:40:42.748+0000] {processor.py:839} INFO - DAG(s) dict_keys(['first_dag']) retrieved from /opt/airflow/dags/first_dag.py
[2023-08-19T05:40:42.772+0000] {logging_mixin.py:151} INFO - [2023-08-19T05:40:42.771+0000] {dag.py:2907} INFO - Sync 1 DAGs
[2023-08-19T05:40:42.793+0000] {logging_mixin.py:151} INFO - [2023-08-19T05:40:42.793+0000] {dag.py:3677} INFO - Setting next_dagrun for first_dag to 2023-08-18T08:00:00+00:00, run_after=2023-08-19T08:00:00+00:00
[2023-08-19T05:40:42.812+0000] {processor.py:179} INFO - Processing /opt/airflow/dags/first_dag.py took 0.081 seconds
[2023-08-19T05:41:13.012+0000] {processor.py:157} INFO - Started process (PID=353) to work on /opt/airflow/dags/first_dag.py
[2023-08-19T05:41:13.018+0000] {processor.py:829} INFO - Processing file /opt/airflow/dags/first_dag.py for tasks to queue
[2023-08-19T05:41:13.023+0000] {logging_mixin.py:151} INFO - [2023-08-19T05:41:13.022+0000] {dagbag.py:539} INFO - Filling up the DagBag from /opt/airflow/dags/first_dag.py
[2023-08-19T05:41:13.035+0000] {processor.py:839} INFO - DAG(s) dict_keys(['first_dag']) retrieved from /opt/airflow/dags/first_dag.py
[2023-08-19T05:41:13.083+0000] {logging_mixin.py:151} INFO - [2023-08-19T05:41:13.083+0000] {dag.py:2907} INFO - Sync 1 DAGs
[2023-08-19T05:41:13.131+0000] {logging_mixin.py:151} INFO - [2023-08-19T05:41:13.130+0000] {dag.py:3677} INFO - Setting next_dagrun for first_dag to 2023-08-18T08:00:00+00:00, run_after=2023-08-19T08:00:00+00:00
[2023-08-19T05:41:13.162+0000] {processor.py:179} INFO - Processing /opt/airflow/dags/first_dag.py took 0.156 seconds
[2023-08-19T05:41:43.262+0000] {processor.py:157} INFO - Started process (PID=375) to work on /opt/airflow/dags/first_dag.py
[2023-08-19T05:41:43.264+0000] {processor.py:829} INFO - Processing file /opt/airflow/dags/first_dag.py for tasks to queue
[2023-08-19T05:41:43.269+0000] {logging_mixin.py:151} INFO - [2023-08-19T05:41:43.268+0000] {dagbag.py:539} INFO - Filling up the DagBag from /opt/airflow/dags/first_dag.py
[2023-08-19T05:41:43.290+0000] {processor.py:839} INFO - DAG(s) dict_keys(['first_dag']) retrieved from /opt/airflow/dags/first_dag.py
[2023-08-19T05:41:43.317+0000] {logging_mixin.py:151} INFO - [2023-08-19T05:41:43.317+0000] {dag.py:2907} INFO - Sync 1 DAGs
[2023-08-19T05:41:43.340+0000] {logging_mixin.py:151} INFO - [2023-08-19T05:41:43.339+0000] {dag.py:3677} INFO - Setting next_dagrun for first_dag to 2023-08-18T08:00:00+00:00, run_after=2023-08-19T08:00:00+00:00
[2023-08-19T05:41:43.356+0000] {processor.py:179} INFO - Processing /opt/airflow/dags/first_dag.py took 0.102 seconds
[2023-08-19T05:42:13.668+0000] {processor.py:157} INFO - Started process (PID=390) to work on /opt/airflow/dags/first_dag.py
[2023-08-19T05:42:13.673+0000] {processor.py:829} INFO - Processing file /opt/airflow/dags/first_dag.py for tasks to queue
[2023-08-19T05:42:13.677+0000] {logging_mixin.py:151} INFO - [2023-08-19T05:42:13.676+0000] {dagbag.py:539} INFO - Filling up the DagBag from /opt/airflow/dags/first_dag.py
[2023-08-19T05:42:13.697+0000] {processor.py:839} INFO - DAG(s) dict_keys(['first_dag']) retrieved from /opt/airflow/dags/first_dag.py
[2023-08-19T05:42:13.722+0000] {logging_mixin.py:151} INFO - [2023-08-19T05:42:13.722+0000] {dag.py:2907} INFO - Sync 1 DAGs
[2023-08-19T05:42:13.748+0000] {logging_mixin.py:151} INFO - [2023-08-19T05:42:13.748+0000] {dag.py:3677} INFO - Setting next_dagrun for first_dag to 2023-08-18T08:00:00+00:00, run_after=2023-08-19T08:00:00+00:00
[2023-08-19T05:42:13.764+0000] {processor.py:179} INFO - Processing /opt/airflow/dags/first_dag.py took 0.105 seconds
[2023-08-19T05:42:43.892+0000] {processor.py:157} INFO - Started process (PID=412) to work on /opt/airflow/dags/first_dag.py
[2023-08-19T05:42:43.897+0000] {processor.py:829} INFO - Processing file /opt/airflow/dags/first_dag.py for tasks to queue
[2023-08-19T05:42:43.899+0000] {logging_mixin.py:151} INFO - [2023-08-19T05:42:43.899+0000] {dagbag.py:539} INFO - Filling up the DagBag from /opt/airflow/dags/first_dag.py
[2023-08-19T05:42:43.907+0000] {processor.py:839} INFO - DAG(s) dict_keys(['first_dag']) retrieved from /opt/airflow/dags/first_dag.py
[2023-08-19T05:42:43.930+0000] {logging_mixin.py:151} INFO - [2023-08-19T05:42:43.930+0000] {dag.py:2907} INFO - Sync 1 DAGs
[2023-08-19T05:42:43.950+0000] {logging_mixin.py:151} INFO - [2023-08-19T05:42:43.950+0000] {dag.py:3677} INFO - Setting next_dagrun for first_dag to 2023-08-18T08:00:00+00:00, run_after=2023-08-19T08:00:00+00:00
[2023-08-19T05:42:43.967+0000] {processor.py:179} INFO - Processing /opt/airflow/dags/first_dag.py took 0.077 seconds
[2023-08-19T05:43:14.188+0000] {processor.py:157} INFO - Started process (PID=427) to work on /opt/airflow/dags/first_dag.py
[2023-08-19T05:43:14.190+0000] {processor.py:829} INFO - Processing file /opt/airflow/dags/first_dag.py for tasks to queue
[2023-08-19T05:43:14.197+0000] {logging_mixin.py:151} INFO - [2023-08-19T05:43:14.196+0000] {dagbag.py:539} INFO - Filling up the DagBag from /opt/airflow/dags/first_dag.py
[2023-08-19T05:43:14.215+0000] {processor.py:839} INFO - DAG(s) dict_keys(['first_dag']) retrieved from /opt/airflow/dags/first_dag.py
[2023-08-19T05:43:14.241+0000] {logging_mixin.py:151} INFO - [2023-08-19T05:43:14.240+0000] {dag.py:2907} INFO - Sync 1 DAGs
[2023-08-19T05:43:14.263+0000] {logging_mixin.py:151} INFO - [2023-08-19T05:43:14.263+0000] {dag.py:3677} INFO - Setting next_dagrun for first_dag to 2023-08-18T08:00:00+00:00, run_after=2023-08-19T08:00:00+00:00
[2023-08-19T05:43:14.280+0000] {processor.py:179} INFO - Processing /opt/airflow/dags/first_dag.py took 0.100 seconds
[2023-08-19T05:43:44.460+0000] {processor.py:157} INFO - Started process (PID=442) to work on /opt/airflow/dags/first_dag.py
[2023-08-19T05:43:44.466+0000] {processor.py:829} INFO - Processing file /opt/airflow/dags/first_dag.py for tasks to queue
[2023-08-19T05:43:44.474+0000] {logging_mixin.py:151} INFO - [2023-08-19T05:43:44.473+0000] {dagbag.py:539} INFO - Filling up the DagBag from /opt/airflow/dags/first_dag.py
[2023-08-19T05:43:44.495+0000] {processor.py:839} INFO - DAG(s) dict_keys(['first_dag']) retrieved from /opt/airflow/dags/first_dag.py
[2023-08-19T05:43:44.522+0000] {logging_mixin.py:151} INFO - [2023-08-19T05:43:44.521+0000] {dag.py:2907} INFO - Sync 1 DAGs
[2023-08-19T05:43:44.545+0000] {logging_mixin.py:151} INFO - [2023-08-19T05:43:44.544+0000] {dag.py:3677} INFO - Setting next_dagrun for first_dag to 2023-08-18T08:00:00+00:00, run_after=2023-08-19T08:00:00+00:00
[2023-08-19T05:43:44.558+0000] {processor.py:179} INFO - Processing /opt/airflow/dags/first_dag.py took 0.105 seconds
[2023-08-19T05:43:45.479+0000] {processor.py:157} INFO - Started process (PID=450) to work on /opt/airflow/dags/first_dag.py
[2023-08-19T05:43:45.480+0000] {processor.py:829} INFO - Processing file /opt/airflow/dags/first_dag.py for tasks to queue
[2023-08-19T05:43:45.482+0000] {logging_mixin.py:151} INFO - [2023-08-19T05:43:45.481+0000] {dagbag.py:539} INFO - Filling up the DagBag from /opt/airflow/dags/first_dag.py
[2023-08-19T05:43:45.493+0000] {processor.py:839} INFO - DAG(s) dict_keys(['first_dag']) retrieved from /opt/airflow/dags/first_dag.py
[2023-08-19T05:43:45.513+0000] {logging_mixin.py:151} INFO - [2023-08-19T05:43:45.513+0000] {dag.py:2907} INFO - Sync 1 DAGs
[2023-08-19T05:43:45.539+0000] {logging_mixin.py:151} INFO - [2023-08-19T05:43:45.538+0000] {dag.py:3677} INFO - Setting next_dagrun for first_dag to 2023-08-18T08:00:00+00:00, run_after=2023-08-19T08:00:00+00:00
[2023-08-19T05:43:45.566+0000] {processor.py:179} INFO - Processing /opt/airflow/dags/first_dag.py took 0.089 seconds
[2023-08-19T05:44:03.751+0000] {processor.py:157} INFO - Started process (PID=458) to work on /opt/airflow/dags/first_dag.py
[2023-08-19T05:44:03.756+0000] {processor.py:829} INFO - Processing file /opt/airflow/dags/first_dag.py for tasks to queue
[2023-08-19T05:44:03.759+0000] {logging_mixin.py:151} INFO - [2023-08-19T05:44:03.758+0000] {dagbag.py:539} INFO - Filling up the DagBag from /opt/airflow/dags/first_dag.py
[2023-08-19T05:44:03.770+0000] {processor.py:839} INFO - DAG(s) dict_keys(['first_dag']) retrieved from /opt/airflow/dags/first_dag.py
[2023-08-19T05:44:03.799+0000] {logging_mixin.py:151} INFO - [2023-08-19T05:44:03.799+0000] {dag.py:2907} INFO - Sync 1 DAGs
[2023-08-19T05:44:03.826+0000] {logging_mixin.py:151} INFO - [2023-08-19T05:44:03.826+0000] {dag.py:3677} INFO - Setting next_dagrun for first_dag to 2023-08-18T08:00:00+00:00, run_after=2023-08-19T08:00:00+00:00
[2023-08-19T05:44:03.846+0000] {processor.py:179} INFO - Processing /opt/airflow/dags/first_dag.py took 0.098 seconds
[2023-08-19T05:44:34.042+0000] {processor.py:157} INFO - Started process (PID=473) to work on /opt/airflow/dags/first_dag.py
[2023-08-19T05:44:34.048+0000] {processor.py:829} INFO - Processing file /opt/airflow/dags/first_dag.py for tasks to queue
[2023-08-19T05:44:34.053+0000] {logging_mixin.py:151} INFO - [2023-08-19T05:44:34.052+0000] {dagbag.py:539} INFO - Filling up the DagBag from /opt/airflow/dags/first_dag.py
[2023-08-19T05:44:34.075+0000] {processor.py:839} INFO - DAG(s) dict_keys(['first_dag']) retrieved from /opt/airflow/dags/first_dag.py
[2023-08-19T05:44:34.103+0000] {logging_mixin.py:151} INFO - [2023-08-19T05:44:34.103+0000] {dag.py:2907} INFO - Sync 1 DAGs
[2023-08-19T05:44:34.127+0000] {logging_mixin.py:151} INFO - [2023-08-19T05:44:34.127+0000] {dag.py:3677} INFO - Setting next_dagrun for first_dag to 2023-08-18T08:00:00+00:00, run_after=2023-08-19T08:00:00+00:00
[2023-08-19T05:44:34.142+0000] {processor.py:179} INFO - Processing /opt/airflow/dags/first_dag.py took 0.108 seconds
[2023-08-19T05:45:04.293+0000] {processor.py:157} INFO - Started process (PID=495) to work on /opt/airflow/dags/first_dag.py
[2023-08-19T05:45:04.298+0000] {processor.py:829} INFO - Processing file /opt/airflow/dags/first_dag.py for tasks to queue
[2023-08-19T05:45:04.300+0000] {logging_mixin.py:151} INFO - [2023-08-19T05:45:04.300+0000] {dagbag.py:539} INFO - Filling up the DagBag from /opt/airflow/dags/first_dag.py
[2023-08-19T05:45:04.310+0000] {processor.py:839} INFO - DAG(s) dict_keys(['first_dag']) retrieved from /opt/airflow/dags/first_dag.py
[2023-08-19T05:45:04.332+0000] {logging_mixin.py:151} INFO - [2023-08-19T05:45:04.331+0000] {dag.py:2907} INFO - Sync 1 DAGs
[2023-08-19T05:45:04.350+0000] {logging_mixin.py:151} INFO - [2023-08-19T05:45:04.350+0000] {dag.py:3677} INFO - Setting next_dagrun for first_dag to 2023-08-18T08:00:00+00:00, run_after=2023-08-19T08:00:00+00:00
[2023-08-19T05:45:04.365+0000] {processor.py:179} INFO - Processing /opt/airflow/dags/first_dag.py took 0.074 seconds
[2023-08-19T05:45:34.572+0000] {processor.py:157} INFO - Started process (PID=510) to work on /opt/airflow/dags/first_dag.py
[2023-08-19T05:45:34.579+0000] {processor.py:829} INFO - Processing file /opt/airflow/dags/first_dag.py for tasks to queue
[2023-08-19T05:45:34.584+0000] {logging_mixin.py:151} INFO - [2023-08-19T05:45:34.583+0000] {dagbag.py:539} INFO - Filling up the DagBag from /opt/airflow/dags/first_dag.py
[2023-08-19T05:45:34.608+0000] {processor.py:839} INFO - DAG(s) dict_keys(['first_dag']) retrieved from /opt/airflow/dags/first_dag.py
[2023-08-19T05:45:34.634+0000] {logging_mixin.py:151} INFO - [2023-08-19T05:45:34.634+0000] {dag.py:2907} INFO - Sync 1 DAGs
[2023-08-19T05:45:34.658+0000] {logging_mixin.py:151} INFO - [2023-08-19T05:45:34.658+0000] {dag.py:3677} INFO - Setting next_dagrun for first_dag to 2023-08-18T08:00:00+00:00, run_after=2023-08-19T08:00:00+00:00
[2023-08-19T05:45:34.672+0000] {processor.py:179} INFO - Processing /opt/airflow/dags/first_dag.py took 0.107 seconds
[2023-08-19T05:46:04.809+0000] {processor.py:157} INFO - Started process (PID=532) to work on /opt/airflow/dags/first_dag.py
[2023-08-19T05:46:04.815+0000] {processor.py:829} INFO - Processing file /opt/airflow/dags/first_dag.py for tasks to queue
[2023-08-19T05:46:04.816+0000] {logging_mixin.py:151} INFO - [2023-08-19T05:46:04.816+0000] {dagbag.py:539} INFO - Filling up the DagBag from /opt/airflow/dags/first_dag.py
[2023-08-19T05:46:04.825+0000] {processor.py:839} INFO - DAG(s) dict_keys(['first_dag']) retrieved from /opt/airflow/dags/first_dag.py
[2023-08-19T05:46:04.848+0000] {logging_mixin.py:151} INFO - [2023-08-19T05:46:04.848+0000] {dag.py:2907} INFO - Sync 1 DAGs
[2023-08-19T05:46:04.869+0000] {logging_mixin.py:151} INFO - [2023-08-19T05:46:04.869+0000] {dag.py:3677} INFO - Setting next_dagrun for first_dag to 2023-08-18T08:00:00+00:00, run_after=2023-08-19T08:00:00+00:00
[2023-08-19T05:46:04.883+0000] {processor.py:179} INFO - Processing /opt/airflow/dags/first_dag.py took 0.076 seconds
[2023-08-19T05:46:35.126+0000] {processor.py:157} INFO - Started process (PID=547) to work on /opt/airflow/dags/first_dag.py
[2023-08-19T05:46:35.132+0000] {processor.py:829} INFO - Processing file /opt/airflow/dags/first_dag.py for tasks to queue
[2023-08-19T05:46:35.137+0000] {logging_mixin.py:151} INFO - [2023-08-19T05:46:35.136+0000] {dagbag.py:539} INFO - Filling up the DagBag from /opt/airflow/dags/first_dag.py
[2023-08-19T05:46:35.154+0000] {processor.py:839} INFO - DAG(s) dict_keys(['first_dag']) retrieved from /opt/airflow/dags/first_dag.py
[2023-08-19T05:46:35.199+0000] {logging_mixin.py:151} INFO - [2023-08-19T05:46:35.199+0000] {dag.py:2907} INFO - Sync 1 DAGs
[2023-08-19T05:46:35.234+0000] {logging_mixin.py:151} INFO - [2023-08-19T05:46:35.233+0000] {dag.py:3677} INFO - Setting next_dagrun for first_dag to 2023-08-18T08:00:00+00:00, run_after=2023-08-19T08:00:00+00:00
[2023-08-19T05:46:35.255+0000] {processor.py:179} INFO - Processing /opt/airflow/dags/first_dag.py took 0.137 seconds
[2023-08-19T05:47:05.414+0000] {processor.py:157} INFO - Started process (PID=562) to work on /opt/airflow/dags/first_dag.py
[2023-08-19T05:47:05.421+0000] {processor.py:829} INFO - Processing file /opt/airflow/dags/first_dag.py for tasks to queue
[2023-08-19T05:47:05.429+0000] {logging_mixin.py:151} INFO - [2023-08-19T05:47:05.428+0000] {dagbag.py:539} INFO - Filling up the DagBag from /opt/airflow/dags/first_dag.py
[2023-08-19T05:47:05.447+0000] {processor.py:839} INFO - DAG(s) dict_keys(['first_dag']) retrieved from /opt/airflow/dags/first_dag.py
[2023-08-19T05:47:05.475+0000] {logging_mixin.py:151} INFO - [2023-08-19T05:47:05.475+0000] {dag.py:2907} INFO - Sync 1 DAGs
[2023-08-19T05:47:05.500+0000] {logging_mixin.py:151} INFO - [2023-08-19T05:47:05.500+0000] {dag.py:3677} INFO - Setting next_dagrun for first_dag to 2023-08-18T08:00:00+00:00, run_after=2023-08-19T08:00:00+00:00
[2023-08-19T05:47:05.514+0000] {processor.py:179} INFO - Processing /opt/airflow/dags/first_dag.py took 0.108 seconds
[2023-08-19T05:47:35.767+0000] {processor.py:157} INFO - Started process (PID=577) to work on /opt/airflow/dags/first_dag.py
[2023-08-19T05:47:35.769+0000] {processor.py:829} INFO - Processing file /opt/airflow/dags/first_dag.py for tasks to queue
[2023-08-19T05:47:35.777+0000] {logging_mixin.py:151} INFO - [2023-08-19T05:47:35.776+0000] {dagbag.py:539} INFO - Filling up the DagBag from /opt/airflow/dags/first_dag.py
[2023-08-19T05:47:35.805+0000] {processor.py:839} INFO - DAG(s) dict_keys(['first_dag']) retrieved from /opt/airflow/dags/first_dag.py
[2023-08-19T05:47:35.848+0000] {logging_mixin.py:151} INFO - [2023-08-19T05:47:35.848+0000] {dag.py:2907} INFO - Sync 1 DAGs
[2023-08-19T05:47:35.892+0000] {logging_mixin.py:151} INFO - [2023-08-19T05:47:35.892+0000] {dag.py:3677} INFO - Setting next_dagrun for first_dag to 2023-08-18T08:00:00+00:00, run_after=2023-08-19T08:00:00+00:00
[2023-08-19T05:47:35.923+0000] {processor.py:179} INFO - Processing /opt/airflow/dags/first_dag.py took 0.165 seconds
[2023-08-19T05:48:06.019+0000] {processor.py:157} INFO - Started process (PID=599) to work on /opt/airflow/dags/first_dag.py
[2023-08-19T05:48:06.020+0000] {processor.py:829} INFO - Processing file /opt/airflow/dags/first_dag.py for tasks to queue
[2023-08-19T05:48:06.023+0000] {logging_mixin.py:151} INFO - [2023-08-19T05:48:06.023+0000] {dagbag.py:539} INFO - Filling up the DagBag from /opt/airflow/dags/first_dag.py
[2023-08-19T05:48:06.037+0000] {processor.py:839} INFO - DAG(s) dict_keys(['first_dag']) retrieved from /opt/airflow/dags/first_dag.py
[2023-08-19T05:48:06.064+0000] {logging_mixin.py:151} INFO - [2023-08-19T05:48:06.064+0000] {dag.py:2907} INFO - Sync 1 DAGs
[2023-08-19T05:48:06.086+0000] {logging_mixin.py:151} INFO - [2023-08-19T05:48:06.086+0000] {dag.py:3677} INFO - Setting next_dagrun for first_dag to 2023-08-18T08:00:00+00:00, run_after=2023-08-19T08:00:00+00:00
[2023-08-19T05:48:06.102+0000] {processor.py:179} INFO - Processing /opt/airflow/dags/first_dag.py took 0.088 seconds
[2023-08-19T05:48:36.283+0000] {processor.py:157} INFO - Started process (PID=614) to work on /opt/airflow/dags/first_dag.py
[2023-08-19T05:48:36.288+0000] {processor.py:829} INFO - Processing file /opt/airflow/dags/first_dag.py for tasks to queue
[2023-08-19T05:48:36.292+0000] {logging_mixin.py:151} INFO - [2023-08-19T05:48:36.291+0000] {dagbag.py:539} INFO - Filling up the DagBag from /opt/airflow/dags/first_dag.py
[2023-08-19T05:48:36.309+0000] {processor.py:839} INFO - DAG(s) dict_keys(['first_dag']) retrieved from /opt/airflow/dags/first_dag.py
[2023-08-19T05:48:36.336+0000] {logging_mixin.py:151} INFO - [2023-08-19T05:48:36.335+0000] {dag.py:2907} INFO - Sync 1 DAGs
[2023-08-19T05:48:36.359+0000] {logging_mixin.py:151} INFO - [2023-08-19T05:48:36.359+0000] {dag.py:3677} INFO - Setting next_dagrun for first_dag to 2023-08-18T08:00:00+00:00, run_after=2023-08-19T08:00:00+00:00
[2023-08-19T05:48:36.373+0000] {processor.py:179} INFO - Processing /opt/airflow/dags/first_dag.py took 0.101 seconds
[2023-08-19T05:49:06.525+0000] {processor.py:157} INFO - Started process (PID=629) to work on /opt/airflow/dags/first_dag.py
[2023-08-19T05:49:06.526+0000] {processor.py:829} INFO - Processing file /opt/airflow/dags/first_dag.py for tasks to queue
[2023-08-19T05:49:06.527+0000] {logging_mixin.py:151} INFO - [2023-08-19T05:49:06.527+0000] {dagbag.py:539} INFO - Filling up the DagBag from /opt/airflow/dags/first_dag.py
[2023-08-19T05:49:06.538+0000] {processor.py:839} INFO - DAG(s) dict_keys(['first_dag']) retrieved from /opt/airflow/dags/first_dag.py
[2023-08-19T05:49:06.559+0000] {logging_mixin.py:151} INFO - [2023-08-19T05:49:06.559+0000] {dag.py:2907} INFO - Sync 1 DAGs
[2023-08-19T05:49:06.590+0000] {logging_mixin.py:151} INFO - [2023-08-19T05:49:06.589+0000] {dag.py:3677} INFO - Setting next_dagrun for first_dag to 2023-08-18T08:00:00+00:00, run_after=2023-08-19T08:00:00+00:00
[2023-08-19T05:49:06.622+0000] {processor.py:179} INFO - Processing /opt/airflow/dags/first_dag.py took 0.100 seconds
[2023-08-19T05:49:36.838+0000] {processor.py:157} INFO - Started process (PID=651) to work on /opt/airflow/dags/first_dag.py
[2023-08-19T05:49:36.844+0000] {processor.py:829} INFO - Processing file /opt/airflow/dags/first_dag.py for tasks to queue
[2023-08-19T05:49:36.847+0000] {logging_mixin.py:151} INFO - [2023-08-19T05:49:36.846+0000] {dagbag.py:539} INFO - Filling up the DagBag from /opt/airflow/dags/first_dag.py
[2023-08-19T05:49:36.862+0000] {processor.py:839} INFO - DAG(s) dict_keys(['first_dag']) retrieved from /opt/airflow/dags/first_dag.py
[2023-08-19T05:49:36.886+0000] {logging_mixin.py:151} INFO - [2023-08-19T05:49:36.886+0000] {dag.py:2907} INFO - Sync 1 DAGs
[2023-08-19T05:49:36.911+0000] {logging_mixin.py:151} INFO - [2023-08-19T05:49:36.910+0000] {dag.py:3677} INFO - Setting next_dagrun for first_dag to 2023-08-18T08:00:00+00:00, run_after=2023-08-19T08:00:00+00:00
[2023-08-19T05:49:36.927+0000] {processor.py:179} INFO - Processing /opt/airflow/dags/first_dag.py took 0.095 seconds
[2023-08-19T05:50:07.106+0000] {processor.py:157} INFO - Started process (PID=666) to work on /opt/airflow/dags/first_dag.py
[2023-08-19T05:50:07.112+0000] {processor.py:829} INFO - Processing file /opt/airflow/dags/first_dag.py for tasks to queue
[2023-08-19T05:50:07.117+0000] {logging_mixin.py:151} INFO - [2023-08-19T05:50:07.116+0000] {dagbag.py:539} INFO - Filling up the DagBag from /opt/airflow/dags/first_dag.py
[2023-08-19T05:50:07.139+0000] {processor.py:839} INFO - DAG(s) dict_keys(['first_dag']) retrieved from /opt/airflow/dags/first_dag.py
[2023-08-19T05:50:07.184+0000] {logging_mixin.py:151} INFO - [2023-08-19T05:50:07.184+0000] {dag.py:2907} INFO - Sync 1 DAGs
[2023-08-19T05:50:07.223+0000] {logging_mixin.py:151} INFO - [2023-08-19T05:50:07.223+0000] {dag.py:3677} INFO - Setting next_dagrun for first_dag to 2023-08-18T08:00:00+00:00, run_after=2023-08-19T08:00:00+00:00
[2023-08-19T05:50:07.254+0000] {processor.py:179} INFO - Processing /opt/airflow/dags/first_dag.py took 0.154 seconds
[2023-08-19T05:50:37.384+0000] {processor.py:157} INFO - Started process (PID=681) to work on /opt/airflow/dags/first_dag.py
[2023-08-19T05:50:37.389+0000] {processor.py:829} INFO - Processing file /opt/airflow/dags/first_dag.py for tasks to queue
[2023-08-19T05:50:37.391+0000] {logging_mixin.py:151} INFO - [2023-08-19T05:50:37.390+0000] {dagbag.py:539} INFO - Filling up the DagBag from /opt/airflow/dags/first_dag.py
[2023-08-19T05:50:37.400+0000] {processor.py:839} INFO - DAG(s) dict_keys(['first_dag']) retrieved from /opt/airflow/dags/first_dag.py
[2023-08-19T05:50:37.424+0000] {logging_mixin.py:151} INFO - [2023-08-19T05:50:37.424+0000] {dag.py:2907} INFO - Sync 1 DAGs
[2023-08-19T05:50:37.448+0000] {logging_mixin.py:151} INFO - [2023-08-19T05:50:37.448+0000] {dag.py:3677} INFO - Setting next_dagrun for first_dag to 2023-08-18T08:00:00+00:00, run_after=2023-08-19T08:00:00+00:00
[2023-08-19T05:50:37.462+0000] {processor.py:179} INFO - Processing /opt/airflow/dags/first_dag.py took 0.081 seconds
[2023-08-19T05:51:07.697+0000] {processor.py:157} INFO - Started process (PID=703) to work on /opt/airflow/dags/first_dag.py
[2023-08-19T05:51:07.703+0000] {processor.py:829} INFO - Processing file /opt/airflow/dags/first_dag.py for tasks to queue
[2023-08-19T05:51:07.704+0000] {logging_mixin.py:151} INFO - [2023-08-19T05:51:07.704+0000] {dagbag.py:539} INFO - Filling up the DagBag from /opt/airflow/dags/first_dag.py
[2023-08-19T05:51:07.715+0000] {processor.py:839} INFO - DAG(s) dict_keys(['first_dag']) retrieved from /opt/airflow/dags/first_dag.py
[2023-08-19T05:51:07.758+0000] {logging_mixin.py:151} INFO - [2023-08-19T05:51:07.758+0000] {dag.py:2907} INFO - Sync 1 DAGs
[2023-08-19T05:51:07.780+0000] {logging_mixin.py:151} INFO - [2023-08-19T05:51:07.780+0000] {dag.py:3677} INFO - Setting next_dagrun for first_dag to 2023-08-18T08:00:00+00:00, run_after=2023-08-19T08:00:00+00:00
[2023-08-19T05:51:07.795+0000] {processor.py:179} INFO - Processing /opt/airflow/dags/first_dag.py took 0.102 seconds
[2023-08-19T05:51:37.945+0000] {processor.py:157} INFO - Started process (PID=718) to work on /opt/airflow/dags/first_dag.py
[2023-08-19T05:51:37.952+0000] {processor.py:829} INFO - Processing file /opt/airflow/dags/first_dag.py for tasks to queue
[2023-08-19T05:51:37.957+0000] {logging_mixin.py:151} INFO - [2023-08-19T05:51:37.956+0000] {dagbag.py:539} INFO - Filling up the DagBag from /opt/airflow/dags/first_dag.py
[2023-08-19T05:51:37.976+0000] {processor.py:839} INFO - DAG(s) dict_keys(['first_dag']) retrieved from /opt/airflow/dags/first_dag.py
[2023-08-19T05:51:38.002+0000] {logging_mixin.py:151} INFO - [2023-08-19T05:51:38.002+0000] {dag.py:2907} INFO - Sync 1 DAGs
[2023-08-19T05:51:38.026+0000] {logging_mixin.py:151} INFO - [2023-08-19T05:51:38.026+0000] {dag.py:3677} INFO - Setting next_dagrun for first_dag to 2023-08-18T08:00:00+00:00, run_after=2023-08-19T08:00:00+00:00
[2023-08-19T05:51:38.040+0000] {processor.py:179} INFO - Processing /opt/airflow/dags/first_dag.py took 0.103 seconds
[2023-08-19T05:52:08.213+0000] {processor.py:157} INFO - Started process (PID=740) to work on /opt/airflow/dags/first_dag.py
[2023-08-19T05:52:08.215+0000] {processor.py:829} INFO - Processing file /opt/airflow/dags/first_dag.py for tasks to queue
[2023-08-19T05:52:08.220+0000] {logging_mixin.py:151} INFO - [2023-08-19T05:52:08.219+0000] {dagbag.py:539} INFO - Filling up the DagBag from /opt/airflow/dags/first_dag.py
[2023-08-19T05:52:08.235+0000] {processor.py:839} INFO - DAG(s) dict_keys(['first_dag']) retrieved from /opt/airflow/dags/first_dag.py
[2023-08-19T05:52:08.291+0000] {logging_mixin.py:151} INFO - [2023-08-19T05:52:08.290+0000] {dag.py:2907} INFO - Sync 1 DAGs
[2023-08-19T05:52:08.341+0000] {logging_mixin.py:151} INFO - [2023-08-19T05:52:08.340+0000] {dag.py:3677} INFO - Setting next_dagrun for first_dag to 2023-08-18T08:00:00+00:00, run_after=2023-08-19T08:00:00+00:00
[2023-08-19T05:52:08.374+0000] {processor.py:179} INFO - Processing /opt/airflow/dags/first_dag.py took 0.166 seconds
