[2023-08-19 05:23:15,219] {processor.py:153} INFO - Started process (PID=84) to work on /home/airflow/.local/lib/python3.7/site-packages/airflow/example_dags/example_trigger_controller_dag.py
[2023-08-19 05:23:15,221] {processor.py:641} INFO - Processing file /home/airflow/.local/lib/python3.7/site-packages/airflow/example_dags/example_trigger_controller_dag.py for tasks to queue
[2023-08-19 05:23:15,222] {logging_mixin.py:115} INFO - [2023-08-19 05:23:15,222] {dagbag.py:507} INFO - Filling up the DagBag from /home/airflow/.local/lib/python3.7/site-packages/airflow/example_dags/example_trigger_controller_dag.py
[2023-08-19 05:23:15,231] {processor.py:651} INFO - DAG(s) dict_keys(['example_trigger_controller_dag']) retrieved from /home/airflow/.local/lib/python3.7/site-packages/airflow/example_dags/example_trigger_controller_dag.py
[2023-08-19 05:23:15,707] {logging_mixin.py:115} INFO - [2023-08-19 05:23:15,707] {manager.py:508} INFO - Created Permission View: can read on DAG:example_trigger_controller_dag
[2023-08-19 05:23:15,726] {logging_mixin.py:115} INFO - [2023-08-19 05:23:15,726] {manager.py:508} INFO - Created Permission View: can delete on DAG:example_trigger_controller_dag
[2023-08-19 05:23:15,745] {logging_mixin.py:115} INFO - [2023-08-19 05:23:15,745] {manager.py:508} INFO - Created Permission View: can edit on DAG:example_trigger_controller_dag
[2023-08-19 05:23:15,746] {logging_mixin.py:115} INFO - [2023-08-19 05:23:15,746] {dag.py:2371} INFO - Sync 1 DAGs
[2023-08-19 05:23:15,769] {logging_mixin.py:115} INFO - [2023-08-19 05:23:15,768] {dag.py:2390} INFO - Creating ORM DAG for example_trigger_controller_dag
[2023-08-19 05:23:15,801] {logging_mixin.py:115} INFO - [2023-08-19 05:23:15,800] {dag.py:2919} INFO - Setting next_dagrun for example_trigger_controller_dag to 2021-01-01T00:00:00+00:00, run_after=2021-01-01T00:00:00+00:00
[2023-08-19 05:23:15,849] {processor.py:161} INFO - Processing /home/airflow/.local/lib/python3.7/site-packages/airflow/example_dags/example_trigger_controller_dag.py took 0.636 seconds
[2023-08-19 05:23:46,614] {processor.py:153} INFO - Started process (PID=137) to work on /home/airflow/.local/lib/python3.7/site-packages/airflow/example_dags/example_trigger_controller_dag.py
[2023-08-19 05:23:46,615] {processor.py:641} INFO - Processing file /home/airflow/.local/lib/python3.7/site-packages/airflow/example_dags/example_trigger_controller_dag.py for tasks to queue
[2023-08-19 05:23:46,615] {logging_mixin.py:115} INFO - [2023-08-19 05:23:46,615] {dagbag.py:507} INFO - Filling up the DagBag from /home/airflow/.local/lib/python3.7/site-packages/airflow/example_dags/example_trigger_controller_dag.py
[2023-08-19 05:23:46,623] {processor.py:651} INFO - DAG(s) dict_keys(['example_trigger_controller_dag']) retrieved from /home/airflow/.local/lib/python3.7/site-packages/airflow/example_dags/example_trigger_controller_dag.py
[2023-08-19 05:23:46,678] {logging_mixin.py:115} INFO - [2023-08-19 05:23:46,677] {dag.py:2371} INFO - Sync 1 DAGs
[2023-08-19 05:23:46,729] {logging_mixin.py:115} INFO - [2023-08-19 05:23:46,729] {dag.py:2919} INFO - Setting next_dagrun for example_trigger_controller_dag to 2021-01-01T00:00:00+00:00, run_after=2021-01-01T00:00:00+00:00
[2023-08-19 05:23:46,750] {processor.py:161} INFO - Processing /home/airflow/.local/lib/python3.7/site-packages/airflow/example_dags/example_trigger_controller_dag.py took 0.139 seconds
[2023-08-19 05:24:16,831] {processor.py:153} INFO - Started process (PID=198) to work on /home/airflow/.local/lib/python3.7/site-packages/airflow/example_dags/example_trigger_controller_dag.py
[2023-08-19 05:24:16,832] {processor.py:641} INFO - Processing file /home/airflow/.local/lib/python3.7/site-packages/airflow/example_dags/example_trigger_controller_dag.py for tasks to queue
[2023-08-19 05:24:16,833] {logging_mixin.py:115} INFO - [2023-08-19 05:24:16,833] {dagbag.py:507} INFO - Filling up the DagBag from /home/airflow/.local/lib/python3.7/site-packages/airflow/example_dags/example_trigger_controller_dag.py
[2023-08-19 05:24:16,840] {processor.py:651} INFO - DAG(s) dict_keys(['example_trigger_controller_dag']) retrieved from /home/airflow/.local/lib/python3.7/site-packages/airflow/example_dags/example_trigger_controller_dag.py
[2023-08-19 05:24:16,885] {logging_mixin.py:115} INFO - [2023-08-19 05:24:16,885] {dag.py:2371} INFO - Sync 1 DAGs
[2023-08-19 05:24:16,943] {logging_mixin.py:115} INFO - [2023-08-19 05:24:16,943] {dag.py:2919} INFO - Setting next_dagrun for example_trigger_controller_dag to 2021-01-01T00:00:00+00:00, run_after=2021-01-01T00:00:00+00:00
[2023-08-19 05:24:16,967] {processor.py:161} INFO - Processing /home/airflow/.local/lib/python3.7/site-packages/airflow/example_dags/example_trigger_controller_dag.py took 0.142 seconds
[2023-08-19 05:24:48,209] {processor.py:153} INFO - Started process (PID=256) to work on /home/airflow/.local/lib/python3.7/site-packages/airflow/example_dags/example_trigger_controller_dag.py
[2023-08-19 05:24:48,210] {processor.py:641} INFO - Processing file /home/airflow/.local/lib/python3.7/site-packages/airflow/example_dags/example_trigger_controller_dag.py for tasks to queue
[2023-08-19 05:24:48,210] {logging_mixin.py:115} INFO - [2023-08-19 05:24:48,210] {dagbag.py:507} INFO - Filling up the DagBag from /home/airflow/.local/lib/python3.7/site-packages/airflow/example_dags/example_trigger_controller_dag.py
[2023-08-19 05:24:48,214] {processor.py:651} INFO - DAG(s) dict_keys(['example_trigger_controller_dag']) retrieved from /home/airflow/.local/lib/python3.7/site-packages/airflow/example_dags/example_trigger_controller_dag.py
[2023-08-19 05:24:48,256] {logging_mixin.py:115} INFO - [2023-08-19 05:24:48,255] {dag.py:2371} INFO - Sync 1 DAGs
[2023-08-19 05:24:48,293] {logging_mixin.py:115} INFO - [2023-08-19 05:24:48,293] {dag.py:2919} INFO - Setting next_dagrun for example_trigger_controller_dag to 2021-01-01T00:00:00+00:00, run_after=2021-01-01T00:00:00+00:00
[2023-08-19 05:24:48,314] {processor.py:161} INFO - Processing /home/airflow/.local/lib/python3.7/site-packages/airflow/example_dags/example_trigger_controller_dag.py took 0.109 seconds
[2023-08-19 05:25:19,375] {processor.py:153} INFO - Started process (PID=318) to work on /home/airflow/.local/lib/python3.7/site-packages/airflow/example_dags/example_trigger_controller_dag.py
[2023-08-19 05:25:19,375] {processor.py:641} INFO - Processing file /home/airflow/.local/lib/python3.7/site-packages/airflow/example_dags/example_trigger_controller_dag.py for tasks to queue
[2023-08-19 05:25:19,376] {logging_mixin.py:115} INFO - [2023-08-19 05:25:19,376] {dagbag.py:507} INFO - Filling up the DagBag from /home/airflow/.local/lib/python3.7/site-packages/airflow/example_dags/example_trigger_controller_dag.py
[2023-08-19 05:25:19,379] {processor.py:651} INFO - DAG(s) dict_keys(['example_trigger_controller_dag']) retrieved from /home/airflow/.local/lib/python3.7/site-packages/airflow/example_dags/example_trigger_controller_dag.py
[2023-08-19 05:25:19,425] {logging_mixin.py:115} INFO - [2023-08-19 05:25:19,425] {dag.py:2371} INFO - Sync 1 DAGs
[2023-08-19 05:25:19,463] {logging_mixin.py:115} INFO - [2023-08-19 05:25:19,463] {dag.py:2919} INFO - Setting next_dagrun for example_trigger_controller_dag to 2021-01-01T00:00:00+00:00, run_after=2021-01-01T00:00:00+00:00
[2023-08-19 05:25:19,484] {processor.py:161} INFO - Processing /home/airflow/.local/lib/python3.7/site-packages/airflow/example_dags/example_trigger_controller_dag.py took 0.116 seconds
[2023-08-19 05:25:50,192] {processor.py:153} INFO - Started process (PID=371) to work on /home/airflow/.local/lib/python3.7/site-packages/airflow/example_dags/example_trigger_controller_dag.py
[2023-08-19 05:25:50,193] {processor.py:641} INFO - Processing file /home/airflow/.local/lib/python3.7/site-packages/airflow/example_dags/example_trigger_controller_dag.py for tasks to queue
[2023-08-19 05:25:50,193] {logging_mixin.py:115} INFO - [2023-08-19 05:25:50,193] {dagbag.py:507} INFO - Filling up the DagBag from /home/airflow/.local/lib/python3.7/site-packages/airflow/example_dags/example_trigger_controller_dag.py
[2023-08-19 05:25:50,196] {processor.py:651} INFO - DAG(s) dict_keys(['example_trigger_controller_dag']) retrieved from /home/airflow/.local/lib/python3.7/site-packages/airflow/example_dags/example_trigger_controller_dag.py
[2023-08-19 05:25:50,221] {logging_mixin.py:115} INFO - [2023-08-19 05:25:50,221] {dag.py:2371} INFO - Sync 1 DAGs
[2023-08-19 05:25:50,248] {logging_mixin.py:115} INFO - [2023-08-19 05:25:50,248] {dag.py:2919} INFO - Setting next_dagrun for example_trigger_controller_dag to 2021-01-01T00:00:00+00:00, run_after=2021-01-01T00:00:00+00:00
[2023-08-19 05:25:50,263] {processor.py:161} INFO - Processing /home/airflow/.local/lib/python3.7/site-packages/airflow/example_dags/example_trigger_controller_dag.py took 0.074 seconds
[2023-08-19 05:26:20,916] {processor.py:153} INFO - Started process (PID=433) to work on /home/airflow/.local/lib/python3.7/site-packages/airflow/example_dags/example_trigger_controller_dag.py
[2023-08-19 05:26:20,916] {processor.py:641} INFO - Processing file /home/airflow/.local/lib/python3.7/site-packages/airflow/example_dags/example_trigger_controller_dag.py for tasks to queue
[2023-08-19 05:26:20,916] {logging_mixin.py:115} INFO - [2023-08-19 05:26:20,916] {dagbag.py:507} INFO - Filling up the DagBag from /home/airflow/.local/lib/python3.7/site-packages/airflow/example_dags/example_trigger_controller_dag.py
[2023-08-19 05:26:20,919] {processor.py:651} INFO - DAG(s) dict_keys(['example_trigger_controller_dag']) retrieved from /home/airflow/.local/lib/python3.7/site-packages/airflow/example_dags/example_trigger_controller_dag.py
[2023-08-19 05:26:20,946] {logging_mixin.py:115} INFO - [2023-08-19 05:26:20,946] {dag.py:2371} INFO - Sync 1 DAGs
[2023-08-19 05:26:20,973] {logging_mixin.py:115} INFO - [2023-08-19 05:26:20,973] {dag.py:2919} INFO - Setting next_dagrun for example_trigger_controller_dag to 2021-01-01T00:00:00+00:00, run_after=2021-01-01T00:00:00+00:00
[2023-08-19 05:26:20,985] {processor.py:161} INFO - Processing /home/airflow/.local/lib/python3.7/site-packages/airflow/example_dags/example_trigger_controller_dag.py took 0.072 seconds
[2023-08-19 05:26:51,288] {processor.py:153} INFO - Started process (PID=486) to work on /home/airflow/.local/lib/python3.7/site-packages/airflow/example_dags/example_trigger_controller_dag.py
[2023-08-19 05:26:51,288] {processor.py:641} INFO - Processing file /home/airflow/.local/lib/python3.7/site-packages/airflow/example_dags/example_trigger_controller_dag.py for tasks to queue
[2023-08-19 05:26:51,289] {logging_mixin.py:115} INFO - [2023-08-19 05:26:51,289] {dagbag.py:507} INFO - Filling up the DagBag from /home/airflow/.local/lib/python3.7/site-packages/airflow/example_dags/example_trigger_controller_dag.py
[2023-08-19 05:26:51,292] {processor.py:651} INFO - DAG(s) dict_keys(['example_trigger_controller_dag']) retrieved from /home/airflow/.local/lib/python3.7/site-packages/airflow/example_dags/example_trigger_controller_dag.py
[2023-08-19 05:26:51,319] {logging_mixin.py:115} INFO - [2023-08-19 05:26:51,318] {dag.py:2371} INFO - Sync 1 DAGs
[2023-08-19 05:26:51,347] {logging_mixin.py:115} INFO - [2023-08-19 05:26:51,347] {dag.py:2919} INFO - Setting next_dagrun for example_trigger_controller_dag to 2021-01-01T00:00:00+00:00, run_after=2021-01-01T00:00:00+00:00
[2023-08-19 05:26:51,359] {processor.py:161} INFO - Processing /home/airflow/.local/lib/python3.7/site-packages/airflow/example_dags/example_trigger_controller_dag.py took 0.074 seconds
[2023-08-19 05:27:21,724] {processor.py:153} INFO - Started process (PID=548) to work on /home/airflow/.local/lib/python3.7/site-packages/airflow/example_dags/example_trigger_controller_dag.py
[2023-08-19 05:27:21,725] {processor.py:641} INFO - Processing file /home/airflow/.local/lib/python3.7/site-packages/airflow/example_dags/example_trigger_controller_dag.py for tasks to queue
[2023-08-19 05:27:21,725] {logging_mixin.py:115} INFO - [2023-08-19 05:27:21,725] {dagbag.py:507} INFO - Filling up the DagBag from /home/airflow/.local/lib/python3.7/site-packages/airflow/example_dags/example_trigger_controller_dag.py
[2023-08-19 05:27:21,728] {processor.py:651} INFO - DAG(s) dict_keys(['example_trigger_controller_dag']) retrieved from /home/airflow/.local/lib/python3.7/site-packages/airflow/example_dags/example_trigger_controller_dag.py
[2023-08-19 05:27:21,754] {logging_mixin.py:115} INFO - [2023-08-19 05:27:21,754] {dag.py:2371} INFO - Sync 1 DAGs
[2023-08-19 05:27:21,781] {logging_mixin.py:115} INFO - [2023-08-19 05:27:21,781] {dag.py:2919} INFO - Setting next_dagrun for example_trigger_controller_dag to 2021-01-01T00:00:00+00:00, run_after=2021-01-01T00:00:00+00:00
[2023-08-19 05:27:21,794] {processor.py:161} INFO - Processing /home/airflow/.local/lib/python3.7/site-packages/airflow/example_dags/example_trigger_controller_dag.py took 0.072 seconds
[2023-08-19 05:27:53,375] {processor.py:153} INFO - Started process (PID=610) to work on /home/airflow/.local/lib/python3.7/site-packages/airflow/example_dags/example_trigger_controller_dag.py
[2023-08-19 05:27:53,377] {processor.py:641} INFO - Processing file /home/airflow/.local/lib/python3.7/site-packages/airflow/example_dags/example_trigger_controller_dag.py for tasks to queue
[2023-08-19 05:27:53,378] {logging_mixin.py:115} INFO - [2023-08-19 05:27:53,378] {dagbag.py:507} INFO - Filling up the DagBag from /home/airflow/.local/lib/python3.7/site-packages/airflow/example_dags/example_trigger_controller_dag.py
[2023-08-19 05:27:53,382] {processor.py:651} INFO - DAG(s) dict_keys(['example_trigger_controller_dag']) retrieved from /home/airflow/.local/lib/python3.7/site-packages/airflow/example_dags/example_trigger_controller_dag.py
[2023-08-19 05:27:53,444] {logging_mixin.py:115} INFO - [2023-08-19 05:27:53,443] {dag.py:2371} INFO - Sync 1 DAGs
[2023-08-19 05:27:53,519] {logging_mixin.py:115} INFO - [2023-08-19 05:27:53,519] {dag.py:2919} INFO - Setting next_dagrun for example_trigger_controller_dag to 2021-01-01T00:00:00+00:00, run_after=2021-01-01T00:00:00+00:00
[2023-08-19 05:27:53,560] {processor.py:161} INFO - Processing /home/airflow/.local/lib/python3.7/site-packages/airflow/example_dags/example_trigger_controller_dag.py took 0.190 seconds
[2023-08-19 05:28:23,646] {processor.py:153} INFO - Started process (PID=662) to work on /home/airflow/.local/lib/python3.7/site-packages/airflow/example_dags/example_trigger_controller_dag.py
[2023-08-19 05:28:23,646] {processor.py:641} INFO - Processing file /home/airflow/.local/lib/python3.7/site-packages/airflow/example_dags/example_trigger_controller_dag.py for tasks to queue
[2023-08-19 05:28:23,647] {logging_mixin.py:115} INFO - [2023-08-19 05:28:23,647] {dagbag.py:507} INFO - Filling up the DagBag from /home/airflow/.local/lib/python3.7/site-packages/airflow/example_dags/example_trigger_controller_dag.py
[2023-08-19 05:28:23,649] {processor.py:651} INFO - DAG(s) dict_keys(['example_trigger_controller_dag']) retrieved from /home/airflow/.local/lib/python3.7/site-packages/airflow/example_dags/example_trigger_controller_dag.py
[2023-08-19 05:28:23,671] {logging_mixin.py:115} INFO - [2023-08-19 05:28:23,671] {dag.py:2371} INFO - Sync 1 DAGs
[2023-08-19 05:28:23,693] {logging_mixin.py:115} INFO - [2023-08-19 05:28:23,693] {dag.py:2919} INFO - Setting next_dagrun for example_trigger_controller_dag to 2021-01-01T00:00:00+00:00, run_after=2021-01-01T00:00:00+00:00
[2023-08-19 05:28:23,817] {processor.py:161} INFO - Processing /home/airflow/.local/lib/python3.7/site-packages/airflow/example_dags/example_trigger_controller_dag.py took 0.173 seconds
[2023-08-19 05:28:54,527] {processor.py:153} INFO - Started process (PID=724) to work on /home/airflow/.local/lib/python3.7/site-packages/airflow/example_dags/example_trigger_controller_dag.py
[2023-08-19 05:28:54,528] {processor.py:641} INFO - Processing file /home/airflow/.local/lib/python3.7/site-packages/airflow/example_dags/example_trigger_controller_dag.py for tasks to queue
[2023-08-19 05:28:54,529] {logging_mixin.py:115} INFO - [2023-08-19 05:28:54,529] {dagbag.py:507} INFO - Filling up the DagBag from /home/airflow/.local/lib/python3.7/site-packages/airflow/example_dags/example_trigger_controller_dag.py
[2023-08-19 05:28:54,531] {processor.py:651} INFO - DAG(s) dict_keys(['example_trigger_controller_dag']) retrieved from /home/airflow/.local/lib/python3.7/site-packages/airflow/example_dags/example_trigger_controller_dag.py
[2023-08-19 05:28:54,583] {logging_mixin.py:115} INFO - [2023-08-19 05:28:54,583] {dag.py:2371} INFO - Sync 1 DAGs
[2023-08-19 05:28:54,608] {logging_mixin.py:115} INFO - [2023-08-19 05:28:54,608] {dag.py:2919} INFO - Setting next_dagrun for example_trigger_controller_dag to 2021-01-01T00:00:00+00:00, run_after=2021-01-01T00:00:00+00:00
[2023-08-19 05:28:54,733] {processor.py:161} INFO - Processing /home/airflow/.local/lib/python3.7/site-packages/airflow/example_dags/example_trigger_controller_dag.py took 0.209 seconds
