[2023-08-19 05:23:13,308] {processor.py:153} INFO - Started process (PID=78) to work on /home/airflow/.local/lib/python3.7/site-packages/airflow/example_dags/example_bash_operator.py
[2023-08-19 05:23:13,308] {processor.py:641} INFO - Processing file /home/airflow/.local/lib/python3.7/site-packages/airflow/example_dags/example_bash_operator.py for tasks to queue
[2023-08-19 05:23:13,309] {logging_mixin.py:115} INFO - [2023-08-19 05:23:13,309] {dagbag.py:507} INFO - Filling up the DagBag from /home/airflow/.local/lib/python3.7/site-packages/airflow/example_dags/example_bash_operator.py
[2023-08-19 05:23:13,323] {processor.py:651} INFO - DAG(s) dict_keys(['example_bash_operator']) retrieved from /home/airflow/.local/lib/python3.7/site-packages/airflow/example_dags/example_bash_operator.py
[2023-08-19 05:23:13,596] {logging_mixin.py:115} INFO - [2023-08-19 05:23:13,596] {manager.py:508} INFO - Created Permission View: can read on DAG:example_bash_operator
[2023-08-19 05:23:13,614] {logging_mixin.py:115} INFO - [2023-08-19 05:23:13,613] {manager.py:508} INFO - Created Permission View: can delete on DAG:example_bash_operator
[2023-08-19 05:23:13,628] {logging_mixin.py:115} INFO - [2023-08-19 05:23:13,628] {manager.py:508} INFO - Created Permission View: can edit on DAG:example_bash_operator
[2023-08-19 05:23:13,629] {logging_mixin.py:115} INFO - [2023-08-19 05:23:13,629] {dag.py:2371} INFO - Sync 1 DAGs
[2023-08-19 05:23:13,643] {logging_mixin.py:115} INFO - [2023-08-19 05:23:13,642] {dag.py:2390} INFO - Creating ORM DAG for example_bash_operator
[2023-08-19 05:23:13,667] {logging_mixin.py:115} INFO - [2023-08-19 05:23:13,667] {dag.py:2919} INFO - Setting next_dagrun for example_bash_operator to 2023-08-18T00:00:00+00:00, run_after=2023-08-19T00:00:00+00:00
[2023-08-19 05:23:13,703] {processor.py:161} INFO - Processing /home/airflow/.local/lib/python3.7/site-packages/airflow/example_dags/example_bash_operator.py took 0.398 seconds
[2023-08-19 05:23:44,814] {processor.py:153} INFO - Started process (PID=131) to work on /home/airflow/.local/lib/python3.7/site-packages/airflow/example_dags/example_bash_operator.py
[2023-08-19 05:23:44,814] {processor.py:641} INFO - Processing file /home/airflow/.local/lib/python3.7/site-packages/airflow/example_dags/example_bash_operator.py for tasks to queue
[2023-08-19 05:23:44,815] {logging_mixin.py:115} INFO - [2023-08-19 05:23:44,815] {dagbag.py:507} INFO - Filling up the DagBag from /home/airflow/.local/lib/python3.7/site-packages/airflow/example_dags/example_bash_operator.py
[2023-08-19 05:23:44,831] {processor.py:651} INFO - DAG(s) dict_keys(['example_bash_operator']) retrieved from /home/airflow/.local/lib/python3.7/site-packages/airflow/example_dags/example_bash_operator.py
[2023-08-19 05:23:44,879] {logging_mixin.py:115} INFO - [2023-08-19 05:23:44,879] {dag.py:2371} INFO - Sync 1 DAGs
[2023-08-19 05:23:45,151] {logging_mixin.py:115} INFO - [2023-08-19 05:23:45,151] {dag.py:2919} INFO - Setting next_dagrun for example_bash_operator to 2023-08-18T00:00:00+00:00, run_after=2023-08-19T00:00:00+00:00
[2023-08-19 05:23:45,177] {processor.py:161} INFO - Processing /home/airflow/.local/lib/python3.7/site-packages/airflow/example_dags/example_bash_operator.py took 0.368 seconds
[2023-08-19 05:24:15,778] {processor.py:153} INFO - Started process (PID=191) to work on /home/airflow/.local/lib/python3.7/site-packages/airflow/example_dags/example_bash_operator.py
[2023-08-19 05:24:15,778] {processor.py:641} INFO - Processing file /home/airflow/.local/lib/python3.7/site-packages/airflow/example_dags/example_bash_operator.py for tasks to queue
[2023-08-19 05:24:15,779] {logging_mixin.py:115} INFO - [2023-08-19 05:24:15,779] {dagbag.py:507} INFO - Filling up the DagBag from /home/airflow/.local/lib/python3.7/site-packages/airflow/example_dags/example_bash_operator.py
[2023-08-19 05:24:15,794] {processor.py:651} INFO - DAG(s) dict_keys(['example_bash_operator']) retrieved from /home/airflow/.local/lib/python3.7/site-packages/airflow/example_dags/example_bash_operator.py
[2023-08-19 05:24:15,866] {logging_mixin.py:115} INFO - [2023-08-19 05:24:15,866] {dag.py:2371} INFO - Sync 1 DAGs
[2023-08-19 05:24:16,192] {logging_mixin.py:115} INFO - [2023-08-19 05:24:16,191] {dag.py:2919} INFO - Setting next_dagrun for example_bash_operator to 2023-08-18T00:00:00+00:00, run_after=2023-08-19T00:00:00+00:00
[2023-08-19 05:24:16,223] {processor.py:161} INFO - Processing /home/airflow/.local/lib/python3.7/site-packages/airflow/example_dags/example_bash_operator.py took 0.451 seconds
[2023-08-19 05:24:46,873] {processor.py:153} INFO - Started process (PID=250) to work on /home/airflow/.local/lib/python3.7/site-packages/airflow/example_dags/example_bash_operator.py
[2023-08-19 05:24:46,874] {processor.py:641} INFO - Processing file /home/airflow/.local/lib/python3.7/site-packages/airflow/example_dags/example_bash_operator.py for tasks to queue
[2023-08-19 05:24:46,874] {logging_mixin.py:115} INFO - [2023-08-19 05:24:46,874] {dagbag.py:507} INFO - Filling up the DagBag from /home/airflow/.local/lib/python3.7/site-packages/airflow/example_dags/example_bash_operator.py
[2023-08-19 05:24:46,891] {processor.py:651} INFO - DAG(s) dict_keys(['example_bash_operator']) retrieved from /home/airflow/.local/lib/python3.7/site-packages/airflow/example_dags/example_bash_operator.py
[2023-08-19 05:24:46,929] {logging_mixin.py:115} INFO - [2023-08-19 05:24:46,929] {dag.py:2371} INFO - Sync 1 DAGs
[2023-08-19 05:24:47,270] {logging_mixin.py:115} INFO - [2023-08-19 05:24:47,270] {dag.py:2919} INFO - Setting next_dagrun for example_bash_operator to 2023-08-18T00:00:00+00:00, run_after=2023-08-19T00:00:00+00:00
[2023-08-19 05:24:47,294] {processor.py:161} INFO - Processing /home/airflow/.local/lib/python3.7/site-packages/airflow/example_dags/example_bash_operator.py took 0.428 seconds
[2023-08-19 05:25:17,995] {processor.py:153} INFO - Started process (PID=312) to work on /home/airflow/.local/lib/python3.7/site-packages/airflow/example_dags/example_bash_operator.py
[2023-08-19 05:25:17,996] {processor.py:641} INFO - Processing file /home/airflow/.local/lib/python3.7/site-packages/airflow/example_dags/example_bash_operator.py for tasks to queue
[2023-08-19 05:25:17,997] {logging_mixin.py:115} INFO - [2023-08-19 05:25:17,997] {dagbag.py:507} INFO - Filling up the DagBag from /home/airflow/.local/lib/python3.7/site-packages/airflow/example_dags/example_bash_operator.py
[2023-08-19 05:25:18,015] {processor.py:651} INFO - DAG(s) dict_keys(['example_bash_operator']) retrieved from /home/airflow/.local/lib/python3.7/site-packages/airflow/example_dags/example_bash_operator.py
[2023-08-19 05:25:18,068] {logging_mixin.py:115} INFO - [2023-08-19 05:25:18,067] {dag.py:2371} INFO - Sync 1 DAGs
[2023-08-19 05:25:18,370] {logging_mixin.py:115} INFO - [2023-08-19 05:25:18,370] {dag.py:2919} INFO - Setting next_dagrun for example_bash_operator to 2023-08-18T00:00:00+00:00, run_after=2023-08-19T00:00:00+00:00
[2023-08-19 05:25:18,394] {processor.py:161} INFO - Processing /home/airflow/.local/lib/python3.7/site-packages/airflow/example_dags/example_bash_operator.py took 0.403 seconds
[2023-08-19 05:25:49,108] {processor.py:153} INFO - Started process (PID=365) to work on /home/airflow/.local/lib/python3.7/site-packages/airflow/example_dags/example_bash_operator.py
[2023-08-19 05:25:49,109] {processor.py:641} INFO - Processing file /home/airflow/.local/lib/python3.7/site-packages/airflow/example_dags/example_bash_operator.py for tasks to queue
[2023-08-19 05:25:49,111] {logging_mixin.py:115} INFO - [2023-08-19 05:25:49,111] {dagbag.py:507} INFO - Filling up the DagBag from /home/airflow/.local/lib/python3.7/site-packages/airflow/example_dags/example_bash_operator.py
[2023-08-19 05:25:49,131] {processor.py:651} INFO - DAG(s) dict_keys(['example_bash_operator']) retrieved from /home/airflow/.local/lib/python3.7/site-packages/airflow/example_dags/example_bash_operator.py
[2023-08-19 05:25:49,178] {logging_mixin.py:115} INFO - [2023-08-19 05:25:49,178] {dag.py:2371} INFO - Sync 1 DAGs
[2023-08-19 05:25:49,461] {logging_mixin.py:115} INFO - [2023-08-19 05:25:49,460] {dag.py:2919} INFO - Setting next_dagrun for example_bash_operator to 2023-08-18T00:00:00+00:00, run_after=2023-08-19T00:00:00+00:00
[2023-08-19 05:25:49,483] {processor.py:161} INFO - Processing /home/airflow/.local/lib/python3.7/site-packages/airflow/example_dags/example_bash_operator.py took 0.381 seconds
[2023-08-19 05:26:20,039] {processor.py:153} INFO - Started process (PID=427) to work on /home/airflow/.local/lib/python3.7/site-packages/airflow/example_dags/example_bash_operator.py
[2023-08-19 05:26:20,040] {processor.py:641} INFO - Processing file /home/airflow/.local/lib/python3.7/site-packages/airflow/example_dags/example_bash_operator.py for tasks to queue
[2023-08-19 05:26:20,040] {logging_mixin.py:115} INFO - [2023-08-19 05:26:20,040] {dagbag.py:507} INFO - Filling up the DagBag from /home/airflow/.local/lib/python3.7/site-packages/airflow/example_dags/example_bash_operator.py
[2023-08-19 05:26:20,055] {processor.py:651} INFO - DAG(s) dict_keys(['example_bash_operator']) retrieved from /home/airflow/.local/lib/python3.7/site-packages/airflow/example_dags/example_bash_operator.py
[2023-08-19 05:26:20,099] {logging_mixin.py:115} INFO - [2023-08-19 05:26:20,099] {dag.py:2371} INFO - Sync 1 DAGs
[2023-08-19 05:26:20,326] {logging_mixin.py:115} INFO - [2023-08-19 05:26:20,326] {dag.py:2919} INFO - Setting next_dagrun for example_bash_operator to 2023-08-18T00:00:00+00:00, run_after=2023-08-19T00:00:00+00:00
[2023-08-19 05:26:20,346] {processor.py:161} INFO - Processing /home/airflow/.local/lib/python3.7/site-packages/airflow/example_dags/example_bash_operator.py took 0.311 seconds
[2023-08-19 05:26:50,464] {processor.py:153} INFO - Started process (PID=480) to work on /home/airflow/.local/lib/python3.7/site-packages/airflow/example_dags/example_bash_operator.py
[2023-08-19 05:26:50,472] {processor.py:641} INFO - Processing file /home/airflow/.local/lib/python3.7/site-packages/airflow/example_dags/example_bash_operator.py for tasks to queue
[2023-08-19 05:26:50,473] {logging_mixin.py:115} INFO - [2023-08-19 05:26:50,473] {dagbag.py:507} INFO - Filling up the DagBag from /home/airflow/.local/lib/python3.7/site-packages/airflow/example_dags/example_bash_operator.py
[2023-08-19 05:26:50,491] {processor.py:651} INFO - DAG(s) dict_keys(['example_bash_operator']) retrieved from /home/airflow/.local/lib/python3.7/site-packages/airflow/example_dags/example_bash_operator.py
[2023-08-19 05:26:50,530] {logging_mixin.py:115} INFO - [2023-08-19 05:26:50,530] {dag.py:2371} INFO - Sync 1 DAGs
[2023-08-19 05:26:50,766] {logging_mixin.py:115} INFO - [2023-08-19 05:26:50,766] {dag.py:2919} INFO - Setting next_dagrun for example_bash_operator to 2023-08-18T00:00:00+00:00, run_after=2023-08-19T00:00:00+00:00
[2023-08-19 05:26:50,788] {processor.py:161} INFO - Processing /home/airflow/.local/lib/python3.7/site-packages/airflow/example_dags/example_bash_operator.py took 0.328 seconds
[2023-08-19 05:27:20,932] {processor.py:153} INFO - Started process (PID=542) to work on /home/airflow/.local/lib/python3.7/site-packages/airflow/example_dags/example_bash_operator.py
[2023-08-19 05:27:20,933] {processor.py:641} INFO - Processing file /home/airflow/.local/lib/python3.7/site-packages/airflow/example_dags/example_bash_operator.py for tasks to queue
[2023-08-19 05:27:20,934] {logging_mixin.py:115} INFO - [2023-08-19 05:27:20,934] {dagbag.py:507} INFO - Filling up the DagBag from /home/airflow/.local/lib/python3.7/site-packages/airflow/example_dags/example_bash_operator.py
[2023-08-19 05:27:20,950] {processor.py:651} INFO - DAG(s) dict_keys(['example_bash_operator']) retrieved from /home/airflow/.local/lib/python3.7/site-packages/airflow/example_dags/example_bash_operator.py
[2023-08-19 05:27:20,988] {logging_mixin.py:115} INFO - [2023-08-19 05:27:20,988] {dag.py:2371} INFO - Sync 1 DAGs
[2023-08-19 05:27:21,181] {logging_mixin.py:115} INFO - [2023-08-19 05:27:21,181] {dag.py:2919} INFO - Setting next_dagrun for example_bash_operator to 2023-08-18T00:00:00+00:00, run_after=2023-08-19T00:00:00+00:00
[2023-08-19 05:27:21,195] {processor.py:161} INFO - Processing /home/airflow/.local/lib/python3.7/site-packages/airflow/example_dags/example_bash_operator.py took 0.265 seconds
[2023-08-19 05:27:51,882] {processor.py:153} INFO - Started process (PID=602) to work on /home/airflow/.local/lib/python3.7/site-packages/airflow/example_dags/example_bash_operator.py
[2023-08-19 05:27:51,883] {processor.py:641} INFO - Processing file /home/airflow/.local/lib/python3.7/site-packages/airflow/example_dags/example_bash_operator.py for tasks to queue
[2023-08-19 05:27:51,883] {logging_mixin.py:115} INFO - [2023-08-19 05:27:51,883] {dagbag.py:507} INFO - Filling up the DagBag from /home/airflow/.local/lib/python3.7/site-packages/airflow/example_dags/example_bash_operator.py
[2023-08-19 05:27:51,904] {processor.py:651} INFO - DAG(s) dict_keys(['example_bash_operator']) retrieved from /home/airflow/.local/lib/python3.7/site-packages/airflow/example_dags/example_bash_operator.py
[2023-08-19 05:27:51,954] {logging_mixin.py:115} INFO - [2023-08-19 05:27:51,953] {dag.py:2371} INFO - Sync 1 DAGs
[2023-08-19 05:27:52,307] {logging_mixin.py:115} INFO - [2023-08-19 05:27:52,307] {dag.py:2919} INFO - Setting next_dagrun for example_bash_operator to 2023-08-18T00:00:00+00:00, run_after=2023-08-19T00:00:00+00:00
[2023-08-19 05:27:52,331] {processor.py:161} INFO - Processing /home/airflow/.local/lib/python3.7/site-packages/airflow/example_dags/example_bash_operator.py took 0.451 seconds
[2023-08-19 05:28:22,641] {processor.py:153} INFO - Started process (PID=657) to work on /home/airflow/.local/lib/python3.7/site-packages/airflow/example_dags/example_bash_operator.py
[2023-08-19 05:28:22,641] {processor.py:641} INFO - Processing file /home/airflow/.local/lib/python3.7/site-packages/airflow/example_dags/example_bash_operator.py for tasks to queue
[2023-08-19 05:28:22,642] {logging_mixin.py:115} INFO - [2023-08-19 05:28:22,642] {dagbag.py:507} INFO - Filling up the DagBag from /home/airflow/.local/lib/python3.7/site-packages/airflow/example_dags/example_bash_operator.py
[2023-08-19 05:28:22,653] {processor.py:651} INFO - DAG(s) dict_keys(['example_bash_operator']) retrieved from /home/airflow/.local/lib/python3.7/site-packages/airflow/example_dags/example_bash_operator.py
[2023-08-19 05:28:22,688] {logging_mixin.py:115} INFO - [2023-08-19 05:28:22,688] {dag.py:2371} INFO - Sync 1 DAGs
[2023-08-19 05:28:22,885] {logging_mixin.py:115} INFO - [2023-08-19 05:28:22,885] {dag.py:2919} INFO - Setting next_dagrun for example_bash_operator to 2023-08-18T00:00:00+00:00, run_after=2023-08-19T00:00:00+00:00
[2023-08-19 05:28:22,905] {processor.py:161} INFO - Processing /home/airflow/.local/lib/python3.7/site-packages/airflow/example_dags/example_bash_operator.py took 0.269 seconds
[2023-08-19 05:28:53,282] {processor.py:153} INFO - Started process (PID=710) to work on /home/airflow/.local/lib/python3.7/site-packages/airflow/example_dags/example_bash_operator.py
[2023-08-19 05:28:53,282] {processor.py:641} INFO - Processing file /home/airflow/.local/lib/python3.7/site-packages/airflow/example_dags/example_bash_operator.py for tasks to queue
[2023-08-19 05:28:53,283] {logging_mixin.py:115} INFO - [2023-08-19 05:28:53,283] {dagbag.py:507} INFO - Filling up the DagBag from /home/airflow/.local/lib/python3.7/site-packages/airflow/example_dags/example_bash_operator.py
[2023-08-19 05:28:53,298] {processor.py:651} INFO - DAG(s) dict_keys(['example_bash_operator']) retrieved from /home/airflow/.local/lib/python3.7/site-packages/airflow/example_dags/example_bash_operator.py
[2023-08-19 05:28:53,328] {logging_mixin.py:115} INFO - [2023-08-19 05:28:53,328] {dag.py:2371} INFO - Sync 1 DAGs
[2023-08-19 05:28:53,549] {logging_mixin.py:115} INFO - [2023-08-19 05:28:53,548] {dag.py:2919} INFO - Setting next_dagrun for example_bash_operator to 2023-08-18T00:00:00+00:00, run_after=2023-08-19T00:00:00+00:00
[2023-08-19 05:28:53,567] {processor.py:161} INFO - Processing /home/airflow/.local/lib/python3.7/site-packages/airflow/example_dags/example_bash_operator.py took 0.287 seconds
