[2023-08-19 05:23:15,030] {processor.py:153} INFO - Started process (PID=83) to work on /home/airflow/.local/lib/python3.7/site-packages/airflow/example_dags/example_complex.py
[2023-08-19 05:23:15,032] {processor.py:641} INFO - Processing file /home/airflow/.local/lib/python3.7/site-packages/airflow/example_dags/example_complex.py for tasks to queue
[2023-08-19 05:23:15,034] {logging_mixin.py:115} INFO - [2023-08-19 05:23:15,034] {dagbag.py:507} INFO - Filling up the DagBag from /home/airflow/.local/lib/python3.7/site-packages/airflow/example_dags/example_complex.py
[2023-08-19 05:23:15,069] {processor.py:651} INFO - DAG(s) dict_keys(['example_complex']) retrieved from /home/airflow/.local/lib/python3.7/site-packages/airflow/example_dags/example_complex.py
[2023-08-19 05:23:15,585] {logging_mixin.py:115} INFO - [2023-08-19 05:23:15,584] {manager.py:508} INFO - Created Permission View: can read on DAG:example_complex
[2023-08-19 05:23:15,610] {logging_mixin.py:115} INFO - [2023-08-19 05:23:15,609] {manager.py:508} INFO - Created Permission View: can delete on DAG:example_complex
[2023-08-19 05:23:15,630] {logging_mixin.py:115} INFO - [2023-08-19 05:23:15,629] {manager.py:508} INFO - Created Permission View: can edit on DAG:example_complex
[2023-08-19 05:23:15,630] {logging_mixin.py:115} INFO - [2023-08-19 05:23:15,630] {dag.py:2371} INFO - Sync 1 DAGs
[2023-08-19 05:23:15,647] {logging_mixin.py:115} INFO - [2023-08-19 05:23:15,647] {dag.py:2390} INFO - Creating ORM DAG for example_complex
[2023-08-19 05:23:15,667] {logging_mixin.py:115} INFO - [2023-08-19 05:23:15,667] {dag.py:2919} INFO - Setting next_dagrun for example_complex to None, run_after=None
[2023-08-19 05:23:15,700] {processor.py:161} INFO - Processing /home/airflow/.local/lib/python3.7/site-packages/airflow/example_dags/example_complex.py took 0.675 seconds
[2023-08-19 05:23:46,394] {processor.py:153} INFO - Started process (PID=136) to work on /home/airflow/.local/lib/python3.7/site-packages/airflow/example_dags/example_complex.py
[2023-08-19 05:23:46,400] {processor.py:641} INFO - Processing file /home/airflow/.local/lib/python3.7/site-packages/airflow/example_dags/example_complex.py for tasks to queue
[2023-08-19 05:23:46,401] {logging_mixin.py:115} INFO - [2023-08-19 05:23:46,401] {dagbag.py:507} INFO - Filling up the DagBag from /home/airflow/.local/lib/python3.7/site-packages/airflow/example_dags/example_complex.py
[2023-08-19 05:23:46,434] {processor.py:651} INFO - DAG(s) dict_keys(['example_complex']) retrieved from /home/airflow/.local/lib/python3.7/site-packages/airflow/example_dags/example_complex.py
[2023-08-19 05:23:46,495] {logging_mixin.py:115} INFO - [2023-08-19 05:23:46,495] {dag.py:2371} INFO - Sync 1 DAGs
[2023-08-19 05:23:46,532] {logging_mixin.py:115} INFO - [2023-08-19 05:23:46,532] {dag.py:2919} INFO - Setting next_dagrun for example_complex to None, run_after=None
[2023-08-19 05:23:46,807] {processor.py:161} INFO - Processing /home/airflow/.local/lib/python3.7/site-packages/airflow/example_dags/example_complex.py took 0.419 seconds
[2023-08-19 05:24:17,007] {processor.py:153} INFO - Started process (PID=199) to work on /home/airflow/.local/lib/python3.7/site-packages/airflow/example_dags/example_complex.py
[2023-08-19 05:24:17,008] {processor.py:641} INFO - Processing file /home/airflow/.local/lib/python3.7/site-packages/airflow/example_dags/example_complex.py for tasks to queue
[2023-08-19 05:24:17,008] {logging_mixin.py:115} INFO - [2023-08-19 05:24:17,008] {dagbag.py:507} INFO - Filling up the DagBag from /home/airflow/.local/lib/python3.7/site-packages/airflow/example_dags/example_complex.py
[2023-08-19 05:24:17,025] {processor.py:651} INFO - DAG(s) dict_keys(['example_complex']) retrieved from /home/airflow/.local/lib/python3.7/site-packages/airflow/example_dags/example_complex.py
[2023-08-19 05:24:17,089] {logging_mixin.py:115} INFO - [2023-08-19 05:24:17,089] {dag.py:2371} INFO - Sync 1 DAGs
[2023-08-19 05:24:17,149] {logging_mixin.py:115} INFO - [2023-08-19 05:24:17,149] {dag.py:2919} INFO - Setting next_dagrun for example_complex to None, run_after=None
[2023-08-19 05:24:17,387] {processor.py:161} INFO - Processing /home/airflow/.local/lib/python3.7/site-packages/airflow/example_dags/example_complex.py took 0.388 seconds
[2023-08-19 05:24:47,928] {processor.py:153} INFO - Started process (PID=255) to work on /home/airflow/.local/lib/python3.7/site-packages/airflow/example_dags/example_complex.py
[2023-08-19 05:24:47,933] {processor.py:641} INFO - Processing file /home/airflow/.local/lib/python3.7/site-packages/airflow/example_dags/example_complex.py for tasks to queue
[2023-08-19 05:24:47,934] {logging_mixin.py:115} INFO - [2023-08-19 05:24:47,934] {dagbag.py:507} INFO - Filling up the DagBag from /home/airflow/.local/lib/python3.7/site-packages/airflow/example_dags/example_complex.py
[2023-08-19 05:24:47,955] {processor.py:651} INFO - DAG(s) dict_keys(['example_complex']) retrieved from /home/airflow/.local/lib/python3.7/site-packages/airflow/example_dags/example_complex.py
[2023-08-19 05:24:48,004] {logging_mixin.py:115} INFO - [2023-08-19 05:24:48,004] {dag.py:2371} INFO - Sync 1 DAGs
[2023-08-19 05:24:48,046] {logging_mixin.py:115} INFO - [2023-08-19 05:24:48,045] {dag.py:2919} INFO - Setting next_dagrun for example_complex to None, run_after=None
[2023-08-19 05:24:48,257] {processor.py:161} INFO - Processing /home/airflow/.local/lib/python3.7/site-packages/airflow/example_dags/example_complex.py took 0.332 seconds
[2023-08-19 05:25:19,138] {processor.py:153} INFO - Started process (PID=317) to work on /home/airflow/.local/lib/python3.7/site-packages/airflow/example_dags/example_complex.py
[2023-08-19 05:25:19,143] {processor.py:641} INFO - Processing file /home/airflow/.local/lib/python3.7/site-packages/airflow/example_dags/example_complex.py for tasks to queue
[2023-08-19 05:25:19,144] {logging_mixin.py:115} INFO - [2023-08-19 05:25:19,144] {dagbag.py:507} INFO - Filling up the DagBag from /home/airflow/.local/lib/python3.7/site-packages/airflow/example_dags/example_complex.py
[2023-08-19 05:25:19,164] {processor.py:651} INFO - DAG(s) dict_keys(['example_complex']) retrieved from /home/airflow/.local/lib/python3.7/site-packages/airflow/example_dags/example_complex.py
[2023-08-19 05:25:19,215] {logging_mixin.py:115} INFO - [2023-08-19 05:25:19,215] {dag.py:2371} INFO - Sync 1 DAGs
[2023-08-19 05:25:19,265] {logging_mixin.py:115} INFO - [2023-08-19 05:25:19,265] {dag.py:2919} INFO - Setting next_dagrun for example_complex to None, run_after=None
[2023-08-19 05:25:19,492] {processor.py:161} INFO - Processing /home/airflow/.local/lib/python3.7/site-packages/airflow/example_dags/example_complex.py took 0.358 seconds
[2023-08-19 05:25:49,994] {processor.py:153} INFO - Started process (PID=370) to work on /home/airflow/.local/lib/python3.7/site-packages/airflow/example_dags/example_complex.py
[2023-08-19 05:25:49,995] {processor.py:641} INFO - Processing file /home/airflow/.local/lib/python3.7/site-packages/airflow/example_dags/example_complex.py for tasks to queue
[2023-08-19 05:25:49,995] {logging_mixin.py:115} INFO - [2023-08-19 05:25:49,995] {dagbag.py:507} INFO - Filling up the DagBag from /home/airflow/.local/lib/python3.7/site-packages/airflow/example_dags/example_complex.py
[2023-08-19 05:25:50,011] {processor.py:651} INFO - DAG(s) dict_keys(['example_complex']) retrieved from /home/airflow/.local/lib/python3.7/site-packages/airflow/example_dags/example_complex.py
[2023-08-19 05:25:50,045] {logging_mixin.py:115} INFO - [2023-08-19 05:25:50,045] {dag.py:2371} INFO - Sync 1 DAGs
[2023-08-19 05:25:50,074] {logging_mixin.py:115} INFO - [2023-08-19 05:25:50,074] {dag.py:2919} INFO - Setting next_dagrun for example_complex to None, run_after=None
[2023-08-19 05:25:50,208] {processor.py:161} INFO - Processing /home/airflow/.local/lib/python3.7/site-packages/airflow/example_dags/example_complex.py took 0.216 seconds
[2023-08-19 05:26:20,785] {processor.py:153} INFO - Started process (PID=432) to work on /home/airflow/.local/lib/python3.7/site-packages/airflow/example_dags/example_complex.py
[2023-08-19 05:26:20,786] {processor.py:641} INFO - Processing file /home/airflow/.local/lib/python3.7/site-packages/airflow/example_dags/example_complex.py for tasks to queue
[2023-08-19 05:26:20,787] {logging_mixin.py:115} INFO - [2023-08-19 05:26:20,787] {dagbag.py:507} INFO - Filling up the DagBag from /home/airflow/.local/lib/python3.7/site-packages/airflow/example_dags/example_complex.py
[2023-08-19 05:26:20,801] {processor.py:651} INFO - DAG(s) dict_keys(['example_complex']) retrieved from /home/airflow/.local/lib/python3.7/site-packages/airflow/example_dags/example_complex.py
[2023-08-19 05:26:20,835] {logging_mixin.py:115} INFO - [2023-08-19 05:26:20,834] {dag.py:2371} INFO - Sync 1 DAGs
[2023-08-19 05:26:20,860] {logging_mixin.py:115} INFO - [2023-08-19 05:26:20,860] {dag.py:2919} INFO - Setting next_dagrun for example_complex to None, run_after=None
[2023-08-19 05:26:20,989] {processor.py:161} INFO - Processing /home/airflow/.local/lib/python3.7/site-packages/airflow/example_dags/example_complex.py took 0.207 seconds
[2023-08-19 05:26:51,158] {processor.py:153} INFO - Started process (PID=485) to work on /home/airflow/.local/lib/python3.7/site-packages/airflow/example_dags/example_complex.py
[2023-08-19 05:26:51,159] {processor.py:641} INFO - Processing file /home/airflow/.local/lib/python3.7/site-packages/airflow/example_dags/example_complex.py for tasks to queue
[2023-08-19 05:26:51,159] {logging_mixin.py:115} INFO - [2023-08-19 05:26:51,159] {dagbag.py:507} INFO - Filling up the DagBag from /home/airflow/.local/lib/python3.7/site-packages/airflow/example_dags/example_complex.py
[2023-08-19 05:26:51,173] {processor.py:651} INFO - DAG(s) dict_keys(['example_complex']) retrieved from /home/airflow/.local/lib/python3.7/site-packages/airflow/example_dags/example_complex.py
[2023-08-19 05:26:51,206] {logging_mixin.py:115} INFO - [2023-08-19 05:26:51,206] {dag.py:2371} INFO - Sync 1 DAGs
[2023-08-19 05:26:51,232] {logging_mixin.py:115} INFO - [2023-08-19 05:26:51,232] {dag.py:2919} INFO - Setting next_dagrun for example_complex to None, run_after=None
[2023-08-19 05:26:51,359] {processor.py:161} INFO - Processing /home/airflow/.local/lib/python3.7/site-packages/airflow/example_dags/example_complex.py took 0.204 seconds
[2023-08-19 05:27:21,635] {processor.py:153} INFO - Started process (PID=547) to work on /home/airflow/.local/lib/python3.7/site-packages/airflow/example_dags/example_complex.py
[2023-08-19 05:27:21,636] {processor.py:641} INFO - Processing file /home/airflow/.local/lib/python3.7/site-packages/airflow/example_dags/example_complex.py for tasks to queue
[2023-08-19 05:27:21,637] {logging_mixin.py:115} INFO - [2023-08-19 05:27:21,637] {dagbag.py:507} INFO - Filling up the DagBag from /home/airflow/.local/lib/python3.7/site-packages/airflow/example_dags/example_complex.py
[2023-08-19 05:27:21,652] {processor.py:651} INFO - DAG(s) dict_keys(['example_complex']) retrieved from /home/airflow/.local/lib/python3.7/site-packages/airflow/example_dags/example_complex.py
[2023-08-19 05:27:21,685] {logging_mixin.py:115} INFO - [2023-08-19 05:27:21,685] {dag.py:2371} INFO - Sync 1 DAGs
[2023-08-19 05:27:21,712] {logging_mixin.py:115} INFO - [2023-08-19 05:27:21,712] {dag.py:2919} INFO - Setting next_dagrun for example_complex to None, run_after=None
[2023-08-19 05:27:21,839] {processor.py:161} INFO - Processing /home/airflow/.local/lib/python3.7/site-packages/airflow/example_dags/example_complex.py took 0.208 seconds
[2023-08-19 05:27:53,140] {processor.py:153} INFO - Started process (PID=609) to work on /home/airflow/.local/lib/python3.7/site-packages/airflow/example_dags/example_complex.py
[2023-08-19 05:27:53,141] {processor.py:641} INFO - Processing file /home/airflow/.local/lib/python3.7/site-packages/airflow/example_dags/example_complex.py for tasks to queue
[2023-08-19 05:27:53,141] {logging_mixin.py:115} INFO - [2023-08-19 05:27:53,141] {dagbag.py:507} INFO - Filling up the DagBag from /home/airflow/.local/lib/python3.7/site-packages/airflow/example_dags/example_complex.py
[2023-08-19 05:27:53,165] {processor.py:651} INFO - DAG(s) dict_keys(['example_complex']) retrieved from /home/airflow/.local/lib/python3.7/site-packages/airflow/example_dags/example_complex.py
[2023-08-19 05:27:53,228] {logging_mixin.py:115} INFO - [2023-08-19 05:27:53,228] {dag.py:2371} INFO - Sync 1 DAGs
[2023-08-19 05:27:53,283] {logging_mixin.py:115} INFO - [2023-08-19 05:27:53,282] {dag.py:2919} INFO - Setting next_dagrun for example_complex to None, run_after=None
[2023-08-19 05:27:53,676] {processor.py:161} INFO - Processing /home/airflow/.local/lib/python3.7/site-packages/airflow/example_dags/example_complex.py took 0.542 seconds
[2023-08-19 05:28:23,841] {processor.py:153} INFO - Started process (PID=663) to work on /home/airflow/.local/lib/python3.7/site-packages/airflow/example_dags/example_complex.py
[2023-08-19 05:28:23,842] {processor.py:641} INFO - Processing file /home/airflow/.local/lib/python3.7/site-packages/airflow/example_dags/example_complex.py for tasks to queue
[2023-08-19 05:28:23,843] {logging_mixin.py:115} INFO - [2023-08-19 05:28:23,843] {dagbag.py:507} INFO - Filling up the DagBag from /home/airflow/.local/lib/python3.7/site-packages/airflow/example_dags/example_complex.py
[2023-08-19 05:28:23,859] {processor.py:651} INFO - DAG(s) dict_keys(['example_complex']) retrieved from /home/airflow/.local/lib/python3.7/site-packages/airflow/example_dags/example_complex.py
[2023-08-19 05:28:23,892] {logging_mixin.py:115} INFO - [2023-08-19 05:28:23,892] {dag.py:2371} INFO - Sync 1 DAGs
[2023-08-19 05:28:24,028] {logging_mixin.py:115} INFO - [2023-08-19 05:28:24,027] {dag.py:2919} INFO - Setting next_dagrun for example_complex to None, run_after=None
[2023-08-19 05:28:24,047] {processor.py:161} INFO - Processing /home/airflow/.local/lib/python3.7/site-packages/airflow/example_dags/example_complex.py took 0.209 seconds
[2023-08-19 05:28:54,756] {processor.py:153} INFO - Started process (PID=725) to work on /home/airflow/.local/lib/python3.7/site-packages/airflow/example_dags/example_complex.py
[2023-08-19 05:28:54,757] {processor.py:641} INFO - Processing file /home/airflow/.local/lib/python3.7/site-packages/airflow/example_dags/example_complex.py for tasks to queue
[2023-08-19 05:28:54,757] {logging_mixin.py:115} INFO - [2023-08-19 05:28:54,757] {dagbag.py:507} INFO - Filling up the DagBag from /home/airflow/.local/lib/python3.7/site-packages/airflow/example_dags/example_complex.py
[2023-08-19 05:28:54,769] {processor.py:651} INFO - DAG(s) dict_keys(['example_complex']) retrieved from /home/airflow/.local/lib/python3.7/site-packages/airflow/example_dags/example_complex.py
[2023-08-19 05:28:54,796] {logging_mixin.py:115} INFO - [2023-08-19 05:28:54,796] {dag.py:2371} INFO - Sync 1 DAGs
[2023-08-19 05:28:55,036] {logging_mixin.py:115} INFO - [2023-08-19 05:28:55,036] {dag.py:2919} INFO - Setting next_dagrun for example_complex to None, run_after=None
[2023-08-19 05:28:55,054] {processor.py:161} INFO - Processing /home/airflow/.local/lib/python3.7/site-packages/airflow/example_dags/example_complex.py took 0.302 seconds
