[2023-08-19 05:23:17,595] {processor.py:153} INFO - Started process (PID=90) to work on /home/airflow/.local/lib/python3.7/site-packages/airflow/example_dags/example_subdag_operator.py
[2023-08-19 05:23:17,596] {processor.py:641} INFO - Processing file /home/airflow/.local/lib/python3.7/site-packages/airflow/example_dags/example_subdag_operator.py for tasks to queue
[2023-08-19 05:23:17,597] {logging_mixin.py:115} INFO - [2023-08-19 05:23:17,597] {dagbag.py:507} INFO - Filling up the DagBag from /home/airflow/.local/lib/python3.7/site-packages/airflow/example_dags/example_subdag_operator.py
[2023-08-19 05:23:17,655] {processor.py:651} INFO - DAG(s) dict_keys(['example_subdag_operator.section-1', 'example_subdag_operator.section-2', 'example_subdag_operator']) retrieved from /home/airflow/.local/lib/python3.7/site-packages/airflow/example_dags/example_subdag_operator.py
[2023-08-19 05:23:18,179] {logging_mixin.py:115} INFO - [2023-08-19 05:23:18,179] {manager.py:508} INFO - Created Permission View: can read on DAG:example_subdag_operator
[2023-08-19 05:23:18,198] {logging_mixin.py:115} INFO - [2023-08-19 05:23:18,198] {manager.py:508} INFO - Created Permission View: can delete on DAG:example_subdag_operator
[2023-08-19 05:23:18,212] {logging_mixin.py:115} INFO - [2023-08-19 05:23:18,212] {manager.py:508} INFO - Created Permission View: can edit on DAG:example_subdag_operator
[2023-08-19 05:23:18,213] {logging_mixin.py:115} INFO - [2023-08-19 05:23:18,212] {dag.py:2371} INFO - Sync 3 DAGs
[2023-08-19 05:23:18,229] {logging_mixin.py:115} INFO - [2023-08-19 05:23:18,229] {dag.py:2390} INFO - Creating ORM DAG for example_subdag_operator.section-2
[2023-08-19 05:23:18,230] {logging_mixin.py:115} INFO - [2023-08-19 05:23:18,230] {dag.py:2390} INFO - Creating ORM DAG for example_subdag_operator
[2023-08-19 05:23:18,231] {logging_mixin.py:115} INFO - [2023-08-19 05:23:18,231] {dag.py:2390} INFO - Creating ORM DAG for example_subdag_operator.section-1
[2023-08-19 05:23:18,256] {logging_mixin.py:115} INFO - [2023-08-19 05:23:18,255] {dag.py:2919} INFO - Setting next_dagrun for example_subdag_operator to 2023-08-17T00:00:00+00:00, run_after=2023-08-17T00:00:00+00:00
[2023-08-19 05:23:18,258] {logging_mixin.py:115} INFO - [2023-08-19 05:23:18,258] {dag.py:2919} INFO - Setting next_dagrun for example_subdag_operator.section-1 to None, run_after=None
[2023-08-19 05:23:18,259] {logging_mixin.py:115} INFO - [2023-08-19 05:23:18,259] {dag.py:2919} INFO - Setting next_dagrun for example_subdag_operator.section-2 to None, run_after=None
[2023-08-19 05:23:18,281] {logging_mixin.py:115} INFO - [2023-08-19 05:23:18,281] {dag.py:2371} INFO - Sync 2 DAGs
[2023-08-19 05:23:18,299] {logging_mixin.py:115} INFO - [2023-08-19 05:23:18,299] {dag.py:2919} INFO - Setting next_dagrun for example_subdag_operator.section-1 to None, run_after=None
[2023-08-19 05:23:18,300] {logging_mixin.py:115} INFO - [2023-08-19 05:23:18,300] {dag.py:2919} INFO - Setting next_dagrun for example_subdag_operator.section-2 to None, run_after=None
[2023-08-19 05:23:18,326] {processor.py:161} INFO - Processing /home/airflow/.local/lib/python3.7/site-packages/airflow/example_dags/example_subdag_operator.py took 0.734 seconds
[2023-08-19 05:23:48,577] {processor.py:153} INFO - Started process (PID=143) to work on /home/airflow/.local/lib/python3.7/site-packages/airflow/example_dags/example_subdag_operator.py
[2023-08-19 05:23:48,578] {processor.py:641} INFO - Processing file /home/airflow/.local/lib/python3.7/site-packages/airflow/example_dags/example_subdag_operator.py for tasks to queue
[2023-08-19 05:23:48,579] {logging_mixin.py:115} INFO - [2023-08-19 05:23:48,579] {dagbag.py:507} INFO - Filling up the DagBag from /home/airflow/.local/lib/python3.7/site-packages/airflow/example_dags/example_subdag_operator.py
[2023-08-19 05:23:48,615] {processor.py:651} INFO - DAG(s) dict_keys(['example_subdag_operator.section-1', 'example_subdag_operator.section-2', 'example_subdag_operator']) retrieved from /home/airflow/.local/lib/python3.7/site-packages/airflow/example_dags/example_subdag_operator.py
[2023-08-19 05:23:48,662] {logging_mixin.py:115} INFO - [2023-08-19 05:23:48,662] {dag.py:2371} INFO - Sync 3 DAGs
[2023-08-19 05:23:48,697] {logging_mixin.py:115} INFO - [2023-08-19 05:23:48,697] {dag.py:2919} INFO - Setting next_dagrun for example_subdag_operator to 2023-08-17T00:00:00+00:00, run_after=2023-08-17T00:00:00+00:00
[2023-08-19 05:23:48,698] {logging_mixin.py:115} INFO - [2023-08-19 05:23:48,698] {dag.py:2919} INFO - Setting next_dagrun for example_subdag_operator.section-1 to None, run_after=None
[2023-08-19 05:23:48,698] {logging_mixin.py:115} INFO - [2023-08-19 05:23:48,698] {dag.py:2919} INFO - Setting next_dagrun for example_subdag_operator.section-2 to None, run_after=None
[2023-08-19 05:23:48,868] {logging_mixin.py:115} INFO - [2023-08-19 05:23:48,868] {dag.py:2371} INFO - Sync 2 DAGs
[2023-08-19 05:23:48,875] {logging_mixin.py:115} INFO - [2023-08-19 05:23:48,875] {dag.py:2919} INFO - Setting next_dagrun for example_subdag_operator.section-1 to None, run_after=None
[2023-08-19 05:23:48,876] {logging_mixin.py:115} INFO - [2023-08-19 05:23:48,875] {dag.py:2919} INFO - Setting next_dagrun for example_subdag_operator.section-2 to None, run_after=None
[2023-08-19 05:23:48,885] {processor.py:161} INFO - Processing /home/airflow/.local/lib/python3.7/site-packages/airflow/example_dags/example_subdag_operator.py took 0.313 seconds
[2023-08-19 05:24:19,396] {processor.py:153} INFO - Started process (PID=205) to work on /home/airflow/.local/lib/python3.7/site-packages/airflow/example_dags/example_subdag_operator.py
[2023-08-19 05:24:19,398] {processor.py:641} INFO - Processing file /home/airflow/.local/lib/python3.7/site-packages/airflow/example_dags/example_subdag_operator.py for tasks to queue
[2023-08-19 05:24:19,398] {logging_mixin.py:115} INFO - [2023-08-19 05:24:19,398] {dagbag.py:507} INFO - Filling up the DagBag from /home/airflow/.local/lib/python3.7/site-packages/airflow/example_dags/example_subdag_operator.py
[2023-08-19 05:24:19,444] {processor.py:651} INFO - DAG(s) dict_keys(['example_subdag_operator.section-1', 'example_subdag_operator.section-2', 'example_subdag_operator']) retrieved from /home/airflow/.local/lib/python3.7/site-packages/airflow/example_dags/example_subdag_operator.py
[2023-08-19 05:24:19,500] {logging_mixin.py:115} INFO - [2023-08-19 05:24:19,500] {dag.py:2371} INFO - Sync 3 DAGs
[2023-08-19 05:24:19,565] {logging_mixin.py:115} INFO - [2023-08-19 05:24:19,564] {dag.py:2919} INFO - Setting next_dagrun for example_subdag_operator to 2023-08-17T00:00:00+00:00, run_after=2023-08-17T00:00:00+00:00
[2023-08-19 05:24:19,566] {logging_mixin.py:115} INFO - [2023-08-19 05:24:19,566] {dag.py:2919} INFO - Setting next_dagrun for example_subdag_operator.section-1 to None, run_after=None
[2023-08-19 05:24:19,568] {logging_mixin.py:115} INFO - [2023-08-19 05:24:19,568] {dag.py:2919} INFO - Setting next_dagrun for example_subdag_operator.section-2 to None, run_after=None
[2023-08-19 05:24:19,865] {logging_mixin.py:115} INFO - [2023-08-19 05:24:19,865] {dag.py:2371} INFO - Sync 2 DAGs
[2023-08-19 05:24:19,884] {logging_mixin.py:115} INFO - [2023-08-19 05:24:19,884] {dag.py:2919} INFO - Setting next_dagrun for example_subdag_operator.section-1 to None, run_after=None
[2023-08-19 05:24:19,885] {logging_mixin.py:115} INFO - [2023-08-19 05:24:19,885] {dag.py:2919} INFO - Setting next_dagrun for example_subdag_operator.section-2 to None, run_after=None
[2023-08-19 05:24:19,899] {processor.py:161} INFO - Processing /home/airflow/.local/lib/python3.7/site-packages/airflow/example_dags/example_subdag_operator.py took 0.512 seconds
[2023-08-19 05:24:50,555] {processor.py:153} INFO - Started process (PID=262) to work on /home/airflow/.local/lib/python3.7/site-packages/airflow/example_dags/example_subdag_operator.py
[2023-08-19 05:24:50,556] {processor.py:641} INFO - Processing file /home/airflow/.local/lib/python3.7/site-packages/airflow/example_dags/example_subdag_operator.py for tasks to queue
[2023-08-19 05:24:50,556] {logging_mixin.py:115} INFO - [2023-08-19 05:24:50,556] {dagbag.py:507} INFO - Filling up the DagBag from /home/airflow/.local/lib/python3.7/site-packages/airflow/example_dags/example_subdag_operator.py
[2023-08-19 05:24:50,584] {processor.py:651} INFO - DAG(s) dict_keys(['example_subdag_operator.section-1', 'example_subdag_operator.section-2', 'example_subdag_operator']) retrieved from /home/airflow/.local/lib/python3.7/site-packages/airflow/example_dags/example_subdag_operator.py
[2023-08-19 05:24:50,632] {logging_mixin.py:115} INFO - [2023-08-19 05:24:50,632] {dag.py:2371} INFO - Sync 3 DAGs
[2023-08-19 05:24:50,682] {logging_mixin.py:115} INFO - [2023-08-19 05:24:50,682] {dag.py:2919} INFO - Setting next_dagrun for example_subdag_operator to 2023-08-17T00:00:00+00:00, run_after=2023-08-17T00:00:00+00:00
[2023-08-19 05:24:50,683] {logging_mixin.py:115} INFO - [2023-08-19 05:24:50,683] {dag.py:2919} INFO - Setting next_dagrun for example_subdag_operator.section-1 to None, run_after=None
[2023-08-19 05:24:50,683] {logging_mixin.py:115} INFO - [2023-08-19 05:24:50,683] {dag.py:2919} INFO - Setting next_dagrun for example_subdag_operator.section-2 to None, run_after=None
[2023-08-19 05:24:50,942] {logging_mixin.py:115} INFO - [2023-08-19 05:24:50,942] {dag.py:2371} INFO - Sync 2 DAGs
[2023-08-19 05:24:50,949] {logging_mixin.py:115} INFO - [2023-08-19 05:24:50,948] {dag.py:2919} INFO - Setting next_dagrun for example_subdag_operator.section-1 to None, run_after=None
[2023-08-19 05:24:50,949] {logging_mixin.py:115} INFO - [2023-08-19 05:24:50,949] {dag.py:2919} INFO - Setting next_dagrun for example_subdag_operator.section-2 to None, run_after=None
[2023-08-19 05:24:50,962] {processor.py:161} INFO - Processing /home/airflow/.local/lib/python3.7/site-packages/airflow/example_dags/example_subdag_operator.py took 0.411 seconds
[2023-08-19 05:25:21,458] {processor.py:153} INFO - Started process (PID=327) to work on /home/airflow/.local/lib/python3.7/site-packages/airflow/example_dags/example_subdag_operator.py
[2023-08-19 05:25:21,459] {processor.py:641} INFO - Processing file /home/airflow/.local/lib/python3.7/site-packages/airflow/example_dags/example_subdag_operator.py for tasks to queue
[2023-08-19 05:25:21,459] {logging_mixin.py:115} INFO - [2023-08-19 05:25:21,459] {dagbag.py:507} INFO - Filling up the DagBag from /home/airflow/.local/lib/python3.7/site-packages/airflow/example_dags/example_subdag_operator.py
[2023-08-19 05:25:21,486] {processor.py:651} INFO - DAG(s) dict_keys(['example_subdag_operator.section-1', 'example_subdag_operator.section-2', 'example_subdag_operator']) retrieved from /home/airflow/.local/lib/python3.7/site-packages/airflow/example_dags/example_subdag_operator.py
[2023-08-19 05:25:21,518] {logging_mixin.py:115} INFO - [2023-08-19 05:25:21,518] {dag.py:2371} INFO - Sync 3 DAGs
[2023-08-19 05:25:21,553] {logging_mixin.py:115} INFO - [2023-08-19 05:25:21,552] {dag.py:2919} INFO - Setting next_dagrun for example_subdag_operator to 2023-08-17T00:00:00+00:00, run_after=2023-08-17T00:00:00+00:00
[2023-08-19 05:25:21,553] {logging_mixin.py:115} INFO - [2023-08-19 05:25:21,553] {dag.py:2919} INFO - Setting next_dagrun for example_subdag_operator.section-1 to None, run_after=None
[2023-08-19 05:25:21,554] {logging_mixin.py:115} INFO - [2023-08-19 05:25:21,553] {dag.py:2919} INFO - Setting next_dagrun for example_subdag_operator.section-2 to None, run_after=None
[2023-08-19 05:25:21,820] {logging_mixin.py:115} INFO - [2023-08-19 05:25:21,819] {dag.py:2371} INFO - Sync 2 DAGs
[2023-08-19 05:25:21,833] {logging_mixin.py:115} INFO - [2023-08-19 05:25:21,832] {dag.py:2919} INFO - Setting next_dagrun for example_subdag_operator.section-1 to None, run_after=None
[2023-08-19 05:25:21,833] {logging_mixin.py:115} INFO - [2023-08-19 05:25:21,833] {dag.py:2919} INFO - Setting next_dagrun for example_subdag_operator.section-2 to None, run_after=None
[2023-08-19 05:25:21,852] {processor.py:161} INFO - Processing /home/airflow/.local/lib/python3.7/site-packages/airflow/example_dags/example_subdag_operator.py took 0.397 seconds
[2023-08-19 05:25:52,746] {processor.py:153} INFO - Started process (PID=389) to work on /home/airflow/.local/lib/python3.7/site-packages/airflow/example_dags/example_subdag_operator.py
[2023-08-19 05:25:52,752] {processor.py:641} INFO - Processing file /home/airflow/.local/lib/python3.7/site-packages/airflow/example_dags/example_subdag_operator.py for tasks to queue
[2023-08-19 05:25:52,753] {logging_mixin.py:115} INFO - [2023-08-19 05:25:52,752] {dagbag.py:507} INFO - Filling up the DagBag from /home/airflow/.local/lib/python3.7/site-packages/airflow/example_dags/example_subdag_operator.py
[2023-08-19 05:25:52,777] {processor.py:651} INFO - DAG(s) dict_keys(['example_subdag_operator.section-1', 'example_subdag_operator.section-2', 'example_subdag_operator']) retrieved from /home/airflow/.local/lib/python3.7/site-packages/airflow/example_dags/example_subdag_operator.py
[2023-08-19 05:25:52,803] {logging_mixin.py:115} INFO - [2023-08-19 05:25:52,803] {dag.py:2371} INFO - Sync 3 DAGs
[2023-08-19 05:25:52,828] {logging_mixin.py:115} INFO - [2023-08-19 05:25:52,828] {dag.py:2919} INFO - Setting next_dagrun for example_subdag_operator to 2023-08-17T00:00:00+00:00, run_after=2023-08-17T00:00:00+00:00
[2023-08-19 05:25:52,828] {logging_mixin.py:115} INFO - [2023-08-19 05:25:52,828] {dag.py:2919} INFO - Setting next_dagrun for example_subdag_operator.section-1 to None, run_after=None
[2023-08-19 05:25:52,828] {logging_mixin.py:115} INFO - [2023-08-19 05:25:52,828] {dag.py:2919} INFO - Setting next_dagrun for example_subdag_operator.section-2 to None, run_after=None
[2023-08-19 05:25:53,076] {logging_mixin.py:115} INFO - [2023-08-19 05:25:53,076] {dag.py:2371} INFO - Sync 2 DAGs
[2023-08-19 05:25:53,089] {logging_mixin.py:115} INFO - [2023-08-19 05:25:53,089] {dag.py:2919} INFO - Setting next_dagrun for example_subdag_operator.section-1 to None, run_after=None
[2023-08-19 05:25:53,090] {logging_mixin.py:115} INFO - [2023-08-19 05:25:53,090] {dag.py:2919} INFO - Setting next_dagrun for example_subdag_operator.section-2 to None, run_after=None
[2023-08-19 05:25:53,107] {processor.py:161} INFO - Processing /home/airflow/.local/lib/python3.7/site-packages/airflow/example_dags/example_subdag_operator.py took 0.363 seconds
[2023-08-19 05:26:23,787] {processor.py:153} INFO - Started process (PID=442) to work on /home/airflow/.local/lib/python3.7/site-packages/airflow/example_dags/example_subdag_operator.py
[2023-08-19 05:26:23,792] {processor.py:641} INFO - Processing file /home/airflow/.local/lib/python3.7/site-packages/airflow/example_dags/example_subdag_operator.py for tasks to queue
[2023-08-19 05:26:23,792] {logging_mixin.py:115} INFO - [2023-08-19 05:26:23,792] {dagbag.py:507} INFO - Filling up the DagBag from /home/airflow/.local/lib/python3.7/site-packages/airflow/example_dags/example_subdag_operator.py
[2023-08-19 05:26:23,813] {processor.py:651} INFO - DAG(s) dict_keys(['example_subdag_operator.section-1', 'example_subdag_operator.section-2', 'example_subdag_operator']) retrieved from /home/airflow/.local/lib/python3.7/site-packages/airflow/example_dags/example_subdag_operator.py
[2023-08-19 05:26:23,842] {logging_mixin.py:115} INFO - [2023-08-19 05:26:23,842] {dag.py:2371} INFO - Sync 3 DAGs
[2023-08-19 05:26:23,865] {logging_mixin.py:115} INFO - [2023-08-19 05:26:23,865] {dag.py:2919} INFO - Setting next_dagrun for example_subdag_operator to 2023-08-17T00:00:00+00:00, run_after=2023-08-17T00:00:00+00:00
[2023-08-19 05:26:23,865] {logging_mixin.py:115} INFO - [2023-08-19 05:26:23,865] {dag.py:2919} INFO - Setting next_dagrun for example_subdag_operator.section-1 to None, run_after=None
[2023-08-19 05:26:23,865] {logging_mixin.py:115} INFO - [2023-08-19 05:26:23,865] {dag.py:2919} INFO - Setting next_dagrun for example_subdag_operator.section-2 to None, run_after=None
[2023-08-19 05:26:23,997] {logging_mixin.py:115} INFO - [2023-08-19 05:26:23,997] {dag.py:2371} INFO - Sync 2 DAGs
[2023-08-19 05:26:24,005] {logging_mixin.py:115} INFO - [2023-08-19 05:26:24,005] {dag.py:2919} INFO - Setting next_dagrun for example_subdag_operator.section-1 to None, run_after=None
[2023-08-19 05:26:24,005] {logging_mixin.py:115} INFO - [2023-08-19 05:26:24,005] {dag.py:2919} INFO - Setting next_dagrun for example_subdag_operator.section-2 to None, run_after=None
[2023-08-19 05:26:24,013] {processor.py:161} INFO - Processing /home/airflow/.local/lib/python3.7/site-packages/airflow/example_dags/example_subdag_operator.py took 0.228 seconds
[2023-08-19 05:26:54,327] {processor.py:153} INFO - Started process (PID=504) to work on /home/airflow/.local/lib/python3.7/site-packages/airflow/example_dags/example_subdag_operator.py
[2023-08-19 05:26:54,328] {processor.py:641} INFO - Processing file /home/airflow/.local/lib/python3.7/site-packages/airflow/example_dags/example_subdag_operator.py for tasks to queue
[2023-08-19 05:26:54,329] {logging_mixin.py:115} INFO - [2023-08-19 05:26:54,329] {dagbag.py:507} INFO - Filling up the DagBag from /home/airflow/.local/lib/python3.7/site-packages/airflow/example_dags/example_subdag_operator.py
[2023-08-19 05:26:54,361] {processor.py:651} INFO - DAG(s) dict_keys(['example_subdag_operator.section-1', 'example_subdag_operator.section-2', 'example_subdag_operator']) retrieved from /home/airflow/.local/lib/python3.7/site-packages/airflow/example_dags/example_subdag_operator.py
[2023-08-19 05:26:54,397] {logging_mixin.py:115} INFO - [2023-08-19 05:26:54,397] {dag.py:2371} INFO - Sync 3 DAGs
[2023-08-19 05:26:54,438] {logging_mixin.py:115} INFO - [2023-08-19 05:26:54,437] {dag.py:2919} INFO - Setting next_dagrun for example_subdag_operator to 2023-08-17T00:00:00+00:00, run_after=2023-08-17T00:00:00+00:00
[2023-08-19 05:26:54,439] {logging_mixin.py:115} INFO - [2023-08-19 05:26:54,439] {dag.py:2919} INFO - Setting next_dagrun for example_subdag_operator.section-1 to None, run_after=None
[2023-08-19 05:26:54,440] {logging_mixin.py:115} INFO - [2023-08-19 05:26:54,439] {dag.py:2919} INFO - Setting next_dagrun for example_subdag_operator.section-2 to None, run_after=None
[2023-08-19 05:26:54,657] {logging_mixin.py:115} INFO - [2023-08-19 05:26:54,657] {dag.py:2371} INFO - Sync 2 DAGs
[2023-08-19 05:26:54,665] {logging_mixin.py:115} INFO - [2023-08-19 05:26:54,665] {dag.py:2919} INFO - Setting next_dagrun for example_subdag_operator.section-1 to None, run_after=None
[2023-08-19 05:26:54,665] {logging_mixin.py:115} INFO - [2023-08-19 05:26:54,665] {dag.py:2919} INFO - Setting next_dagrun for example_subdag_operator.section-2 to None, run_after=None
[2023-08-19 05:26:54,678] {processor.py:161} INFO - Processing /home/airflow/.local/lib/python3.7/site-packages/airflow/example_dags/example_subdag_operator.py took 0.355 seconds
[2023-08-19 05:27:24,723] {processor.py:153} INFO - Started process (PID=557) to work on /home/airflow/.local/lib/python3.7/site-packages/airflow/example_dags/example_subdag_operator.py
[2023-08-19 05:27:24,728] {processor.py:641} INFO - Processing file /home/airflow/.local/lib/python3.7/site-packages/airflow/example_dags/example_subdag_operator.py for tasks to queue
[2023-08-19 05:27:24,728] {logging_mixin.py:115} INFO - [2023-08-19 05:27:24,728] {dagbag.py:507} INFO - Filling up the DagBag from /home/airflow/.local/lib/python3.7/site-packages/airflow/example_dags/example_subdag_operator.py
[2023-08-19 05:27:24,784] {processor.py:651} INFO - DAG(s) dict_keys(['example_subdag_operator.section-1', 'example_subdag_operator.section-2', 'example_subdag_operator']) retrieved from /home/airflow/.local/lib/python3.7/site-packages/airflow/example_dags/example_subdag_operator.py
[2023-08-19 05:27:24,811] {logging_mixin.py:115} INFO - [2023-08-19 05:27:24,811] {dag.py:2371} INFO - Sync 3 DAGs
[2023-08-19 05:27:24,831] {logging_mixin.py:115} INFO - [2023-08-19 05:27:24,831] {dag.py:2919} INFO - Setting next_dagrun for example_subdag_operator to 2023-08-17T00:00:00+00:00, run_after=2023-08-17T00:00:00+00:00
[2023-08-19 05:27:24,832] {logging_mixin.py:115} INFO - [2023-08-19 05:27:24,832] {dag.py:2919} INFO - Setting next_dagrun for example_subdag_operator.section-1 to None, run_after=None
[2023-08-19 05:27:24,832] {logging_mixin.py:115} INFO - [2023-08-19 05:27:24,832] {dag.py:2919} INFO - Setting next_dagrun for example_subdag_operator.section-2 to None, run_after=None
[2023-08-19 05:27:24,957] {logging_mixin.py:115} INFO - [2023-08-19 05:27:24,956] {dag.py:2371} INFO - Sync 2 DAGs
[2023-08-19 05:27:24,962] {logging_mixin.py:115} INFO - [2023-08-19 05:27:24,962] {dag.py:2919} INFO - Setting next_dagrun for example_subdag_operator.section-1 to None, run_after=None
[2023-08-19 05:27:24,963] {logging_mixin.py:115} INFO - [2023-08-19 05:27:24,962] {dag.py:2919} INFO - Setting next_dagrun for example_subdag_operator.section-2 to None, run_after=None
[2023-08-19 05:27:24,973] {processor.py:161} INFO - Processing /home/airflow/.local/lib/python3.7/site-packages/airflow/example_dags/example_subdag_operator.py took 0.253 seconds
[2023-08-19 05:27:55,290] {processor.py:153} INFO - Started process (PID=619) to work on /home/airflow/.local/lib/python3.7/site-packages/airflow/example_dags/example_subdag_operator.py
[2023-08-19 05:27:55,291] {processor.py:641} INFO - Processing file /home/airflow/.local/lib/python3.7/site-packages/airflow/example_dags/example_subdag_operator.py for tasks to queue
[2023-08-19 05:27:55,292] {logging_mixin.py:115} INFO - [2023-08-19 05:27:55,292] {dagbag.py:507} INFO - Filling up the DagBag from /home/airflow/.local/lib/python3.7/site-packages/airflow/example_dags/example_subdag_operator.py
[2023-08-19 05:27:55,348] {processor.py:651} INFO - DAG(s) dict_keys(['example_subdag_operator.section-1', 'example_subdag_operator.section-2', 'example_subdag_operator']) retrieved from /home/airflow/.local/lib/python3.7/site-packages/airflow/example_dags/example_subdag_operator.py
[2023-08-19 05:27:55,413] {logging_mixin.py:115} INFO - [2023-08-19 05:27:55,412] {dag.py:2371} INFO - Sync 3 DAGs
[2023-08-19 05:27:55,469] {logging_mixin.py:115} INFO - [2023-08-19 05:27:55,469] {dag.py:2919} INFO - Setting next_dagrun for example_subdag_operator to 2023-08-17T00:00:00+00:00, run_after=2023-08-17T00:00:00+00:00
[2023-08-19 05:27:55,470] {logging_mixin.py:115} INFO - [2023-08-19 05:27:55,470] {dag.py:2919} INFO - Setting next_dagrun for example_subdag_operator.section-1 to None, run_after=None
[2023-08-19 05:27:55,470] {logging_mixin.py:115} INFO - [2023-08-19 05:27:55,470] {dag.py:2919} INFO - Setting next_dagrun for example_subdag_operator.section-2 to None, run_after=None
[2023-08-19 05:27:55,831] {logging_mixin.py:115} INFO - [2023-08-19 05:27:55,830] {dag.py:2371} INFO - Sync 2 DAGs
[2023-08-19 05:27:55,851] {logging_mixin.py:115} INFO - [2023-08-19 05:27:55,851] {dag.py:2919} INFO - Setting next_dagrun for example_subdag_operator.section-1 to None, run_after=None
[2023-08-19 05:27:55,852] {logging_mixin.py:115} INFO - [2023-08-19 05:27:55,851] {dag.py:2919} INFO - Setting next_dagrun for example_subdag_operator.section-2 to None, run_after=None
[2023-08-19 05:27:55,871] {processor.py:161} INFO - Processing /home/airflow/.local/lib/python3.7/site-packages/airflow/example_dags/example_subdag_operator.py took 0.583 seconds
[2023-08-19 05:28:26,543] {processor.py:153} INFO - Started process (PID=672) to work on /home/airflow/.local/lib/python3.7/site-packages/airflow/example_dags/example_subdag_operator.py
[2023-08-19 05:28:26,548] {processor.py:641} INFO - Processing file /home/airflow/.local/lib/python3.7/site-packages/airflow/example_dags/example_subdag_operator.py for tasks to queue
[2023-08-19 05:28:26,549] {logging_mixin.py:115} INFO - [2023-08-19 05:28:26,549] {dagbag.py:507} INFO - Filling up the DagBag from /home/airflow/.local/lib/python3.7/site-packages/airflow/example_dags/example_subdag_operator.py
[2023-08-19 05:28:26,591] {processor.py:651} INFO - DAG(s) dict_keys(['example_subdag_operator.section-1', 'example_subdag_operator.section-2', 'example_subdag_operator']) retrieved from /home/airflow/.local/lib/python3.7/site-packages/airflow/example_dags/example_subdag_operator.py
[2023-08-19 05:28:26,621] {logging_mixin.py:115} INFO - [2023-08-19 05:28:26,621] {dag.py:2371} INFO - Sync 3 DAGs
[2023-08-19 05:28:26,763] {logging_mixin.py:115} INFO - [2023-08-19 05:28:26,763] {dag.py:2919} INFO - Setting next_dagrun for example_subdag_operator to 2023-08-17T00:00:00+00:00, run_after=2023-08-17T00:00:00+00:00
[2023-08-19 05:28:26,764] {logging_mixin.py:115} INFO - [2023-08-19 05:28:26,764] {dag.py:2919} INFO - Setting next_dagrun for example_subdag_operator.section-1 to None, run_after=None
[2023-08-19 05:28:26,764] {logging_mixin.py:115} INFO - [2023-08-19 05:28:26,764] {dag.py:2919} INFO - Setting next_dagrun for example_subdag_operator.section-2 to None, run_after=None
[2023-08-19 05:28:26,772] {logging_mixin.py:115} INFO - [2023-08-19 05:28:26,772] {dag.py:2371} INFO - Sync 2 DAGs
[2023-08-19 05:28:26,777] {logging_mixin.py:115} INFO - [2023-08-19 05:28:26,777] {dag.py:2919} INFO - Setting next_dagrun for example_subdag_operator.section-1 to None, run_after=None
[2023-08-19 05:28:26,778] {logging_mixin.py:115} INFO - [2023-08-19 05:28:26,778] {dag.py:2919} INFO - Setting next_dagrun for example_subdag_operator.section-2 to None, run_after=None
[2023-08-19 05:28:26,785] {processor.py:161} INFO - Processing /home/airflow/.local/lib/python3.7/site-packages/airflow/example_dags/example_subdag_operator.py took 0.250 seconds
[2023-08-19 05:28:57,566] {processor.py:153} INFO - Started process (PID=734) to work on /home/airflow/.local/lib/python3.7/site-packages/airflow/example_dags/example_subdag_operator.py
[2023-08-19 05:28:57,567] {processor.py:641} INFO - Processing file /home/airflow/.local/lib/python3.7/site-packages/airflow/example_dags/example_subdag_operator.py for tasks to queue
[2023-08-19 05:28:57,568] {logging_mixin.py:115} INFO - [2023-08-19 05:28:57,568] {dagbag.py:507} INFO - Filling up the DagBag from /home/airflow/.local/lib/python3.7/site-packages/airflow/example_dags/example_subdag_operator.py
[2023-08-19 05:28:57,608] {processor.py:651} INFO - DAG(s) dict_keys(['example_subdag_operator.section-1', 'example_subdag_operator.section-2', 'example_subdag_operator']) retrieved from /home/airflow/.local/lib/python3.7/site-packages/airflow/example_dags/example_subdag_operator.py
[2023-08-19 05:28:57,656] {logging_mixin.py:115} INFO - [2023-08-19 05:28:57,655] {dag.py:2371} INFO - Sync 3 DAGs
[2023-08-19 05:28:57,966] {logging_mixin.py:115} INFO - [2023-08-19 05:28:57,966] {dag.py:2919} INFO - Setting next_dagrun for example_subdag_operator to 2023-08-17T00:00:00+00:00, run_after=2023-08-17T00:00:00+00:00
[2023-08-19 05:28:57,966] {logging_mixin.py:115} INFO - [2023-08-19 05:28:57,966] {dag.py:2919} INFO - Setting next_dagrun for example_subdag_operator.section-1 to None, run_after=None
[2023-08-19 05:28:57,967] {logging_mixin.py:115} INFO - [2023-08-19 05:28:57,967] {dag.py:2919} INFO - Setting next_dagrun for example_subdag_operator.section-2 to None, run_after=None
[2023-08-19 05:28:57,977] {logging_mixin.py:115} INFO - [2023-08-19 05:28:57,977] {dag.py:2371} INFO - Sync 2 DAGs
[2023-08-19 05:28:57,989] {logging_mixin.py:115} INFO - [2023-08-19 05:28:57,989] {dag.py:2919} INFO - Setting next_dagrun for example_subdag_operator.section-1 to None, run_after=None
[2023-08-19 05:28:57,990] {logging_mixin.py:115} INFO - [2023-08-19 05:28:57,990] {dag.py:2919} INFO - Setting next_dagrun for example_subdag_operator.section-2 to None, run_after=None
[2023-08-19 05:28:57,999] {processor.py:161} INFO - Processing /home/airflow/.local/lib/python3.7/site-packages/airflow/example_dags/example_subdag_operator.py took 0.436 seconds
