[2023-08-19 05:23:11,773] {processor.py:153} INFO - Started process (PID=60) to work on /home/airflow/.local/lib/python3.7/site-packages/airflow/example_dags/example_time_delta_sensor_async.py
[2023-08-19 05:23:11,773] {processor.py:641} INFO - Processing file /home/airflow/.local/lib/python3.7/site-packages/airflow/example_dags/example_time_delta_sensor_async.py for tasks to queue
[2023-08-19 05:23:11,774] {logging_mixin.py:115} INFO - [2023-08-19 05:23:11,773] {dagbag.py:507} INFO - Filling up the DagBag from /home/airflow/.local/lib/python3.7/site-packages/airflow/example_dags/example_time_delta_sensor_async.py
[2023-08-19 05:23:11,780] {processor.py:651} INFO - DAG(s) dict_keys(['example_time_delta_sensor_async']) retrieved from /home/airflow/.local/lib/python3.7/site-packages/airflow/example_dags/example_time_delta_sensor_async.py
[2023-08-19 05:23:12,020] {logging_mixin.py:115} INFO - [2023-08-19 05:23:12,019] {manager.py:508} INFO - Created Permission View: can read on DAG:example_time_delta_sensor_async
[2023-08-19 05:23:12,029] {logging_mixin.py:115} INFO - [2023-08-19 05:23:12,029] {manager.py:508} INFO - Created Permission View: can delete on DAG:example_time_delta_sensor_async
[2023-08-19 05:23:12,034] {logging_mixin.py:115} INFO - [2023-08-19 05:23:12,034] {manager.py:508} INFO - Created Permission View: can edit on DAG:example_time_delta_sensor_async
[2023-08-19 05:23:12,035] {logging_mixin.py:115} INFO - [2023-08-19 05:23:12,035] {dag.py:2371} INFO - Sync 1 DAGs
[2023-08-19 05:23:12,043] {logging_mixin.py:115} INFO - [2023-08-19 05:23:12,043] {dag.py:2390} INFO - Creating ORM DAG for example_time_delta_sensor_async
[2023-08-19 05:23:12,056] {logging_mixin.py:115} INFO - [2023-08-19 05:23:12,056] {dag.py:2919} INFO - Setting next_dagrun for example_time_delta_sensor_async to None, run_after=None
[2023-08-19 05:23:12,069] {processor.py:161} INFO - Processing /home/airflow/.local/lib/python3.7/site-packages/airflow/example_dags/example_time_delta_sensor_async.py took 0.298 seconds
[2023-08-19 05:23:42,100] {processor.py:153} INFO - Started process (PID=122) to work on /home/airflow/.local/lib/python3.7/site-packages/airflow/example_dags/example_time_delta_sensor_async.py
[2023-08-19 05:23:42,101] {processor.py:641} INFO - Processing file /home/airflow/.local/lib/python3.7/site-packages/airflow/example_dags/example_time_delta_sensor_async.py for tasks to queue
[2023-08-19 05:23:42,103] {logging_mixin.py:115} INFO - [2023-08-19 05:23:42,102] {dagbag.py:507} INFO - Filling up the DagBag from /home/airflow/.local/lib/python3.7/site-packages/airflow/example_dags/example_time_delta_sensor_async.py
[2023-08-19 05:23:42,108] {processor.py:651} INFO - DAG(s) dict_keys(['example_time_delta_sensor_async']) retrieved from /home/airflow/.local/lib/python3.7/site-packages/airflow/example_dags/example_time_delta_sensor_async.py
[2023-08-19 05:23:42,146] {logging_mixin.py:115} INFO - [2023-08-19 05:23:42,146] {dag.py:2371} INFO - Sync 1 DAGs
[2023-08-19 05:23:42,171] {logging_mixin.py:115} INFO - [2023-08-19 05:23:42,171] {dag.py:2919} INFO - Setting next_dagrun for example_time_delta_sensor_async to None, run_after=None
[2023-08-19 05:23:42,181] {processor.py:161} INFO - Processing /home/airflow/.local/lib/python3.7/site-packages/airflow/example_dags/example_time_delta_sensor_async.py took 0.084 seconds
[2023-08-19 05:24:12,750] {processor.py:153} INFO - Started process (PID=175) to work on /home/airflow/.local/lib/python3.7/site-packages/airflow/example_dags/example_time_delta_sensor_async.py
[2023-08-19 05:24:12,750] {processor.py:641} INFO - Processing file /home/airflow/.local/lib/python3.7/site-packages/airflow/example_dags/example_time_delta_sensor_async.py for tasks to queue
[2023-08-19 05:24:12,751] {logging_mixin.py:115} INFO - [2023-08-19 05:24:12,751] {dagbag.py:507} INFO - Filling up the DagBag from /home/airflow/.local/lib/python3.7/site-packages/airflow/example_dags/example_time_delta_sensor_async.py
[2023-08-19 05:24:12,756] {processor.py:651} INFO - DAG(s) dict_keys(['example_time_delta_sensor_async']) retrieved from /home/airflow/.local/lib/python3.7/site-packages/airflow/example_dags/example_time_delta_sensor_async.py
[2023-08-19 05:24:12,795] {logging_mixin.py:115} INFO - [2023-08-19 05:24:12,795] {dag.py:2371} INFO - Sync 1 DAGs
[2023-08-19 05:24:12,818] {logging_mixin.py:115} INFO - [2023-08-19 05:24:12,817] {dag.py:2919} INFO - Setting next_dagrun for example_time_delta_sensor_async to None, run_after=None
[2023-08-19 05:24:12,834] {processor.py:161} INFO - Processing /home/airflow/.local/lib/python3.7/site-packages/airflow/example_dags/example_time_delta_sensor_async.py took 0.086 seconds
[2023-08-19 05:24:43,330] {processor.py:153} INFO - Started process (PID=240) to work on /home/airflow/.local/lib/python3.7/site-packages/airflow/example_dags/example_time_delta_sensor_async.py
[2023-08-19 05:24:43,330] {processor.py:641} INFO - Processing file /home/airflow/.local/lib/python3.7/site-packages/airflow/example_dags/example_time_delta_sensor_async.py for tasks to queue
[2023-08-19 05:24:43,331] {logging_mixin.py:115} INFO - [2023-08-19 05:24:43,331] {dagbag.py:507} INFO - Filling up the DagBag from /home/airflow/.local/lib/python3.7/site-packages/airflow/example_dags/example_time_delta_sensor_async.py
[2023-08-19 05:24:43,338] {processor.py:651} INFO - DAG(s) dict_keys(['example_time_delta_sensor_async']) retrieved from /home/airflow/.local/lib/python3.7/site-packages/airflow/example_dags/example_time_delta_sensor_async.py
[2023-08-19 05:24:43,383] {logging_mixin.py:115} INFO - [2023-08-19 05:24:43,383] {dag.py:2371} INFO - Sync 1 DAGs
[2023-08-19 05:24:43,409] {logging_mixin.py:115} INFO - [2023-08-19 05:24:43,409] {dag.py:2919} INFO - Setting next_dagrun for example_time_delta_sensor_async to None, run_after=None
[2023-08-19 05:24:43,419] {processor.py:161} INFO - Processing /home/airflow/.local/lib/python3.7/site-packages/airflow/example_dags/example_time_delta_sensor_async.py took 0.092 seconds
[2023-08-19 05:25:13,812] {processor.py:153} INFO - Started process (PID=293) to work on /home/airflow/.local/lib/python3.7/site-packages/airflow/example_dags/example_time_delta_sensor_async.py
[2023-08-19 05:25:13,812] {processor.py:641} INFO - Processing file /home/airflow/.local/lib/python3.7/site-packages/airflow/example_dags/example_time_delta_sensor_async.py for tasks to queue
[2023-08-19 05:25:13,812] {logging_mixin.py:115} INFO - [2023-08-19 05:25:13,812] {dagbag.py:507} INFO - Filling up the DagBag from /home/airflow/.local/lib/python3.7/site-packages/airflow/example_dags/example_time_delta_sensor_async.py
[2023-08-19 05:25:13,817] {processor.py:651} INFO - DAG(s) dict_keys(['example_time_delta_sensor_async']) retrieved from /home/airflow/.local/lib/python3.7/site-packages/airflow/example_dags/example_time_delta_sensor_async.py
[2023-08-19 05:25:13,856] {logging_mixin.py:115} INFO - [2023-08-19 05:25:13,856] {dag.py:2371} INFO - Sync 1 DAGs
[2023-08-19 05:25:13,879] {logging_mixin.py:115} INFO - [2023-08-19 05:25:13,879] {dag.py:2919} INFO - Setting next_dagrun for example_time_delta_sensor_async to None, run_after=None
[2023-08-19 05:25:13,889] {processor.py:161} INFO - Processing /home/airflow/.local/lib/python3.7/site-packages/airflow/example_dags/example_time_delta_sensor_async.py took 0.080 seconds
[2023-08-19 05:25:44,733] {processor.py:153} INFO - Started process (PID=356) to work on /home/airflow/.local/lib/python3.7/site-packages/airflow/example_dags/example_time_delta_sensor_async.py
[2023-08-19 05:25:44,734] {processor.py:641} INFO - Processing file /home/airflow/.local/lib/python3.7/site-packages/airflow/example_dags/example_time_delta_sensor_async.py for tasks to queue
[2023-08-19 05:25:44,734] {logging_mixin.py:115} INFO - [2023-08-19 05:25:44,734] {dagbag.py:507} INFO - Filling up the DagBag from /home/airflow/.local/lib/python3.7/site-packages/airflow/example_dags/example_time_delta_sensor_async.py
[2023-08-19 05:25:44,739] {processor.py:651} INFO - DAG(s) dict_keys(['example_time_delta_sensor_async']) retrieved from /home/airflow/.local/lib/python3.7/site-packages/airflow/example_dags/example_time_delta_sensor_async.py
[2023-08-19 05:25:44,772] {logging_mixin.py:115} INFO - [2023-08-19 05:25:44,772] {dag.py:2371} INFO - Sync 1 DAGs
[2023-08-19 05:25:44,795] {logging_mixin.py:115} INFO - [2023-08-19 05:25:44,795] {dag.py:2919} INFO - Setting next_dagrun for example_time_delta_sensor_async to None, run_after=None
[2023-08-19 05:25:44,805] {processor.py:161} INFO - Processing /home/airflow/.local/lib/python3.7/site-packages/airflow/example_dags/example_time_delta_sensor_async.py took 0.075 seconds
[2023-08-19 05:26:15,291] {processor.py:153} INFO - Started process (PID=416) to work on /home/airflow/.local/lib/python3.7/site-packages/airflow/example_dags/example_time_delta_sensor_async.py
[2023-08-19 05:26:15,291] {processor.py:641} INFO - Processing file /home/airflow/.local/lib/python3.7/site-packages/airflow/example_dags/example_time_delta_sensor_async.py for tasks to queue
[2023-08-19 05:26:15,292] {logging_mixin.py:115} INFO - [2023-08-19 05:26:15,292] {dagbag.py:507} INFO - Filling up the DagBag from /home/airflow/.local/lib/python3.7/site-packages/airflow/example_dags/example_time_delta_sensor_async.py
[2023-08-19 05:26:15,300] {processor.py:651} INFO - DAG(s) dict_keys(['example_time_delta_sensor_async']) retrieved from /home/airflow/.local/lib/python3.7/site-packages/airflow/example_dags/example_time_delta_sensor_async.py
[2023-08-19 05:26:15,362] {logging_mixin.py:115} INFO - [2023-08-19 05:26:15,362] {dag.py:2371} INFO - Sync 1 DAGs
[2023-08-19 05:26:15,409] {logging_mixin.py:115} INFO - [2023-08-19 05:26:15,409] {dag.py:2919} INFO - Setting next_dagrun for example_time_delta_sensor_async to None, run_after=None
[2023-08-19 05:26:15,433] {processor.py:161} INFO - Processing /home/airflow/.local/lib/python3.7/site-packages/airflow/example_dags/example_time_delta_sensor_async.py took 0.149 seconds
[2023-08-19 05:26:45,822] {processor.py:153} INFO - Started process (PID=471) to work on /home/airflow/.local/lib/python3.7/site-packages/airflow/example_dags/example_time_delta_sensor_async.py
[2023-08-19 05:26:45,823] {processor.py:641} INFO - Processing file /home/airflow/.local/lib/python3.7/site-packages/airflow/example_dags/example_time_delta_sensor_async.py for tasks to queue
[2023-08-19 05:26:45,823] {logging_mixin.py:115} INFO - [2023-08-19 05:26:45,823] {dagbag.py:507} INFO - Filling up the DagBag from /home/airflow/.local/lib/python3.7/site-packages/airflow/example_dags/example_time_delta_sensor_async.py
[2023-08-19 05:26:45,829] {processor.py:651} INFO - DAG(s) dict_keys(['example_time_delta_sensor_async']) retrieved from /home/airflow/.local/lib/python3.7/site-packages/airflow/example_dags/example_time_delta_sensor_async.py
[2023-08-19 05:26:45,869] {logging_mixin.py:115} INFO - [2023-08-19 05:26:45,868] {dag.py:2371} INFO - Sync 1 DAGs
[2023-08-19 05:26:45,903] {logging_mixin.py:115} INFO - [2023-08-19 05:26:45,903] {dag.py:2919} INFO - Setting next_dagrun for example_time_delta_sensor_async to None, run_after=None
[2023-08-19 05:26:45,924] {processor.py:161} INFO - Processing /home/airflow/.local/lib/python3.7/site-packages/airflow/example_dags/example_time_delta_sensor_async.py took 0.104 seconds
[2023-08-19 05:27:16,060] {processor.py:153} INFO - Started process (PID=532) to work on /home/airflow/.local/lib/python3.7/site-packages/airflow/example_dags/example_time_delta_sensor_async.py
[2023-08-19 05:27:16,060] {processor.py:641} INFO - Processing file /home/airflow/.local/lib/python3.7/site-packages/airflow/example_dags/example_time_delta_sensor_async.py for tasks to queue
[2023-08-19 05:27:16,060] {logging_mixin.py:115} INFO - [2023-08-19 05:27:16,060] {dagbag.py:507} INFO - Filling up the DagBag from /home/airflow/.local/lib/python3.7/site-packages/airflow/example_dags/example_time_delta_sensor_async.py
[2023-08-19 05:27:16,064] {processor.py:651} INFO - DAG(s) dict_keys(['example_time_delta_sensor_async']) retrieved from /home/airflow/.local/lib/python3.7/site-packages/airflow/example_dags/example_time_delta_sensor_async.py
[2023-08-19 05:27:16,100] {logging_mixin.py:115} INFO - [2023-08-19 05:27:16,100] {dag.py:2371} INFO - Sync 1 DAGs
[2023-08-19 05:27:16,128] {logging_mixin.py:115} INFO - [2023-08-19 05:27:16,128] {dag.py:2919} INFO - Setting next_dagrun for example_time_delta_sensor_async to None, run_after=None
[2023-08-19 05:27:16,140] {processor.py:161} INFO - Processing /home/airflow/.local/lib/python3.7/site-packages/airflow/example_dags/example_time_delta_sensor_async.py took 0.083 seconds
[2023-08-19 05:27:46,847] {processor.py:153} INFO - Started process (PID=585) to work on /home/airflow/.local/lib/python3.7/site-packages/airflow/example_dags/example_time_delta_sensor_async.py
[2023-08-19 05:27:46,848] {processor.py:641} INFO - Processing file /home/airflow/.local/lib/python3.7/site-packages/airflow/example_dags/example_time_delta_sensor_async.py for tasks to queue
[2023-08-19 05:27:46,849] {logging_mixin.py:115} INFO - [2023-08-19 05:27:46,849] {dagbag.py:507} INFO - Filling up the DagBag from /home/airflow/.local/lib/python3.7/site-packages/airflow/example_dags/example_time_delta_sensor_async.py
[2023-08-19 05:27:46,855] {processor.py:651} INFO - DAG(s) dict_keys(['example_time_delta_sensor_async']) retrieved from /home/airflow/.local/lib/python3.7/site-packages/airflow/example_dags/example_time_delta_sensor_async.py
[2023-08-19 05:27:46,926] {logging_mixin.py:115} INFO - [2023-08-19 05:27:46,926] {dag.py:2371} INFO - Sync 1 DAGs
[2023-08-19 05:27:46,969] {logging_mixin.py:115} INFO - [2023-08-19 05:27:46,969] {dag.py:2919} INFO - Setting next_dagrun for example_time_delta_sensor_async to None, run_after=None
[2023-08-19 05:27:46,992] {processor.py:161} INFO - Processing /home/airflow/.local/lib/python3.7/site-packages/airflow/example_dags/example_time_delta_sensor_async.py took 0.153 seconds
[2023-08-19 05:28:17,614] {processor.py:153} INFO - Started process (PID=647) to work on /home/airflow/.local/lib/python3.7/site-packages/airflow/example_dags/example_time_delta_sensor_async.py
[2023-08-19 05:28:17,615] {processor.py:641} INFO - Processing file /home/airflow/.local/lib/python3.7/site-packages/airflow/example_dags/example_time_delta_sensor_async.py for tasks to queue
[2023-08-19 05:28:17,616] {logging_mixin.py:115} INFO - [2023-08-19 05:28:17,615] {dagbag.py:507} INFO - Filling up the DagBag from /home/airflow/.local/lib/python3.7/site-packages/airflow/example_dags/example_time_delta_sensor_async.py
[2023-08-19 05:28:17,624] {processor.py:651} INFO - DAG(s) dict_keys(['example_time_delta_sensor_async']) retrieved from /home/airflow/.local/lib/python3.7/site-packages/airflow/example_dags/example_time_delta_sensor_async.py
[2023-08-19 05:28:17,679] {logging_mixin.py:115} INFO - [2023-08-19 05:28:17,679] {dag.py:2371} INFO - Sync 1 DAGs
[2023-08-19 05:28:17,890] {logging_mixin.py:115} INFO - [2023-08-19 05:28:17,890] {dag.py:2919} INFO - Setting next_dagrun for example_time_delta_sensor_async to None, run_after=None
[2023-08-19 05:28:17,910] {processor.py:161} INFO - Processing /home/airflow/.local/lib/python3.7/site-packages/airflow/example_dags/example_time_delta_sensor_async.py took 0.299 seconds
[2023-08-19 05:28:48,029] {processor.py:153} INFO - Started process (PID=700) to work on /home/airflow/.local/lib/python3.7/site-packages/airflow/example_dags/example_time_delta_sensor_async.py
[2023-08-19 05:28:48,029] {processor.py:641} INFO - Processing file /home/airflow/.local/lib/python3.7/site-packages/airflow/example_dags/example_time_delta_sensor_async.py for tasks to queue
[2023-08-19 05:28:48,030] {logging_mixin.py:115} INFO - [2023-08-19 05:28:48,030] {dagbag.py:507} INFO - Filling up the DagBag from /home/airflow/.local/lib/python3.7/site-packages/airflow/example_dags/example_time_delta_sensor_async.py
[2023-08-19 05:28:48,037] {processor.py:651} INFO - DAG(s) dict_keys(['example_time_delta_sensor_async']) retrieved from /home/airflow/.local/lib/python3.7/site-packages/airflow/example_dags/example_time_delta_sensor_async.py
[2023-08-19 05:28:48,105] {logging_mixin.py:115} INFO - [2023-08-19 05:28:48,105] {dag.py:2371} INFO - Sync 1 DAGs
[2023-08-19 05:28:48,358] {logging_mixin.py:115} INFO - [2023-08-19 05:28:48,357] {dag.py:2919} INFO - Setting next_dagrun for example_time_delta_sensor_async to None, run_after=None
[2023-08-19 05:28:48,391] {processor.py:161} INFO - Processing /home/airflow/.local/lib/python3.7/site-packages/airflow/example_dags/example_time_delta_sensor_async.py took 0.365 seconds
