[2023-08-19 05:23:14,502] {processor.py:153} INFO - Started process (PID=82) to work on /home/airflow/.local/lib/python3.7/site-packages/airflow/example_dags/example_xcom.py
[2023-08-19 05:23:14,503] {processor.py:641} INFO - Processing file /home/airflow/.local/lib/python3.7/site-packages/airflow/example_dags/example_xcom.py for tasks to queue
[2023-08-19 05:23:14,504] {logging_mixin.py:115} INFO - [2023-08-19 05:23:14,504] {dagbag.py:507} INFO - Filling up the DagBag from /home/airflow/.local/lib/python3.7/site-packages/airflow/example_dags/example_xcom.py
[2023-08-19 05:23:14,549] {processor.py:651} INFO - DAG(s) dict_keys(['example_xcom']) retrieved from /home/airflow/.local/lib/python3.7/site-packages/airflow/example_dags/example_xcom.py
[2023-08-19 05:23:15,068] {logging_mixin.py:115} INFO - [2023-08-19 05:23:15,068] {manager.py:508} INFO - Created Permission View: can read on DAG:example_xcom
[2023-08-19 05:23:15,091] {logging_mixin.py:115} INFO - [2023-08-19 05:23:15,090] {manager.py:508} INFO - Created Permission View: can delete on DAG:example_xcom
[2023-08-19 05:23:15,106] {logging_mixin.py:115} INFO - [2023-08-19 05:23:15,106] {manager.py:508} INFO - Created Permission View: can edit on DAG:example_xcom
[2023-08-19 05:23:15,107] {logging_mixin.py:115} INFO - [2023-08-19 05:23:15,107] {dag.py:2371} INFO - Sync 1 DAGs
[2023-08-19 05:23:15,123] {logging_mixin.py:115} INFO - [2023-08-19 05:23:15,123] {dag.py:2390} INFO - Creating ORM DAG for example_xcom
[2023-08-19 05:23:15,148] {logging_mixin.py:115} INFO - [2023-08-19 05:23:15,148] {dag.py:2919} INFO - Setting next_dagrun for example_xcom to 2021-01-01T00:00:00+00:00, run_after=2021-01-01T00:00:00+00:00
[2023-08-19 05:23:15,177] {processor.py:161} INFO - Processing /home/airflow/.local/lib/python3.7/site-packages/airflow/example_dags/example_xcom.py took 0.683 seconds
[2023-08-19 05:23:45,955] {processor.py:153} INFO - Started process (PID=135) to work on /home/airflow/.local/lib/python3.7/site-packages/airflow/example_dags/example_xcom.py
[2023-08-19 05:23:45,956] {processor.py:641} INFO - Processing file /home/airflow/.local/lib/python3.7/site-packages/airflow/example_dags/example_xcom.py for tasks to queue
[2023-08-19 05:23:45,958] {logging_mixin.py:115} INFO - [2023-08-19 05:23:45,957] {dagbag.py:507} INFO - Filling up the DagBag from /home/airflow/.local/lib/python3.7/site-packages/airflow/example_dags/example_xcom.py
[2023-08-19 05:23:46,000] {processor.py:651} INFO - DAG(s) dict_keys(['example_xcom']) retrieved from /home/airflow/.local/lib/python3.7/site-packages/airflow/example_dags/example_xcom.py
[2023-08-19 05:23:46,510] {logging_mixin.py:115} INFO - [2023-08-19 05:23:46,509] {dag.py:2371} INFO - Sync 1 DAGs
[2023-08-19 05:23:46,542] {logging_mixin.py:115} INFO - [2023-08-19 05:23:46,542] {dag.py:2919} INFO - Setting next_dagrun for example_xcom to 2021-01-01T00:00:00+00:00, run_after=2021-01-01T00:00:00+00:00
[2023-08-19 05:23:46,575] {processor.py:161} INFO - Processing /home/airflow/.local/lib/python3.7/site-packages/airflow/example_dags/example_xcom.py took 0.625 seconds
[2023-08-19 05:24:16,693] {processor.py:153} INFO - Started process (PID=197) to work on /home/airflow/.local/lib/python3.7/site-packages/airflow/example_dags/example_xcom.py
[2023-08-19 05:24:16,694] {processor.py:641} INFO - Processing file /home/airflow/.local/lib/python3.7/site-packages/airflow/example_dags/example_xcom.py for tasks to queue
[2023-08-19 05:24:16,695] {logging_mixin.py:115} INFO - [2023-08-19 05:24:16,695] {dagbag.py:507} INFO - Filling up the DagBag from /home/airflow/.local/lib/python3.7/site-packages/airflow/example_dags/example_xcom.py
[2023-08-19 05:24:16,725] {processor.py:651} INFO - DAG(s) dict_keys(['example_xcom']) retrieved from /home/airflow/.local/lib/python3.7/site-packages/airflow/example_dags/example_xcom.py
[2023-08-19 05:24:17,118] {logging_mixin.py:115} INFO - [2023-08-19 05:24:17,117] {dag.py:2371} INFO - Sync 1 DAGs
[2023-08-19 05:24:17,151] {logging_mixin.py:115} INFO - [2023-08-19 05:24:17,151] {dag.py:2919} INFO - Setting next_dagrun for example_xcom to 2021-01-01T00:00:00+00:00, run_after=2021-01-01T00:00:00+00:00
[2023-08-19 05:24:17,180] {processor.py:161} INFO - Processing /home/airflow/.local/lib/python3.7/site-packages/airflow/example_dags/example_xcom.py took 0.490 seconds
[2023-08-19 05:24:47,763] {processor.py:153} INFO - Started process (PID=254) to work on /home/airflow/.local/lib/python3.7/site-packages/airflow/example_dags/example_xcom.py
[2023-08-19 05:24:47,764] {processor.py:641} INFO - Processing file /home/airflow/.local/lib/python3.7/site-packages/airflow/example_dags/example_xcom.py for tasks to queue
[2023-08-19 05:24:47,764] {logging_mixin.py:115} INFO - [2023-08-19 05:24:47,764] {dagbag.py:507} INFO - Filling up the DagBag from /home/airflow/.local/lib/python3.7/site-packages/airflow/example_dags/example_xcom.py
[2023-08-19 05:24:47,793] {processor.py:651} INFO - DAG(s) dict_keys(['example_xcom']) retrieved from /home/airflow/.local/lib/python3.7/site-packages/airflow/example_dags/example_xcom.py
[2023-08-19 05:24:48,113] {logging_mixin.py:115} INFO - [2023-08-19 05:24:48,112] {dag.py:2371} INFO - Sync 1 DAGs
[2023-08-19 05:24:48,146] {logging_mixin.py:115} INFO - [2023-08-19 05:24:48,145] {dag.py:2919} INFO - Setting next_dagrun for example_xcom to 2021-01-01T00:00:00+00:00, run_after=2021-01-01T00:00:00+00:00
[2023-08-19 05:24:48,176] {processor.py:161} INFO - Processing /home/airflow/.local/lib/python3.7/site-packages/airflow/example_dags/example_xcom.py took 0.416 seconds
[2023-08-19 05:25:18,923] {processor.py:153} INFO - Started process (PID=316) to work on /home/airflow/.local/lib/python3.7/site-packages/airflow/example_dags/example_xcom.py
[2023-08-19 05:25:18,924] {processor.py:641} INFO - Processing file /home/airflow/.local/lib/python3.7/site-packages/airflow/example_dags/example_xcom.py for tasks to queue
[2023-08-19 05:25:18,925] {logging_mixin.py:115} INFO - [2023-08-19 05:25:18,925] {dagbag.py:507} INFO - Filling up the DagBag from /home/airflow/.local/lib/python3.7/site-packages/airflow/example_dags/example_xcom.py
[2023-08-19 05:25:18,952] {processor.py:651} INFO - DAG(s) dict_keys(['example_xcom']) retrieved from /home/airflow/.local/lib/python3.7/site-packages/airflow/example_dags/example_xcom.py
[2023-08-19 05:25:19,271] {logging_mixin.py:115} INFO - [2023-08-19 05:25:19,271] {dag.py:2371} INFO - Sync 1 DAGs
[2023-08-19 05:25:19,303] {logging_mixin.py:115} INFO - [2023-08-19 05:25:19,303] {dag.py:2919} INFO - Setting next_dagrun for example_xcom to 2021-01-01T00:00:00+00:00, run_after=2021-01-01T00:00:00+00:00
[2023-08-19 05:25:19,333] {processor.py:161} INFO - Processing /home/airflow/.local/lib/python3.7/site-packages/airflow/example_dags/example_xcom.py took 0.417 seconds
[2023-08-19 05:25:49,867] {processor.py:153} INFO - Started process (PID=369) to work on /home/airflow/.local/lib/python3.7/site-packages/airflow/example_dags/example_xcom.py
[2023-08-19 05:25:49,868] {processor.py:641} INFO - Processing file /home/airflow/.local/lib/python3.7/site-packages/airflow/example_dags/example_xcom.py for tasks to queue
[2023-08-19 05:25:49,868] {logging_mixin.py:115} INFO - [2023-08-19 05:25:49,868] {dagbag.py:507} INFO - Filling up the DagBag from /home/airflow/.local/lib/python3.7/site-packages/airflow/example_dags/example_xcom.py
[2023-08-19 05:25:49,897] {processor.py:651} INFO - DAG(s) dict_keys(['example_xcom']) retrieved from /home/airflow/.local/lib/python3.7/site-packages/airflow/example_dags/example_xcom.py
[2023-08-19 05:25:50,126] {logging_mixin.py:115} INFO - [2023-08-19 05:25:50,126] {dag.py:2371} INFO - Sync 1 DAGs
[2023-08-19 05:25:50,147] {logging_mixin.py:115} INFO - [2023-08-19 05:25:50,147] {dag.py:2919} INFO - Setting next_dagrun for example_xcom to 2021-01-01T00:00:00+00:00, run_after=2021-01-01T00:00:00+00:00
[2023-08-19 05:25:50,168] {processor.py:161} INFO - Processing /home/airflow/.local/lib/python3.7/site-packages/airflow/example_dags/example_xcom.py took 0.304 seconds
[2023-08-19 05:26:20,657] {processor.py:153} INFO - Started process (PID=431) to work on /home/airflow/.local/lib/python3.7/site-packages/airflow/example_dags/example_xcom.py
[2023-08-19 05:26:20,658] {processor.py:641} INFO - Processing file /home/airflow/.local/lib/python3.7/site-packages/airflow/example_dags/example_xcom.py for tasks to queue
[2023-08-19 05:26:20,658] {logging_mixin.py:115} INFO - [2023-08-19 05:26:20,658] {dagbag.py:507} INFO - Filling up the DagBag from /home/airflow/.local/lib/python3.7/site-packages/airflow/example_dags/example_xcom.py
[2023-08-19 05:26:20,675] {processor.py:651} INFO - DAG(s) dict_keys(['example_xcom']) retrieved from /home/airflow/.local/lib/python3.7/site-packages/airflow/example_dags/example_xcom.py
[2023-08-19 05:26:20,861] {logging_mixin.py:115} INFO - [2023-08-19 05:26:20,861] {dag.py:2371} INFO - Sync 1 DAGs
[2023-08-19 05:26:20,881] {logging_mixin.py:115} INFO - [2023-08-19 05:26:20,881] {dag.py:2919} INFO - Setting next_dagrun for example_xcom to 2021-01-01T00:00:00+00:00, run_after=2021-01-01T00:00:00+00:00
[2023-08-19 05:26:20,894] {processor.py:161} INFO - Processing /home/airflow/.local/lib/python3.7/site-packages/airflow/example_dags/example_xcom.py took 0.239 seconds
[2023-08-19 05:26:51,068] {processor.py:153} INFO - Started process (PID=484) to work on /home/airflow/.local/lib/python3.7/site-packages/airflow/example_dags/example_xcom.py
[2023-08-19 05:26:51,068] {processor.py:641} INFO - Processing file /home/airflow/.local/lib/python3.7/site-packages/airflow/example_dags/example_xcom.py for tasks to queue
[2023-08-19 05:26:51,069] {logging_mixin.py:115} INFO - [2023-08-19 05:26:51,069] {dagbag.py:507} INFO - Filling up the DagBag from /home/airflow/.local/lib/python3.7/site-packages/airflow/example_dags/example_xcom.py
[2023-08-19 05:26:51,088] {processor.py:651} INFO - DAG(s) dict_keys(['example_xcom']) retrieved from /home/airflow/.local/lib/python3.7/site-packages/airflow/example_dags/example_xcom.py
[2023-08-19 05:26:51,114] {logging_mixin.py:115} INFO - [2023-08-19 05:26:51,114] {dag.py:2371} INFO - Sync 1 DAGs
[2023-08-19 05:26:51,255] {logging_mixin.py:115} INFO - [2023-08-19 05:26:51,255] {dag.py:2919} INFO - Setting next_dagrun for example_xcom to 2021-01-01T00:00:00+00:00, run_after=2021-01-01T00:00:00+00:00
[2023-08-19 05:26:51,266] {processor.py:161} INFO - Processing /home/airflow/.local/lib/python3.7/site-packages/airflow/example_dags/example_xcom.py took 0.202 seconds
[2023-08-19 05:27:21,509] {processor.py:153} INFO - Started process (PID=546) to work on /home/airflow/.local/lib/python3.7/site-packages/airflow/example_dags/example_xcom.py
[2023-08-19 05:27:21,510] {processor.py:641} INFO - Processing file /home/airflow/.local/lib/python3.7/site-packages/airflow/example_dags/example_xcom.py for tasks to queue
[2023-08-19 05:27:21,510] {logging_mixin.py:115} INFO - [2023-08-19 05:27:21,510] {dagbag.py:507} INFO - Filling up the DagBag from /home/airflow/.local/lib/python3.7/site-packages/airflow/example_dags/example_xcom.py
[2023-08-19 05:27:21,527] {processor.py:651} INFO - DAG(s) dict_keys(['example_xcom']) retrieved from /home/airflow/.local/lib/python3.7/site-packages/airflow/example_dags/example_xcom.py
[2023-08-19 05:27:21,552] {logging_mixin.py:115} INFO - [2023-08-19 05:27:21,552] {dag.py:2371} INFO - Sync 1 DAGs
[2023-08-19 05:27:21,692] {logging_mixin.py:115} INFO - [2023-08-19 05:27:21,692] {dag.py:2919} INFO - Setting next_dagrun for example_xcom to 2021-01-01T00:00:00+00:00, run_after=2021-01-01T00:00:00+00:00
[2023-08-19 05:27:21,703] {processor.py:161} INFO - Processing /home/airflow/.local/lib/python3.7/site-packages/airflow/example_dags/example_xcom.py took 0.197 seconds
[2023-08-19 05:27:52,842] {processor.py:153} INFO - Started process (PID=608) to work on /home/airflow/.local/lib/python3.7/site-packages/airflow/example_dags/example_xcom.py
[2023-08-19 05:27:52,844] {processor.py:641} INFO - Processing file /home/airflow/.local/lib/python3.7/site-packages/airflow/example_dags/example_xcom.py for tasks to queue
[2023-08-19 05:27:52,845] {logging_mixin.py:115} INFO - [2023-08-19 05:27:52,844] {dagbag.py:507} INFO - Filling up the DagBag from /home/airflow/.local/lib/python3.7/site-packages/airflow/example_dags/example_xcom.py
[2023-08-19 05:27:52,867] {processor.py:651} INFO - DAG(s) dict_keys(['example_xcom']) retrieved from /home/airflow/.local/lib/python3.7/site-packages/airflow/example_dags/example_xcom.py
[2023-08-19 05:27:52,926] {logging_mixin.py:115} INFO - [2023-08-19 05:27:52,926] {dag.py:2371} INFO - Sync 1 DAGs
[2023-08-19 05:27:53,284] {logging_mixin.py:115} INFO - [2023-08-19 05:27:53,283] {dag.py:2919} INFO - Setting next_dagrun for example_xcom to 2021-01-01T00:00:00+00:00, run_after=2021-01-01T00:00:00+00:00
[2023-08-19 05:27:53,321] {processor.py:161} INFO - Processing /home/airflow/.local/lib/python3.7/site-packages/airflow/example_dags/example_xcom.py took 0.482 seconds
[2023-08-19 05:28:23,395] {processor.py:153} INFO - Started process (PID=661) to work on /home/airflow/.local/lib/python3.7/site-packages/airflow/example_dags/example_xcom.py
[2023-08-19 05:28:23,396] {processor.py:641} INFO - Processing file /home/airflow/.local/lib/python3.7/site-packages/airflow/example_dags/example_xcom.py for tasks to queue
[2023-08-19 05:28:23,396] {logging_mixin.py:115} INFO - [2023-08-19 05:28:23,396] {dagbag.py:507} INFO - Filling up the DagBag from /home/airflow/.local/lib/python3.7/site-packages/airflow/example_dags/example_xcom.py
[2023-08-19 05:28:23,416] {processor.py:651} INFO - DAG(s) dict_keys(['example_xcom']) retrieved from /home/airflow/.local/lib/python3.7/site-packages/airflow/example_dags/example_xcom.py
[2023-08-19 05:28:23,596] {logging_mixin.py:115} INFO - [2023-08-19 05:28:23,596] {dag.py:2371} INFO - Sync 1 DAGs
[2023-08-19 05:28:23,615] {logging_mixin.py:115} INFO - [2023-08-19 05:28:23,615] {dag.py:2919} INFO - Setting next_dagrun for example_xcom to 2021-01-01T00:00:00+00:00, run_after=2021-01-01T00:00:00+00:00
[2023-08-19 05:28:23,626] {processor.py:161} INFO - Processing /home/airflow/.local/lib/python3.7/site-packages/airflow/example_dags/example_xcom.py took 0.233 seconds
[2023-08-19 05:28:54,147] {processor.py:153} INFO - Started process (PID=723) to work on /home/airflow/.local/lib/python3.7/site-packages/airflow/example_dags/example_xcom.py
[2023-08-19 05:28:54,148] {processor.py:641} INFO - Processing file /home/airflow/.local/lib/python3.7/site-packages/airflow/example_dags/example_xcom.py for tasks to queue
[2023-08-19 05:28:54,148] {logging_mixin.py:115} INFO - [2023-08-19 05:28:54,148] {dagbag.py:507} INFO - Filling up the DagBag from /home/airflow/.local/lib/python3.7/site-packages/airflow/example_dags/example_xcom.py
[2023-08-19 05:28:54,168] {processor.py:651} INFO - DAG(s) dict_keys(['example_xcom']) retrieved from /home/airflow/.local/lib/python3.7/site-packages/airflow/example_dags/example_xcom.py
[2023-08-19 05:28:54,197] {logging_mixin.py:115} INFO - [2023-08-19 05:28:54,197] {dag.py:2371} INFO - Sync 1 DAGs
[2023-08-19 05:28:54,480] {logging_mixin.py:115} INFO - [2023-08-19 05:28:54,480] {dag.py:2919} INFO - Setting next_dagrun for example_xcom to 2021-01-01T00:00:00+00:00, run_after=2021-01-01T00:00:00+00:00
[2023-08-19 05:28:54,504] {processor.py:161} INFO - Processing /home/airflow/.local/lib/python3.7/site-packages/airflow/example_dags/example_xcom.py took 0.359 seconds
