[2023-08-19 05:23:12,848] {processor.py:153} INFO - Started process (PID=73) to work on /home/airflow/.local/lib/python3.7/site-packages/airflow/example_dags/example_dag_decorator.py
[2023-08-19 05:23:12,848] {processor.py:641} INFO - Processing file /home/airflow/.local/lib/python3.7/site-packages/airflow/example_dags/example_dag_decorator.py for tasks to queue
[2023-08-19 05:23:12,849] {logging_mixin.py:115} INFO - [2023-08-19 05:23:12,849] {dagbag.py:507} INFO - Filling up the DagBag from /home/airflow/.local/lib/python3.7/site-packages/airflow/example_dags/example_dag_decorator.py
[2023-08-19 05:23:12,892] {processor.py:651} INFO - DAG(s) dict_keys(['example_dag_decorator']) retrieved from /home/airflow/.local/lib/python3.7/site-packages/airflow/example_dags/example_dag_decorator.py
[2023-08-19 05:23:13,182] {logging_mixin.py:115} INFO - [2023-08-19 05:23:13,182] {manager.py:508} INFO - Created Permission View: can read on DAG:example_dag_decorator
[2023-08-19 05:23:13,194] {logging_mixin.py:115} INFO - [2023-08-19 05:23:13,194] {manager.py:508} INFO - Created Permission View: can delete on DAG:example_dag_decorator
[2023-08-19 05:23:13,200] {logging_mixin.py:115} INFO - [2023-08-19 05:23:13,199] {manager.py:508} INFO - Created Permission View: can edit on DAG:example_dag_decorator
[2023-08-19 05:23:13,200] {logging_mixin.py:115} INFO - [2023-08-19 05:23:13,200] {dag.py:2371} INFO - Sync 1 DAGs
[2023-08-19 05:23:13,208] {logging_mixin.py:115} INFO - [2023-08-19 05:23:13,208] {dag.py:2390} INFO - Creating ORM DAG for example_dag_decorator
[2023-08-19 05:23:13,219] {logging_mixin.py:115} INFO - [2023-08-19 05:23:13,218] {dag.py:2919} INFO - Setting next_dagrun for example_dag_decorator to None, run_after=None
[2023-08-19 05:23:13,233] {processor.py:161} INFO - Processing /home/airflow/.local/lib/python3.7/site-packages/airflow/example_dags/example_dag_decorator.py took 0.388 seconds
[2023-08-19 05:23:44,288] {processor.py:153} INFO - Started process (PID=128) to work on /home/airflow/.local/lib/python3.7/site-packages/airflow/example_dags/example_dag_decorator.py
[2023-08-19 05:23:44,289] {processor.py:641} INFO - Processing file /home/airflow/.local/lib/python3.7/site-packages/airflow/example_dags/example_dag_decorator.py for tasks to queue
[2023-08-19 05:23:44,291] {logging_mixin.py:115} INFO - [2023-08-19 05:23:44,291] {dagbag.py:507} INFO - Filling up the DagBag from /home/airflow/.local/lib/python3.7/site-packages/airflow/example_dags/example_dag_decorator.py
[2023-08-19 05:23:44,326] {processor.py:651} INFO - DAG(s) dict_keys(['example_dag_decorator']) retrieved from /home/airflow/.local/lib/python3.7/site-packages/airflow/example_dags/example_dag_decorator.py
[2023-08-19 05:23:44,644] {logging_mixin.py:115} INFO - [2023-08-19 05:23:44,643] {dag.py:2371} INFO - Sync 1 DAGs
[2023-08-19 05:23:44,688] {logging_mixin.py:115} INFO - [2023-08-19 05:23:44,688] {dag.py:2919} INFO - Setting next_dagrun for example_dag_decorator to None, run_after=None
[2023-08-19 05:23:44,716] {processor.py:161} INFO - Processing /home/airflow/.local/lib/python3.7/site-packages/airflow/example_dags/example_dag_decorator.py took 0.432 seconds
[2023-08-19 05:24:14,915] {processor.py:153} INFO - Started process (PID=181) to work on /home/airflow/.local/lib/python3.7/site-packages/airflow/example_dags/example_dag_decorator.py
[2023-08-19 05:24:14,915] {processor.py:641} INFO - Processing file /home/airflow/.local/lib/python3.7/site-packages/airflow/example_dags/example_dag_decorator.py for tasks to queue
[2023-08-19 05:24:14,916] {logging_mixin.py:115} INFO - [2023-08-19 05:24:14,916] {dagbag.py:507} INFO - Filling up the DagBag from /home/airflow/.local/lib/python3.7/site-packages/airflow/example_dags/example_dag_decorator.py
[2023-08-19 05:24:14,950] {processor.py:651} INFO - DAG(s) dict_keys(['example_dag_decorator']) retrieved from /home/airflow/.local/lib/python3.7/site-packages/airflow/example_dags/example_dag_decorator.py
[2023-08-19 05:24:15,279] {logging_mixin.py:115} INFO - [2023-08-19 05:24:15,279] {dag.py:2371} INFO - Sync 1 DAGs
[2023-08-19 05:24:15,313] {logging_mixin.py:115} INFO - [2023-08-19 05:24:15,313] {dag.py:2919} INFO - Setting next_dagrun for example_dag_decorator to None, run_after=None
[2023-08-19 05:24:15,333] {processor.py:161} INFO - Processing /home/airflow/.local/lib/python3.7/site-packages/airflow/example_dags/example_dag_decorator.py took 0.422 seconds
[2023-08-19 05:24:45,448] {processor.py:153} INFO - Started process (PID=247) to work on /home/airflow/.local/lib/python3.7/site-packages/airflow/example_dags/example_dag_decorator.py
[2023-08-19 05:24:45,450] {processor.py:641} INFO - Processing file /home/airflow/.local/lib/python3.7/site-packages/airflow/example_dags/example_dag_decorator.py for tasks to queue
[2023-08-19 05:24:45,451] {logging_mixin.py:115} INFO - [2023-08-19 05:24:45,450] {dagbag.py:507} INFO - Filling up the DagBag from /home/airflow/.local/lib/python3.7/site-packages/airflow/example_dags/example_dag_decorator.py
[2023-08-19 05:24:45,491] {processor.py:651} INFO - DAG(s) dict_keys(['example_dag_decorator']) retrieved from /home/airflow/.local/lib/python3.7/site-packages/airflow/example_dags/example_dag_decorator.py
[2023-08-19 05:24:45,538] {logging_mixin.py:115} INFO - [2023-08-19 05:24:45,538] {dag.py:2371} INFO - Sync 1 DAGs
[2023-08-19 05:24:45,776] {logging_mixin.py:115} INFO - [2023-08-19 05:24:45,776] {dag.py:2919} INFO - Setting next_dagrun for example_dag_decorator to None, run_after=None
[2023-08-19 05:24:45,801] {processor.py:161} INFO - Processing /home/airflow/.local/lib/python3.7/site-packages/airflow/example_dags/example_dag_decorator.py took 0.357 seconds
[2023-08-19 05:25:15,949] {processor.py:153} INFO - Started process (PID=309) to work on /home/airflow/.local/lib/python3.7/site-packages/airflow/example_dags/example_dag_decorator.py
[2023-08-19 05:25:15,949] {processor.py:641} INFO - Processing file /home/airflow/.local/lib/python3.7/site-packages/airflow/example_dags/example_dag_decorator.py for tasks to queue
[2023-08-19 05:25:15,950] {logging_mixin.py:115} INFO - [2023-08-19 05:25:15,950] {dagbag.py:507} INFO - Filling up the DagBag from /home/airflow/.local/lib/python3.7/site-packages/airflow/example_dags/example_dag_decorator.py
[2023-08-19 05:25:15,985] {processor.py:651} INFO - DAG(s) dict_keys(['example_dag_decorator']) retrieved from /home/airflow/.local/lib/python3.7/site-packages/airflow/example_dags/example_dag_decorator.py
[2023-08-19 05:25:16,380] {logging_mixin.py:115} INFO - [2023-08-19 05:25:16,380] {dag.py:2371} INFO - Sync 1 DAGs
[2023-08-19 05:25:16,415] {logging_mixin.py:115} INFO - [2023-08-19 05:25:16,415] {dag.py:2919} INFO - Setting next_dagrun for example_dag_decorator to None, run_after=None
[2023-08-19 05:25:16,453] {processor.py:161} INFO - Processing /home/airflow/.local/lib/python3.7/site-packages/airflow/example_dags/example_dag_decorator.py took 0.510 seconds
[2023-08-19 05:25:46,692] {processor.py:153} INFO - Started process (PID=362) to work on /home/airflow/.local/lib/python3.7/site-packages/airflow/example_dags/example_dag_decorator.py
[2023-08-19 05:25:46,694] {processor.py:641} INFO - Processing file /home/airflow/.local/lib/python3.7/site-packages/airflow/example_dags/example_dag_decorator.py for tasks to queue
[2023-08-19 05:25:46,695] {logging_mixin.py:115} INFO - [2023-08-19 05:25:46,695] {dagbag.py:507} INFO - Filling up the DagBag from /home/airflow/.local/lib/python3.7/site-packages/airflow/example_dags/example_dag_decorator.py
[2023-08-19 05:25:46,727] {processor.py:651} INFO - DAG(s) dict_keys(['example_dag_decorator']) retrieved from /home/airflow/.local/lib/python3.7/site-packages/airflow/example_dags/example_dag_decorator.py
[2023-08-19 05:25:46,998] {logging_mixin.py:115} INFO - [2023-08-19 05:25:46,998] {dag.py:2371} INFO - Sync 1 DAGs
[2023-08-19 05:25:47,028] {logging_mixin.py:115} INFO - [2023-08-19 05:25:47,028] {dag.py:2919} INFO - Setting next_dagrun for example_dag_decorator to None, run_after=None
[2023-08-19 05:25:47,050] {processor.py:161} INFO - Processing /home/airflow/.local/lib/python3.7/site-packages/airflow/example_dags/example_dag_decorator.py took 0.363 seconds
[2023-08-19 05:26:17,400] {processor.py:153} INFO - Started process (PID=424) to work on /home/airflow/.local/lib/python3.7/site-packages/airflow/example_dags/example_dag_decorator.py
[2023-08-19 05:26:17,402] {processor.py:641} INFO - Processing file /home/airflow/.local/lib/python3.7/site-packages/airflow/example_dags/example_dag_decorator.py for tasks to queue
[2023-08-19 05:26:17,404] {logging_mixin.py:115} INFO - [2023-08-19 05:26:17,403] {dagbag.py:507} INFO - Filling up the DagBag from /home/airflow/.local/lib/python3.7/site-packages/airflow/example_dags/example_dag_decorator.py
[2023-08-19 05:26:17,452] {processor.py:651} INFO - DAG(s) dict_keys(['example_dag_decorator']) retrieved from /home/airflow/.local/lib/python3.7/site-packages/airflow/example_dags/example_dag_decorator.py
[2023-08-19 05:26:17,872] {logging_mixin.py:115} INFO - [2023-08-19 05:26:17,871] {dag.py:2371} INFO - Sync 1 DAGs
[2023-08-19 05:26:17,922] {logging_mixin.py:115} INFO - [2023-08-19 05:26:17,921] {dag.py:2919} INFO - Setting next_dagrun for example_dag_decorator to None, run_after=None
[2023-08-19 05:26:17,956] {processor.py:161} INFO - Processing /home/airflow/.local/lib/python3.7/site-packages/airflow/example_dags/example_dag_decorator.py took 0.559 seconds
[2023-08-19 05:26:48,048] {processor.py:153} INFO - Started process (PID=477) to work on /home/airflow/.local/lib/python3.7/site-packages/airflow/example_dags/example_dag_decorator.py
[2023-08-19 05:26:48,049] {processor.py:641} INFO - Processing file /home/airflow/.local/lib/python3.7/site-packages/airflow/example_dags/example_dag_decorator.py for tasks to queue
[2023-08-19 05:26:48,050] {logging_mixin.py:115} INFO - [2023-08-19 05:26:48,050] {dagbag.py:507} INFO - Filling up the DagBag from /home/airflow/.local/lib/python3.7/site-packages/airflow/example_dags/example_dag_decorator.py
[2023-08-19 05:26:48,086] {processor.py:651} INFO - DAG(s) dict_keys(['example_dag_decorator']) retrieved from /home/airflow/.local/lib/python3.7/site-packages/airflow/example_dags/example_dag_decorator.py
[2023-08-19 05:26:48,402] {logging_mixin.py:115} INFO - [2023-08-19 05:26:48,402] {dag.py:2371} INFO - Sync 1 DAGs
[2023-08-19 05:26:48,432] {logging_mixin.py:115} INFO - [2023-08-19 05:26:48,432] {dag.py:2919} INFO - Setting next_dagrun for example_dag_decorator to None, run_after=None
[2023-08-19 05:26:48,453] {processor.py:161} INFO - Processing /home/airflow/.local/lib/python3.7/site-packages/airflow/example_dags/example_dag_decorator.py took 0.408 seconds
[2023-08-19 05:27:18,547] {processor.py:153} INFO - Started process (PID=539) to work on /home/airflow/.local/lib/python3.7/site-packages/airflow/example_dags/example_dag_decorator.py
[2023-08-19 05:27:18,547] {processor.py:641} INFO - Processing file /home/airflow/.local/lib/python3.7/site-packages/airflow/example_dags/example_dag_decorator.py for tasks to queue
[2023-08-19 05:27:18,548] {logging_mixin.py:115} INFO - [2023-08-19 05:27:18,548] {dagbag.py:507} INFO - Filling up the DagBag from /home/airflow/.local/lib/python3.7/site-packages/airflow/example_dags/example_dag_decorator.py
[2023-08-19 05:27:18,580] {processor.py:651} INFO - DAG(s) dict_keys(['example_dag_decorator']) retrieved from /home/airflow/.local/lib/python3.7/site-packages/airflow/example_dags/example_dag_decorator.py
[2023-08-19 05:27:18,860] {logging_mixin.py:115} INFO - [2023-08-19 05:27:18,860] {dag.py:2371} INFO - Sync 1 DAGs
[2023-08-19 05:27:18,889] {logging_mixin.py:115} INFO - [2023-08-19 05:27:18,889] {dag.py:2919} INFO - Setting next_dagrun for example_dag_decorator to None, run_after=None
[2023-08-19 05:27:18,908] {processor.py:161} INFO - Processing /home/airflow/.local/lib/python3.7/site-packages/airflow/example_dags/example_dag_decorator.py took 0.364 seconds
[2023-08-19 05:27:49,372] {processor.py:153} INFO - Started process (PID=592) to work on /home/airflow/.local/lib/python3.7/site-packages/airflow/example_dags/example_dag_decorator.py
[2023-08-19 05:27:49,374] {processor.py:641} INFO - Processing file /home/airflow/.local/lib/python3.7/site-packages/airflow/example_dags/example_dag_decorator.py for tasks to queue
[2023-08-19 05:27:49,375] {logging_mixin.py:115} INFO - [2023-08-19 05:27:49,375] {dagbag.py:507} INFO - Filling up the DagBag from /home/airflow/.local/lib/python3.7/site-packages/airflow/example_dags/example_dag_decorator.py
[2023-08-19 05:27:49,420] {processor.py:651} INFO - DAG(s) dict_keys(['example_dag_decorator']) retrieved from /home/airflow/.local/lib/python3.7/site-packages/airflow/example_dags/example_dag_decorator.py
[2023-08-19 05:27:49,759] {logging_mixin.py:115} INFO - [2023-08-19 05:27:49,759] {dag.py:2371} INFO - Sync 1 DAGs
[2023-08-19 05:27:49,796] {logging_mixin.py:115} INFO - [2023-08-19 05:27:49,795] {dag.py:2919} INFO - Setting next_dagrun for example_dag_decorator to None, run_after=None
[2023-08-19 05:27:49,827] {processor.py:161} INFO - Processing /home/airflow/.local/lib/python3.7/site-packages/airflow/example_dags/example_dag_decorator.py took 0.462 seconds
[2023-08-19 05:28:20,037] {processor.py:153} INFO - Started process (PID=654) to work on /home/airflow/.local/lib/python3.7/site-packages/airflow/example_dags/example_dag_decorator.py
[2023-08-19 05:28:20,038] {processor.py:641} INFO - Processing file /home/airflow/.local/lib/python3.7/site-packages/airflow/example_dags/example_dag_decorator.py for tasks to queue
[2023-08-19 05:28:20,039] {logging_mixin.py:115} INFO - [2023-08-19 05:28:20,038] {dagbag.py:507} INFO - Filling up the DagBag from /home/airflow/.local/lib/python3.7/site-packages/airflow/example_dags/example_dag_decorator.py
[2023-08-19 05:28:20,089] {processor.py:651} INFO - DAG(s) dict_keys(['example_dag_decorator']) retrieved from /home/airflow/.local/lib/python3.7/site-packages/airflow/example_dags/example_dag_decorator.py
[2023-08-19 05:28:20,491] {logging_mixin.py:115} INFO - [2023-08-19 05:28:20,491] {dag.py:2371} INFO - Sync 1 DAGs
[2023-08-19 05:28:20,535] {logging_mixin.py:115} INFO - [2023-08-19 05:28:20,535] {dag.py:2919} INFO - Setting next_dagrun for example_dag_decorator to None, run_after=None
[2023-08-19 05:28:20,570] {processor.py:161} INFO - Processing /home/airflow/.local/lib/python3.7/site-packages/airflow/example_dags/example_dag_decorator.py took 0.538 seconds
[2023-08-19 05:28:50,763] {processor.py:153} INFO - Started process (PID=707) to work on /home/airflow/.local/lib/python3.7/site-packages/airflow/example_dags/example_dag_decorator.py
[2023-08-19 05:28:50,766] {processor.py:641} INFO - Processing file /home/airflow/.local/lib/python3.7/site-packages/airflow/example_dags/example_dag_decorator.py for tasks to queue
[2023-08-19 05:28:50,768] {logging_mixin.py:115} INFO - [2023-08-19 05:28:50,767] {dagbag.py:507} INFO - Filling up the DagBag from /home/airflow/.local/lib/python3.7/site-packages/airflow/example_dags/example_dag_decorator.py
[2023-08-19 05:28:50,801] {processor.py:651} INFO - DAG(s) dict_keys(['example_dag_decorator']) retrieved from /home/airflow/.local/lib/python3.7/site-packages/airflow/example_dags/example_dag_decorator.py
[2023-08-19 05:28:51,164] {logging_mixin.py:115} INFO - [2023-08-19 05:28:51,164] {dag.py:2371} INFO - Sync 1 DAGs
[2023-08-19 05:28:51,196] {logging_mixin.py:115} INFO - [2023-08-19 05:28:51,196] {dag.py:2919} INFO - Setting next_dagrun for example_dag_decorator to None, run_after=None
[2023-08-19 05:28:51,225] {processor.py:161} INFO - Processing /home/airflow/.local/lib/python3.7/site-packages/airflow/example_dags/example_dag_decorator.py took 0.466 seconds
