[2023-08-19 05:23:15,741] {processor.py:153} INFO - Started process (PID=85) to work on /home/airflow/.local/lib/python3.7/site-packages/airflow/example_dags/tutorial_taskflow_api_etl_virtualenv.py
[2023-08-19 05:23:15,741] {processor.py:641} INFO - Processing file /home/airflow/.local/lib/python3.7/site-packages/airflow/example_dags/tutorial_taskflow_api_etl_virtualenv.py for tasks to queue
[2023-08-19 05:23:15,743] {logging_mixin.py:115} INFO - [2023-08-19 05:23:15,742] {dagbag.py:507} INFO - Filling up the DagBag from /home/airflow/.local/lib/python3.7/site-packages/airflow/example_dags/tutorial_taskflow_api_etl_virtualenv.py
[2023-08-19 05:23:15,787] {processor.py:651} INFO - DAG(s) dict_keys(['tutorial_taskflow_api_etl_virtualenv']) retrieved from /home/airflow/.local/lib/python3.7/site-packages/airflow/example_dags/tutorial_taskflow_api_etl_virtualenv.py
[2023-08-19 05:23:16,500] {logging_mixin.py:115} INFO - [2023-08-19 05:23:16,500] {manager.py:508} INFO - Created Permission View: can read on DAG:tutorial_taskflow_api_etl_virtualenv
[2023-08-19 05:23:16,530] {logging_mixin.py:115} INFO - [2023-08-19 05:23:16,530] {manager.py:508} INFO - Created Permission View: can delete on DAG:tutorial_taskflow_api_etl_virtualenv
[2023-08-19 05:23:16,548] {logging_mixin.py:115} INFO - [2023-08-19 05:23:16,548] {manager.py:508} INFO - Created Permission View: can edit on DAG:tutorial_taskflow_api_etl_virtualenv
[2023-08-19 05:23:16,549] {logging_mixin.py:115} INFO - [2023-08-19 05:23:16,548] {dag.py:2371} INFO - Sync 1 DAGs
[2023-08-19 05:23:16,571] {logging_mixin.py:115} INFO - [2023-08-19 05:23:16,571] {dag.py:2390} INFO - Creating ORM DAG for tutorial_taskflow_api_etl_virtualenv
[2023-08-19 05:23:16,601] {logging_mixin.py:115} INFO - [2023-08-19 05:23:16,600] {dag.py:2919} INFO - Setting next_dagrun for tutorial_taskflow_api_etl_virtualenv to None, run_after=None
[2023-08-19 05:23:16,637] {processor.py:161} INFO - Processing /home/airflow/.local/lib/python3.7/site-packages/airflow/example_dags/tutorial_taskflow_api_etl_virtualenv.py took 0.901 seconds
[2023-08-19 05:23:46,779] {processor.py:153} INFO - Started process (PID=138) to work on /home/airflow/.local/lib/python3.7/site-packages/airflow/example_dags/tutorial_taskflow_api_etl_virtualenv.py
[2023-08-19 05:23:46,780] {processor.py:641} INFO - Processing file /home/airflow/.local/lib/python3.7/site-packages/airflow/example_dags/tutorial_taskflow_api_etl_virtualenv.py for tasks to queue
[2023-08-19 05:23:46,781] {logging_mixin.py:115} INFO - [2023-08-19 05:23:46,781] {dagbag.py:507} INFO - Filling up the DagBag from /home/airflow/.local/lib/python3.7/site-packages/airflow/example_dags/tutorial_taskflow_api_etl_virtualenv.py
[2023-08-19 05:23:46,809] {processor.py:651} INFO - DAG(s) dict_keys(['tutorial_taskflow_api_etl_virtualenv']) retrieved from /home/airflow/.local/lib/python3.7/site-packages/airflow/example_dags/tutorial_taskflow_api_etl_virtualenv.py
[2023-08-19 05:23:47,194] {logging_mixin.py:115} INFO - [2023-08-19 05:23:47,193] {dag.py:2371} INFO - Sync 1 DAGs
[2023-08-19 05:23:47,226] {logging_mixin.py:115} INFO - [2023-08-19 05:23:47,226] {dag.py:2919} INFO - Setting next_dagrun for tutorial_taskflow_api_etl_virtualenv to None, run_after=None
[2023-08-19 05:23:47,250] {processor.py:161} INFO - Processing /home/airflow/.local/lib/python3.7/site-packages/airflow/example_dags/tutorial_taskflow_api_etl_virtualenv.py took 0.475 seconds
[2023-08-19 05:24:17,421] {processor.py:153} INFO - Started process (PID=200) to work on /home/airflow/.local/lib/python3.7/site-packages/airflow/example_dags/tutorial_taskflow_api_etl_virtualenv.py
[2023-08-19 05:24:17,422] {processor.py:641} INFO - Processing file /home/airflow/.local/lib/python3.7/site-packages/airflow/example_dags/tutorial_taskflow_api_etl_virtualenv.py for tasks to queue
[2023-08-19 05:24:17,423] {logging_mixin.py:115} INFO - [2023-08-19 05:24:17,423] {dagbag.py:507} INFO - Filling up the DagBag from /home/airflow/.local/lib/python3.7/site-packages/airflow/example_dags/tutorial_taskflow_api_etl_virtualenv.py
[2023-08-19 05:24:17,452] {processor.py:651} INFO - DAG(s) dict_keys(['tutorial_taskflow_api_etl_virtualenv']) retrieved from /home/airflow/.local/lib/python3.7/site-packages/airflow/example_dags/tutorial_taskflow_api_etl_virtualenv.py
[2023-08-19 05:24:17,849] {logging_mixin.py:115} INFO - [2023-08-19 05:24:17,848] {dag.py:2371} INFO - Sync 1 DAGs
[2023-08-19 05:24:17,882] {logging_mixin.py:115} INFO - [2023-08-19 05:24:17,882] {dag.py:2919} INFO - Setting next_dagrun for tutorial_taskflow_api_etl_virtualenv to None, run_after=None
[2023-08-19 05:24:17,906] {processor.py:161} INFO - Processing /home/airflow/.local/lib/python3.7/site-packages/airflow/example_dags/tutorial_taskflow_api_etl_virtualenv.py took 0.489 seconds
[2023-08-19 05:24:48,289] {processor.py:153} INFO - Started process (PID=257) to work on /home/airflow/.local/lib/python3.7/site-packages/airflow/example_dags/tutorial_taskflow_api_etl_virtualenv.py
[2023-08-19 05:24:48,290] {processor.py:641} INFO - Processing file /home/airflow/.local/lib/python3.7/site-packages/airflow/example_dags/tutorial_taskflow_api_etl_virtualenv.py for tasks to queue
[2023-08-19 05:24:48,290] {logging_mixin.py:115} INFO - [2023-08-19 05:24:48,290] {dagbag.py:507} INFO - Filling up the DagBag from /home/airflow/.local/lib/python3.7/site-packages/airflow/example_dags/tutorial_taskflow_api_etl_virtualenv.py
[2023-08-19 05:24:48,315] {processor.py:651} INFO - DAG(s) dict_keys(['tutorial_taskflow_api_etl_virtualenv']) retrieved from /home/airflow/.local/lib/python3.7/site-packages/airflow/example_dags/tutorial_taskflow_api_etl_virtualenv.py
[2023-08-19 05:24:48,670] {logging_mixin.py:115} INFO - [2023-08-19 05:24:48,670] {dag.py:2371} INFO - Sync 1 DAGs
[2023-08-19 05:24:48,703] {logging_mixin.py:115} INFO - [2023-08-19 05:24:48,703] {dag.py:2919} INFO - Setting next_dagrun for tutorial_taskflow_api_etl_virtualenv to None, run_after=None
[2023-08-19 05:24:48,724] {processor.py:161} INFO - Processing /home/airflow/.local/lib/python3.7/site-packages/airflow/example_dags/tutorial_taskflow_api_etl_virtualenv.py took 0.439 seconds
[2023-08-19 05:25:19,511] {processor.py:153} INFO - Started process (PID=319) to work on /home/airflow/.local/lib/python3.7/site-packages/airflow/example_dags/tutorial_taskflow_api_etl_virtualenv.py
[2023-08-19 05:25:19,513] {processor.py:641} INFO - Processing file /home/airflow/.local/lib/python3.7/site-packages/airflow/example_dags/tutorial_taskflow_api_etl_virtualenv.py for tasks to queue
[2023-08-19 05:25:19,514] {logging_mixin.py:115} INFO - [2023-08-19 05:25:19,513] {dagbag.py:507} INFO - Filling up the DagBag from /home/airflow/.local/lib/python3.7/site-packages/airflow/example_dags/tutorial_taskflow_api_etl_virtualenv.py
[2023-08-19 05:25:19,540] {processor.py:651} INFO - DAG(s) dict_keys(['tutorial_taskflow_api_etl_virtualenv']) retrieved from /home/airflow/.local/lib/python3.7/site-packages/airflow/example_dags/tutorial_taskflow_api_etl_virtualenv.py
[2023-08-19 05:25:19,828] {logging_mixin.py:115} INFO - [2023-08-19 05:25:19,828] {dag.py:2371} INFO - Sync 1 DAGs
[2023-08-19 05:25:19,858] {logging_mixin.py:115} INFO - [2023-08-19 05:25:19,858] {dag.py:2919} INFO - Setting next_dagrun for tutorial_taskflow_api_etl_virtualenv to None, run_after=None
[2023-08-19 05:25:19,882] {processor.py:161} INFO - Processing /home/airflow/.local/lib/python3.7/site-packages/airflow/example_dags/tutorial_taskflow_api_etl_virtualenv.py took 0.375 seconds
[2023-08-19 05:25:50,230] {processor.py:153} INFO - Started process (PID=372) to work on /home/airflow/.local/lib/python3.7/site-packages/airflow/example_dags/tutorial_taskflow_api_etl_virtualenv.py
[2023-08-19 05:25:50,230] {processor.py:641} INFO - Processing file /home/airflow/.local/lib/python3.7/site-packages/airflow/example_dags/tutorial_taskflow_api_etl_virtualenv.py for tasks to queue
[2023-08-19 05:25:50,230] {logging_mixin.py:115} INFO - [2023-08-19 05:25:50,230] {dagbag.py:507} INFO - Filling up the DagBag from /home/airflow/.local/lib/python3.7/site-packages/airflow/example_dags/tutorial_taskflow_api_etl_virtualenv.py
[2023-08-19 05:25:50,247] {processor.py:651} INFO - DAG(s) dict_keys(['tutorial_taskflow_api_etl_virtualenv']) retrieved from /home/airflow/.local/lib/python3.7/site-packages/airflow/example_dags/tutorial_taskflow_api_etl_virtualenv.py
[2023-08-19 05:25:50,439] {logging_mixin.py:115} INFO - [2023-08-19 05:25:50,439] {dag.py:2371} INFO - Sync 1 DAGs
[2023-08-19 05:25:50,461] {logging_mixin.py:115} INFO - [2023-08-19 05:25:50,461] {dag.py:2919} INFO - Setting next_dagrun for tutorial_taskflow_api_etl_virtualenv to None, run_after=None
[2023-08-19 05:25:50,475] {processor.py:161} INFO - Processing /home/airflow/.local/lib/python3.7/site-packages/airflow/example_dags/tutorial_taskflow_api_etl_virtualenv.py took 0.248 seconds
[2023-08-19 05:26:21,000] {processor.py:153} INFO - Started process (PID=434) to work on /home/airflow/.local/lib/python3.7/site-packages/airflow/example_dags/tutorial_taskflow_api_etl_virtualenv.py
[2023-08-19 05:26:21,000] {processor.py:641} INFO - Processing file /home/airflow/.local/lib/python3.7/site-packages/airflow/example_dags/tutorial_taskflow_api_etl_virtualenv.py for tasks to queue
[2023-08-19 05:26:21,001] {logging_mixin.py:115} INFO - [2023-08-19 05:26:21,001] {dagbag.py:507} INFO - Filling up the DagBag from /home/airflow/.local/lib/python3.7/site-packages/airflow/example_dags/tutorial_taskflow_api_etl_virtualenv.py
[2023-08-19 05:26:21,018] {processor.py:651} INFO - DAG(s) dict_keys(['tutorial_taskflow_api_etl_virtualenv']) retrieved from /home/airflow/.local/lib/python3.7/site-packages/airflow/example_dags/tutorial_taskflow_api_etl_virtualenv.py
[2023-08-19 05:26:21,318] {logging_mixin.py:115} INFO - [2023-08-19 05:26:21,318] {dag.py:2371} INFO - Sync 1 DAGs
[2023-08-19 05:26:21,353] {logging_mixin.py:115} INFO - [2023-08-19 05:26:21,353] {dag.py:2919} INFO - Setting next_dagrun for tutorial_taskflow_api_etl_virtualenv to None, run_after=None
[2023-08-19 05:26:21,375] {processor.py:161} INFO - Processing /home/airflow/.local/lib/python3.7/site-packages/airflow/example_dags/tutorial_taskflow_api_etl_virtualenv.py took 0.378 seconds
[2023-08-19 05:26:51,587] {processor.py:153} INFO - Started process (PID=488) to work on /home/airflow/.local/lib/python3.7/site-packages/airflow/example_dags/tutorial_taskflow_api_etl_virtualenv.py
[2023-08-19 05:26:51,588] {processor.py:641} INFO - Processing file /home/airflow/.local/lib/python3.7/site-packages/airflow/example_dags/tutorial_taskflow_api_etl_virtualenv.py for tasks to queue
[2023-08-19 05:26:51,588] {logging_mixin.py:115} INFO - [2023-08-19 05:26:51,588] {dagbag.py:507} INFO - Filling up the DagBag from /home/airflow/.local/lib/python3.7/site-packages/airflow/example_dags/tutorial_taskflow_api_etl_virtualenv.py
[2023-08-19 05:26:51,605] {processor.py:651} INFO - DAG(s) dict_keys(['tutorial_taskflow_api_etl_virtualenv']) retrieved from /home/airflow/.local/lib/python3.7/site-packages/airflow/example_dags/tutorial_taskflow_api_etl_virtualenv.py
[2023-08-19 05:26:51,779] {logging_mixin.py:115} INFO - [2023-08-19 05:26:51,778] {dag.py:2371} INFO - Sync 1 DAGs
[2023-08-19 05:26:51,798] {logging_mixin.py:115} INFO - [2023-08-19 05:26:51,798] {dag.py:2919} INFO - Setting next_dagrun for tutorial_taskflow_api_etl_virtualenv to None, run_after=None
[2023-08-19 05:26:51,811] {processor.py:161} INFO - Processing /home/airflow/.local/lib/python3.7/site-packages/airflow/example_dags/tutorial_taskflow_api_etl_virtualenv.py took 0.227 seconds
[2023-08-19 05:27:21,861] {processor.py:153} INFO - Started process (PID=550) to work on /home/airflow/.local/lib/python3.7/site-packages/airflow/example_dags/tutorial_taskflow_api_etl_virtualenv.py
[2023-08-19 05:27:21,862] {processor.py:641} INFO - Processing file /home/airflow/.local/lib/python3.7/site-packages/airflow/example_dags/tutorial_taskflow_api_etl_virtualenv.py for tasks to queue
[2023-08-19 05:27:21,862] {logging_mixin.py:115} INFO - [2023-08-19 05:27:21,862] {dagbag.py:507} INFO - Filling up the DagBag from /home/airflow/.local/lib/python3.7/site-packages/airflow/example_dags/tutorial_taskflow_api_etl_virtualenv.py
[2023-08-19 05:27:21,880] {processor.py:651} INFO - DAG(s) dict_keys(['tutorial_taskflow_api_etl_virtualenv']) retrieved from /home/airflow/.local/lib/python3.7/site-packages/airflow/example_dags/tutorial_taskflow_api_etl_virtualenv.py
[2023-08-19 05:27:22,075] {logging_mixin.py:115} INFO - [2023-08-19 05:27:22,074] {dag.py:2371} INFO - Sync 1 DAGs
[2023-08-19 05:27:22,096] {logging_mixin.py:115} INFO - [2023-08-19 05:27:22,096] {dag.py:2919} INFO - Setting next_dagrun for tutorial_taskflow_api_etl_virtualenv to None, run_after=None
[2023-08-19 05:27:22,109] {processor.py:161} INFO - Processing /home/airflow/.local/lib/python3.7/site-packages/airflow/example_dags/tutorial_taskflow_api_etl_virtualenv.py took 0.250 seconds
[2023-08-19 05:27:53,601] {processor.py:153} INFO - Started process (PID=611) to work on /home/airflow/.local/lib/python3.7/site-packages/airflow/example_dags/tutorial_taskflow_api_etl_virtualenv.py
[2023-08-19 05:27:53,603] {processor.py:641} INFO - Processing file /home/airflow/.local/lib/python3.7/site-packages/airflow/example_dags/tutorial_taskflow_api_etl_virtualenv.py for tasks to queue
[2023-08-19 05:27:53,604] {logging_mixin.py:115} INFO - [2023-08-19 05:27:53,604] {dagbag.py:507} INFO - Filling up the DagBag from /home/airflow/.local/lib/python3.7/site-packages/airflow/example_dags/tutorial_taskflow_api_etl_virtualenv.py
[2023-08-19 05:27:53,632] {processor.py:651} INFO - DAG(s) dict_keys(['tutorial_taskflow_api_etl_virtualenv']) retrieved from /home/airflow/.local/lib/python3.7/site-packages/airflow/example_dags/tutorial_taskflow_api_etl_virtualenv.py
[2023-08-19 05:27:54,036] {logging_mixin.py:115} INFO - [2023-08-19 05:27:54,036] {dag.py:2371} INFO - Sync 1 DAGs
[2023-08-19 05:27:54,080] {logging_mixin.py:115} INFO - [2023-08-19 05:27:54,080] {dag.py:2919} INFO - Setting next_dagrun for tutorial_taskflow_api_etl_virtualenv to None, run_after=None
[2023-08-19 05:27:54,118] {processor.py:161} INFO - Processing /home/airflow/.local/lib/python3.7/site-packages/airflow/example_dags/tutorial_taskflow_api_etl_virtualenv.py took 0.522 seconds
[2023-08-19 05:28:24,849] {processor.py:153} INFO - Started process (PID=664) to work on /home/airflow/.local/lib/python3.7/site-packages/airflow/example_dags/tutorial_taskflow_api_etl_virtualenv.py
[2023-08-19 05:28:24,849] {processor.py:641} INFO - Processing file /home/airflow/.local/lib/python3.7/site-packages/airflow/example_dags/tutorial_taskflow_api_etl_virtualenv.py for tasks to queue
[2023-08-19 05:28:24,850] {logging_mixin.py:115} INFO - [2023-08-19 05:28:24,850] {dagbag.py:507} INFO - Filling up the DagBag from /home/airflow/.local/lib/python3.7/site-packages/airflow/example_dags/tutorial_taskflow_api_etl_virtualenv.py
[2023-08-19 05:28:24,864] {processor.py:651} INFO - DAG(s) dict_keys(['tutorial_taskflow_api_etl_virtualenv']) retrieved from /home/airflow/.local/lib/python3.7/site-packages/airflow/example_dags/tutorial_taskflow_api_etl_virtualenv.py
[2023-08-19 05:28:25,074] {logging_mixin.py:115} INFO - [2023-08-19 05:28:25,074] {dag.py:2371} INFO - Sync 1 DAGs
[2023-08-19 05:28:25,095] {logging_mixin.py:115} INFO - [2023-08-19 05:28:25,095] {dag.py:2919} INFO - Setting next_dagrun for tutorial_taskflow_api_etl_virtualenv to None, run_after=None
[2023-08-19 05:28:25,110] {processor.py:161} INFO - Processing /home/airflow/.local/lib/python3.7/site-packages/airflow/example_dags/tutorial_taskflow_api_etl_virtualenv.py took 0.264 seconds
[2023-08-19 05:28:55,766] {processor.py:153} INFO - Started process (PID=726) to work on /home/airflow/.local/lib/python3.7/site-packages/airflow/example_dags/tutorial_taskflow_api_etl_virtualenv.py
[2023-08-19 05:28:55,768] {processor.py:641} INFO - Processing file /home/airflow/.local/lib/python3.7/site-packages/airflow/example_dags/tutorial_taskflow_api_etl_virtualenv.py for tasks to queue
[2023-08-19 05:28:55,769] {logging_mixin.py:115} INFO - [2023-08-19 05:28:55,769] {dagbag.py:507} INFO - Filling up the DagBag from /home/airflow/.local/lib/python3.7/site-packages/airflow/example_dags/tutorial_taskflow_api_etl_virtualenv.py
[2023-08-19 05:28:55,792] {processor.py:651} INFO - DAG(s) dict_keys(['tutorial_taskflow_api_etl_virtualenv']) retrieved from /home/airflow/.local/lib/python3.7/site-packages/airflow/example_dags/tutorial_taskflow_api_etl_virtualenv.py
[2023-08-19 05:28:56,033] {logging_mixin.py:115} INFO - [2023-08-19 05:28:56,033] {dag.py:2371} INFO - Sync 1 DAGs
[2023-08-19 05:28:56,059] {logging_mixin.py:115} INFO - [2023-08-19 05:28:56,058] {dag.py:2919} INFO - Setting next_dagrun for tutorial_taskflow_api_etl_virtualenv to None, run_after=None
[2023-08-19 05:28:56,072] {processor.py:161} INFO - Processing /home/airflow/.local/lib/python3.7/site-packages/airflow/example_dags/tutorial_taskflow_api_etl_virtualenv.py took 0.309 seconds
