[2023-08-20T11:23:55.671+0000] {taskinstance.py:1159} INFO - Dependencies all met for dep_context=non-requeueable deps ti=<TaskInstance: download_rocket_launches.download_launches manual__2023-08-20T11:23:54.511186+00:00 [queued]>
[2023-08-20T11:23:55.688+0000] {taskinstance.py:1159} INFO - Dependencies all met for dep_context=requeueable deps ti=<TaskInstance: download_rocket_launches.download_launches manual__2023-08-20T11:23:54.511186+00:00 [queued]>
[2023-08-20T11:23:55.688+0000] {taskinstance.py:1361} INFO - Starting attempt 1 of 1
[2023-08-20T11:23:55.712+0000] {taskinstance.py:1382} INFO - Executing <Task(BashOperator): download_launches> on 2023-08-20 11:23:54.511186+00:00
[2023-08-20T11:23:55.721+0000] {standard_task_runner.py:57} INFO - Started process 2781 to run task
[2023-08-20T11:23:55.728+0000] {standard_task_runner.py:84} INFO - Running: ['***', 'tasks', 'run', 'download_rocket_launches', 'download_launches', 'manual__2023-08-20T11:23:54.511186+00:00', '--job-id', '13', '--raw', '--subdir', 'DAGS_FOLDER/rocket_launch.py', '--cfg-path', '/tmp/tmpdbq_uqcf']
[2023-08-20T11:23:55.729+0000] {standard_task_runner.py:85} INFO - Job 13: Subtask download_launches
[2023-08-20T11:23:55.805+0000] {task_command.py:415} INFO - Running <TaskInstance: download_rocket_launches.download_launches manual__2023-08-20T11:23:54.511186+00:00 [running]> on host 83683a92d346
[2023-08-20T11:23:55.924+0000] {taskinstance.py:1660} INFO - Exporting env vars: AIRFLOW_CTX_DAG_OWNER='***' AIRFLOW_CTX_DAG_ID='download_rocket_launches' AIRFLOW_CTX_TASK_ID='download_launches' AIRFLOW_CTX_EXECUTION_DATE='2023-08-20T11:23:54.511186+00:00' AIRFLOW_CTX_TRY_NUMBER='1' AIRFLOW_CTX_DAG_RUN_ID='manual__2023-08-20T11:23:54.511186+00:00'
[2023-08-20T11:23:55.927+0000] {subprocess.py:63} INFO - Tmp dir root location: /tmp
[2023-08-20T11:23:55.928+0000] {subprocess.py:75} INFO - Running command: ['/bin/bash', '-c', "curl -o /tmp/launches.json -L 'https://ll.thespacedevs.com/2.0.0/launch/upcoming'"]
[2023-08-20T11:23:55.951+0000] {subprocess.py:86} INFO - Output:
[2023-08-20T11:23:55.970+0000] {subprocess.py:93} INFO -   % Total    % Received % Xferd  Average Speed   Time    Time     Time  Current
[2023-08-20T11:23:55.971+0000] {subprocess.py:93} INFO -                                  Dload  Upload   Total   Spent    Left  Speed
[2023-08-20T11:23:56.925+0000] {subprocess.py:93} INFO -   0     0    0     0    0     0      0      0 --:--:-- --:--:-- --:--:--     0  0     0    0     0    0     0      0      0 --:--:-- --:--:-- --:--:--     0  0     0    0     0    0     0      0      0 --:--:-- --:--:-- --:--:--     0
[2023-08-20T11:23:58.510+0000] {subprocess.py:93} INFO -   0     0    0     0    0     0      0      0 --:--:--  0:00:01 --:--:--     0100 26682  100 26682    0     0  10508      0  0:00:02  0:00:02 --:--:-- 45845100 26682  100 26682    0     0  10504      0  0:00:02  0:00:02 --:--:-- 45845
[2023-08-20T11:23:58.516+0000] {subprocess.py:97} INFO - Command exited with return code 0
[2023-08-20T11:23:58.586+0000] {taskinstance.py:1400} INFO - Marking task as SUCCESS. dag_id=download_rocket_launches, task_id=download_launches, execution_date=20230820T112354, start_date=20230820T112355, end_date=20230820T112358
[2023-08-20T11:23:58.640+0000] {local_task_job_runner.py:228} INFO - Task exited with return code 0
[2023-08-20T11:23:58.717+0000] {taskinstance.py:2784} INFO - 1 downstream tasks scheduled from follow-on schedule check
